warm-start train/checkpoints/ppo_vb_best.pt
Exported numpy weights (58 arrays) -> train/checkpoints/explore_baseline.npz
mode=league pool_size=1 shape=0.02 add_every=0
Exported numpy weights (58 arrays) -> train/checkpoints/explore_rollout.npz
iter   1  win%=3.0 draw%=90.7 samples=71577 pool=1 loss=0.006 (114s)
Exported numpy weights (58 arrays) -> train/checkpoints/explore_rollout.npz
iter   2  win%=2.9 draw%=91.1 samples=71473 pool=1 loss=-0.001 (112s)
Exported numpy weights (58 arrays) -> train/checkpoints/explore_rollout.npz
iter   3  win%=4.6 draw%=87.9 samples=71079 pool=1 loss=0.020 (109s)
Exported numpy weights (58 arrays) -> train/checkpoints/explore_rollout.npz
iter   4  win%=3.0 draw%=90.6 samples=71271 pool=1 loss=0.014 (111s)
Exported numpy weights (58 arrays) -> train/checkpoints/explore_rollout.npz
Exported numpy weights (58 arrays) -> train/checkpoints/explore_rollout.npz
Exported numpy weights (58 arrays) -> train/checkpoints/explore_best_weights.npz
iter   5  win%=3.2 draw%=90.9 samples=71438 pool=1 loss=0.002 (116s)  | vs-baseline net=+476 *BEST*
Exported numpy weights (58 arrays) -> train/checkpoints/explore_rollout.npz
iter   6  win%=3.3 draw%=90.4 samples=71677 pool=1 loss=0.013 (113s)
Exported numpy weights (58 arrays) -> train/checkpoints/explore_rollout.npz
iter   7  win%=3.3 draw%=89.6 samples=71302 pool=1 loss=-0.007 (116s)
Exported numpy weights (58 arrays) -> train/checkpoints/explore_rollout.npz
iter   8  win%=3.3 draw%=90.3 samples=71577 pool=1 loss=0.004 (114s)
Exported numpy weights (58 arrays) -> train/checkpoints/explore_rollout.npz
iter   9  win%=2.5 draw%=90.8 samples=71648 pool=1 loss=0.019 (113s)
Exported numpy weights (58 arrays) -> train/checkpoints/explore_rollout.npz
Exported numpy weights (58 arrays) -> train/checkpoints/explore_rollout.npz
iter  10  win%=3.2 draw%=90.3 samples=71820 pool=1 loss=-0.004 (117s)  | vs-baseline net=+138
Exported numpy weights (58 arrays) -> train/checkpoints/explore_rollout.npz
iter  11  win%=2.6 draw%=89.3 samples=71554 pool=1 loss=-0.003 (113s)
Exported numpy weights (58 arrays) -> train/checkpoints/explore_rollout.npz
iter  12  win%=3.1 draw%=89.9 samples=71497 pool=1 loss=0.002 (112s)
Exported numpy weights (58 arrays) -> train/checkpoints/explore_rollout.npz
iter  13  win%=2.5 draw%=89.1 samples=71450 pool=1 loss=-0.003 (113s)
Exported numpy weights (58 arrays) -> train/checkpoints/explore_rollout.npz
iter  14  win%=3.2 draw%=89.9 samples=71840 pool=1 loss=0.013 (120s)
Exported numpy weights (58 arrays) -> train/checkpoints/explore_rollout.npz
Exported numpy weights (58 arrays) -> train/checkpoints/explore_rollout.npz
iter  15  win%=2.5 draw%=90.3 samples=71589 pool=1 loss=-0.012 (115s)  | vs-baseline net=-40
Exported numpy weights (58 arrays) -> train/checkpoints/explore_rollout.npz
iter  16  win%=2.1 draw%=90.9 samples=71532 pool=1 loss=-0.012 (113s)
Exported numpy weights (58 arrays) -> train/checkpoints/explore_rollout.npz
iter  17  win%=1.9 draw%=91.1 samples=71801 pool=1 loss=-0.018 (118s)
Exported numpy weights (58 arrays) -> train/checkpoints/explore_rollout.npz
iter  18  win%=2.1 draw%=90.3 samples=71669 pool=1 loss=-0.001 (117s)
Exported numpy weights (58 arrays) -> train/checkpoints/explore_rollout.npz
iter  19  win%=2.1 draw%=90.6 samples=71648 pool=1 loss=-0.017 (120s)
Exported numpy weights (58 arrays) -> train/checkpoints/explore_rollout.npz
Exported numpy weights (58 arrays) -> train/checkpoints/explore_rollout.npz
iter  20  win%=2.1 draw%=90.6 samples=71824 pool=1 loss=-0.012 (115s)  | vs-baseline net=-68
Exported numpy weights (58 arrays) -> train/checkpoints/explore_rollout.npz
iter  21  win%=1.8 draw%=91.7 samples=71743 pool=1 loss=-0.012 (116s)
Exported numpy weights (58 arrays) -> train/checkpoints/explore_rollout.npz
iter  22  win%=2.3 draw%=90.3 samples=71692 pool=1 loss=-0.003 (118s)
Exported numpy weights (58 arrays) -> train/checkpoints/explore_rollout.npz
iter  23  win%=2.8 draw%=90.4 samples=71815 pool=1 loss=-0.001 (111s)
Exported numpy weights (58 arrays) -> train/checkpoints/explore_rollout.npz
iter  24  win%=2.1 draw%=90.4 samples=71644 pool=1 loss=-0.021 (124s)
Exported numpy weights (58 arrays) -> train/checkpoints/explore_rollout.npz
Exported numpy weights (58 arrays) -> train/checkpoints/explore_rollout.npz
iter  25  win%=2.2 draw%=91.3 samples=71511 pool=1 loss=-0.006 (221s)  | vs-baseline net=-114
Exported numpy weights (58 arrays) -> train/checkpoints/explore_rollout.npz
iter  26  win%=2.6 draw%=90.1 samples=71783 pool=1 loss=-0.008 (118s)
Exported numpy weights (58 arrays) -> train/checkpoints/explore_rollout.npz
iter  27  win%=2.1 draw%=90.0 samples=71426 pool=1 loss=-0.013 (120s)
Exported numpy weights (58 arrays) -> train/checkpoints/explore_rollout.npz
iter  28  win%=2.3 draw%=90.6 samples=71717 pool=1 loss=-0.009 (116s)
Exported numpy weights (58 arrays) -> train/checkpoints/explore_rollout.npz
iter  29  win%=1.9 draw%=91.5 samples=71671 pool=1 loss=-0.008 (117s)
Exported numpy weights (58 arrays) -> train/checkpoints/explore_rollout.npz
Exported numpy weights (58 arrays) -> train/checkpoints/explore_rollout.npz
iter  30  win%=2.8 draw%=90.7 samples=71749 pool=1 loss=-0.007 (128s)  | vs-baseline net=-218
Exported numpy weights (58 arrays) -> train/checkpoints/explore_rollout.npz
iter  31  win%=2.3 draw%=90.0 samples=71670 pool=1 loss=-0.008 (116s)
Exported numpy weights (58 arrays) -> train/checkpoints/explore_rollout.npz
iter  32  win%=2.5 draw%=89.8 samples=71930 pool=1 loss=-0.012 (117s)
Exported numpy weights (58 arrays) -> train/checkpoints/explore_rollout.npz
iter  33  win%=2.5 draw%=90.6 samples=72090 pool=1 loss=-0.011 (114s)
Exported numpy weights (58 arrays) -> train/checkpoints/explore_rollout.npz
iter  34  win%=2.1 draw%=91.1 samples=71800 pool=1 loss=-0.011 (119s)
Exported numpy weights (58 arrays) -> train/checkpoints/explore_rollout.npz
Exported numpy weights (58 arrays) -> train/checkpoints/explore_rollout.npz
iter  35  win%=1.6 draw%=90.5 samples=72342 pool=1 loss=-0.012 (113s)  | vs-baseline net=+50
Exported numpy weights (58 arrays) -> train/checkpoints/explore_rollout.npz
iter  36  win%=1.7 draw%=91.6 samples=72069 pool=1 loss=-0.022 (120s)
Exported numpy weights (58 arrays) -> train/checkpoints/explore_rollout.npz
iter  37  win%=2.7 draw%=90.5 samples=72335 pool=1 loss=0.001 (118s)
Exported numpy weights (58 arrays) -> train/checkpoints/explore_rollout.npz
iter  38  win%=1.5 draw%=90.1 samples=72121 pool=1 loss=-0.029 (117s)
Exported numpy weights (58 arrays) -> train/checkpoints/explore_rollout.npz
iter  39  win%=2.2 draw%=90.7 samples=72343 pool=1 loss=-0.013 (117s)
Exported numpy weights (58 arrays) -> train/checkpoints/explore_rollout.npz
Exported numpy weights (58 arrays) -> train/checkpoints/explore_rollout.npz
iter  40  win%=1.3 draw%=91.3 samples=72496 pool=1 loss=-0.013 (118s)  | vs-baseline net=-92
Exported numpy weights (58 arrays) -> train/checkpoints/explore_rollout.npz
iter  41  win%=1.5 draw%=90.9 samples=72606 pool=1 loss=-0.022 (116s)
Exported numpy weights (58 arrays) -> train/checkpoints/explore_rollout.npz
iter  42  win%=1.2 draw%=90.4 samples=72638 pool=1 loss=-0.017 (115s)
Exported numpy weights (58 arrays) -> train/checkpoints/explore_rollout.npz
iter  43  win%=0.9 draw%=91.3 samples=72529 pool=1 loss=-0.025 (134s)
Exported numpy weights (58 arrays) -> train/checkpoints/explore_rollout.npz
iter  44  win%=1.4 draw%=90.5 samples=72874 pool=1 loss=-0.012 (114s)
Exported numpy weights (58 arrays) -> train/checkpoints/explore_rollout.npz
Exported numpy weights (58 arrays) -> train/checkpoints/explore_rollout.npz
iter  45  win%=1.5 draw%=89.9 samples=72600 pool=1 loss=-0.020 (118s)  | vs-baseline net=+58
Exported numpy weights (58 arrays) -> train/checkpoints/explore_weights.npz
done
