Device: cuda  |  1,177,069 train / 130,786 val
GPU: NVIDIA GeForce RTX 3060
/home/coder/IJCAI-mahjong/train/train_bc_v2.py:164: FutureWarning: `torch.cuda.amp.GradScaler(args...)` is deprecated. Please use `torch.amp.GradScaler('cuda', args...)` instead.
  scaler = GradScaler(enabled=(device.type=="cuda"))
Model params: 3,442,028  (hidden=512 blocks=6)
/home/coder/IJCAI-mahjong/train/train_bc_v2.py:181: FutureWarning: `torch.cuda.amp.autocast(args...)` is deprecated. Please use `torch.amp.autocast('cuda', args...)` instead.
  with autocast(enabled=(device.type=="cuda")):
/home/coder/IJCAI-mahjong/train/train_bc_v2.py:200: FutureWarning: `torch.cuda.amp.autocast(args...)` is deprecated. Please use `torch.amp.autocast('cuda', args...)` instead.
  with autocast(enabled=(device.type=="cuda")):
Epoch   1/100  tr_loss=1.8457 tr_acc=0.362  va_loss=1.7858 va_acc=0.371 *
Epoch   2/100  tr_loss=1.7719 tr_acc=0.384  va_loss=1.7374 va_acc=0.403 *
Epoch   3/100  tr_loss=1.7479 tr_acc=0.396  va_loss=1.7238 va_acc=0.402 *
Epoch   4/100  tr_loss=1.7327 tr_acc=0.403  va_loss=1.7268 va_acc=0.411  
Epoch   5/100  tr_loss=1.7204 tr_acc=0.409  va_loss=1.6947 va_acc=0.420 *
Epoch   6/100  tr_loss=1.7110 tr_acc=0.412  va_loss=1.7136 va_acc=0.403  
Epoch   7/100  tr_loss=1.7001 tr_acc=0.416  va_loss=1.6836 va_acc=0.423 *
Epoch   8/100  tr_loss=1.6865 tr_acc=0.421  va_loss=1.6698 va_acc=0.424 *
Epoch   9/100  tr_loss=1.6736 tr_acc=0.425  va_loss=1.6527 va_acc=0.431 *
Epoch  10/100  tr_loss=1.6614 tr_acc=0.430  va_loss=1.6310 va_acc=0.440 *
Epoch  11/100  tr_loss=1.6484 tr_acc=0.435  va_loss=1.6251 va_acc=0.444 *
Epoch  12/100  tr_loss=1.6364 tr_acc=0.441  va_loss=1.5952 va_acc=0.464 *
Epoch  13/100  tr_loss=1.6238 tr_acc=0.446  va_loss=1.6019 va_acc=0.459  
Epoch  14/100  tr_loss=1.6135 tr_acc=0.451  va_loss=1.5902 va_acc=0.460 *
Epoch  15/100  tr_loss=1.6036 tr_acc=0.456  va_loss=1.5957 va_acc=0.460  
Epoch  16/100  tr_loss=1.6006 tr_acc=0.457  va_loss=1.5779 va_acc=0.467 *
Epoch  17/100  tr_loss=1.5904 tr_acc=0.462  va_loss=1.5610 va_acc=0.477 *
Epoch  18/100  tr_loss=1.5908 tr_acc=0.462  va_loss=1.5588 va_acc=0.479 *
Epoch  19/100  tr_loss=1.5780 tr_acc=0.468  va_loss=1.5914 va_acc=0.464  
Epoch  20/100  tr_loss=1.5765 tr_acc=0.469  va_loss=1.5549 va_acc=0.481 *
Epoch  21/100  tr_loss=1.5731 tr_acc=0.470  va_loss=1.5452 va_acc=0.486 *
Epoch  22/100  tr_loss=1.5689 tr_acc=0.473  va_loss=1.5378 va_acc=0.488 *
Epoch  23/100  tr_loss=1.5689 tr_acc=0.472  va_loss=1.5394 va_acc=0.490  
Epoch  24/100  tr_loss=1.5578 tr_acc=0.477  va_loss=1.5341 va_acc=0.490 *
Epoch  25/100  tr_loss=1.5556 tr_acc=0.479  va_loss=1.5456 va_acc=0.488  
Epoch  26/100  tr_loss=1.5596 tr_acc=0.477  va_loss=1.5431 va_acc=0.491  
Epoch  27/100  tr_loss=1.5506 tr_acc=0.482  va_loss=1.5252 va_acc=0.496 *
Epoch  28/100  tr_loss=1.5470 tr_acc=0.483  va_loss=1.5152 va_acc=0.502 *
Epoch  29/100  tr_loss=1.5422 tr_acc=0.485  va_loss=1.5516 va_acc=0.487  
Epoch  30/100  tr_loss=1.5422 tr_acc=0.485  va_loss=1.5064 va_acc=0.507 *
Epoch  31/100  tr_loss=1.5362 tr_acc=0.488  va_loss=1.5099 va_acc=0.503  
Epoch  32/100  tr_loss=1.5309 tr_acc=0.490  va_loss=1.5073 va_acc=0.504  
Epoch  33/100  tr_loss=1.5334 tr_acc=0.489  va_loss=1.5247 va_acc=0.503  
Epoch  34/100  tr_loss=1.5274 tr_acc=0.492  va_loss=1.5111 va_acc=0.505  
Epoch  35/100  tr_loss=1.5250 tr_acc=0.493  va_loss=1.5036 va_acc=0.509 *
Epoch  36/100  tr_loss=1.5227 tr_acc=0.494  va_loss=1.4995 va_acc=0.508 *
Epoch  37/100  tr_loss=1.5196 tr_acc=0.495  va_loss=1.5116 va_acc=0.499  
Epoch  38/100  tr_loss=1.5157 tr_acc=0.497  va_loss=1.5044 va_acc=0.505  
Epoch  39/100  tr_loss=1.5183 tr_acc=0.496  va_loss=1.4898 va_acc=0.516 *
Epoch  40/100  tr_loss=1.5123 tr_acc=0.499  va_loss=1.4952 va_acc=0.513  
Epoch  41/100  tr_loss=1.5072 tr_acc=0.501  va_loss=1.4915 va_acc=0.515  
Epoch  42/100  tr_loss=1.5061 tr_acc=0.501  va_loss=1.4797 va_acc=0.519 *
Epoch  43/100  tr_loss=1.5040 tr_acc=0.502  va_loss=1.4982 va_acc=0.507  
Epoch  44/100  tr_loss=1.5003 tr_acc=0.504  va_loss=1.4801 va_acc=0.518  
Epoch  45/100  tr_loss=1.5017 tr_acc=0.502  va_loss=1.5021 va_acc=0.503  
Epoch  46/100  tr_loss=1.4953 tr_acc=0.506  va_loss=1.4723 va_acc=0.524 *
Epoch  47/100  tr_loss=1.4931 tr_acc=0.507  va_loss=1.4836 va_acc=0.519  
Epoch  48/100  tr_loss=1.4906 tr_acc=0.509  va_loss=1.4854 va_acc=0.516  
Epoch  49/100  tr_loss=1.4887 tr_acc=0.509  va_loss=1.4684 va_acc=0.525 *
Epoch  50/100  tr_loss=1.4849 tr_acc=0.511  va_loss=1.4813 va_acc=0.517  
Epoch  51/100  tr_loss=1.4843 tr_acc=0.511  va_loss=1.4708 va_acc=0.523  
Epoch  52/100  tr_loss=1.4812 tr_acc=0.512  va_loss=1.4688 va_acc=0.524  
Epoch  53/100  tr_loss=1.4791 tr_acc=0.513  va_loss=1.4710 va_acc=0.524  
Epoch  54/100  tr_loss=1.4776 tr_acc=0.514  va_loss=1.4611 va_acc=0.529 *
Epoch  55/100  tr_loss=1.4750 tr_acc=0.515  va_loss=1.4758 va_acc=0.518  
Epoch  56/100  tr_loss=1.4721 tr_acc=0.516  va_loss=1.4611 va_acc=0.528  
Epoch  57/100  tr_loss=1.4699 tr_acc=0.518  va_loss=1.4608 va_acc=0.530 *
Epoch  58/100  tr_loss=1.4686 tr_acc=0.518  va_loss=1.4547 va_acc=0.533 *
Epoch  59/100  tr_loss=1.4662 tr_acc=0.519  va_loss=1.4637 va_acc=0.530  
Epoch  60/100  tr_loss=1.4642 tr_acc=0.520  va_loss=1.4571 va_acc=0.531  
Epoch  61/100  tr_loss=1.4621 tr_acc=0.520  va_loss=1.4749 va_acc=0.519  
Epoch  62/100  tr_loss=1.4603 tr_acc=0.521  va_loss=1.4539 va_acc=0.532 *
Epoch  63/100  tr_loss=1.4594 tr_acc=0.522  va_loss=1.4606 va_acc=0.524  
Epoch  64/100  tr_loss=1.4563 tr_acc=0.523  va_loss=1.4524 va_acc=0.532 *
Epoch  65/100  tr_loss=1.4543 tr_acc=0.523  va_loss=1.4472 va_acc=0.536 *
Epoch  66/100  tr_loss=1.4523 tr_acc=0.524  va_loss=1.4535 va_acc=0.531  
Epoch  67/100  tr_loss=1.4515 tr_acc=0.525  va_loss=1.4462 va_acc=0.534 *
Epoch  68/100  tr_loss=1.4496 tr_acc=0.525  va_loss=1.4468 va_acc=0.535  
Epoch  69/100  tr_loss=1.4485 tr_acc=0.526  va_loss=1.4449 va_acc=0.537 *
Epoch  70/100  tr_loss=1.4467 tr_acc=0.527  va_loss=1.4430 va_acc=0.538 *
Epoch  71/100  tr_loss=1.4447 tr_acc=0.527  va_loss=1.4439 va_acc=0.536  
Epoch  72/100  tr_loss=1.4427 tr_acc=0.528  va_loss=1.4485 va_acc=0.534  
Epoch  73/100  tr_loss=1.4418 tr_acc=0.529  va_loss=1.4421 va_acc=0.537 *
Epoch  74/100  tr_loss=1.4396 tr_acc=0.530  va_loss=1.4455 va_acc=0.535  
Epoch  75/100  tr_loss=1.4381 tr_acc=0.530  va_loss=1.4399 va_acc=0.538 *
Epoch  76/100  tr_loss=1.4370 tr_acc=0.531  va_loss=1.4395 va_acc=0.540 *
Epoch  77/100  tr_loss=1.4356 tr_acc=0.531  va_loss=1.4426 va_acc=0.537  
Epoch  78/100  tr_loss=1.4347 tr_acc=0.532  va_loss=1.4384 va_acc=0.540 *
Epoch  79/100  tr_loss=1.4333 tr_acc=0.532  va_loss=1.4426 va_acc=0.537  
Epoch  80/100  tr_loss=1.4317 tr_acc=0.533  va_loss=1.4374 va_acc=0.540 *
Epoch  81/100  tr_loss=1.4309 tr_acc=0.533  va_loss=1.4378 va_acc=0.540  
Epoch  82/100  tr_loss=1.4298 tr_acc=0.533  va_loss=1.4413 va_acc=0.537  
Epoch  83/100  tr_loss=1.4285 tr_acc=0.534  va_loss=1.4367 va_acc=0.541 *
Epoch  84/100  tr_loss=1.4277 tr_acc=0.534  va_loss=1.4363 va_acc=0.541 *
Epoch  85/100  tr_loss=1.4266 tr_acc=0.535  va_loss=1.4371 va_acc=0.540  
Epoch  86/100  tr_loss=1.4263 tr_acc=0.535  va_loss=1.4350 va_acc=0.542 *
Epoch  87/100  tr_loss=1.4249 tr_acc=0.536  va_loss=1.4360 va_acc=0.540  
Epoch  88/100  tr_loss=1.4242 tr_acc=0.536  va_loss=1.4353 va_acc=0.541  
Epoch  89/100  tr_loss=1.4231 tr_acc=0.536  va_loss=1.4328 va_acc=0.542 *
Epoch  90/100  tr_loss=1.4226 tr_acc=0.536  va_loss=1.4336 va_acc=0.543  
Epoch  91/100  tr_loss=1.4223 tr_acc=0.537  va_loss=1.4347 va_acc=0.542  
Epoch  92/100  tr_loss=1.4217 tr_acc=0.537  va_loss=1.4342 va_acc=0.542  
Epoch  93/100  tr_loss=1.4213 tr_acc=0.537  va_loss=1.4337 va_acc=0.542  
Epoch  94/100  tr_loss=1.4208 tr_acc=0.537  va_loss=1.4342 va_acc=0.541  
Epoch  95/100  tr_loss=1.4205 tr_acc=0.537  va_loss=1.4333 va_acc=0.542  
Epoch  96/100  tr_loss=1.4199 tr_acc=0.538  va_loss=1.4338 va_acc=0.542  
Epoch  97/100  tr_loss=1.4203 tr_acc=0.537  va_loss=1.4337 va_acc=0.542  
Epoch  98/100  tr_loss=1.4194 tr_acc=0.537  va_loss=1.4338 va_acc=0.542  
Epoch  99/100  tr_loss=1.4197 tr_acc=0.537  va_loss=1.4334 va_acc=0.542  
Epoch 100/100  tr_loss=1.4199 tr_acc=0.538  va_loss=1.4337 va_acc=0.542  

Best: epoch 89  val_loss=1.4328
Exported numpy weights (58 arrays) -> train/checkpoints/bc_v2_weights.npz
