[
	{
		"keep_running": false,
		"memory": 382,
		"output": {
			"command": "request",
			"content": {
				"0": "0 0 2",
				"1": "0 1 2",
				"2": "0 2 2",
				"3": "0 3 2"
			},
			"display": {
				"action": "INIT",
				"canHu": [
					0,
					0,
					0,
					0
				],
				"quan": 2,
				"srand": 1780467893,
				"tileCnt": [
					21,
					21,
					21,
					21
				]
			}
		},
		"time": 1,
		"verdict": "OK"
	},
	{
		"0": {
			"keep_running": false,
			"memory": 512,
			"time": 703,
			"verdict": "OK",
			"response": "PASS"
		},
		"1": {
			"keep_running": false,
			"memory": 512,
			"time": 695,
			"verdict": "OK",
			"response": "PASS"
		},
		"2": {
			"keep_running": false,
			"memory": 511,
			"time": 686,
			"verdict": "OK",
			"response": "PASS"
		},
		"3": {
			"keep_running": false,
			"memory": 511,
			"time": 680,
			"verdict": "OK",
			"response": "PASS"
		}
	},
	{
		"keep_running": false,
		"memory": 357,
		"output": {
			"command": "request",
			"content": {
				"0": "1 0 0 0 0 W3 F4 T2 B2 B6 B1 T7 T5 T6 B9 T9 T6 F3",
				"1": "1 0 0 0 0 B1 W5 T1 T3 W7 B7 F3 J3 W3 F1 T8 W6 B4",
				"2": "1 0 0 0 0 B3 T7 F2 T5 W9 T3 T3 B2 W3 W5 B4 J1 F1",
				"3": "1 0 0 0 0 B1 W7 B7 B3 J1 T4 W9 W2 B9 J2 W7 T1 T5"
			},
			"display": {
				"action": "DEAL",
				"canHu": [
					-4,
					-4,
					-4,
					-4
				],
				"hand": [
					[
						"W3",
						"F4",
						"T2",
						"B2",
						"B6",
						"B1",
						"T7",
						"T5",
						"T6",
						"B9",
						"T9",
						"T6",
						"F3"
					],
					[
						"B1",
						"W5",
						"T1",
						"T3",
						"W7",
						"B7",
						"F3",
						"J3",
						"W3",
						"F1",
						"T8",
						"W6",
						"B4"
					],
					[
						"B3",
						"T7",
						"F2",
						"T5",
						"W9",
						"T3",
						"T3",
						"B2",
						"W3",
						"W5",
						"B4",
						"J1",
						"F1"
					],
					[
						"B1",
						"W7",
						"B7",
						"B3",
						"J1",
						"T4",
						"W9",
						"W2",
						"B9",
						"J2",
						"W7",
						"T1",
						"T5"
					]
				],
				"tileCnt": [
					21,
					21,
					21,
					21
				]
			}
		},
		"time": 1,
		"verdict": "OK"
	},
	{
		"0": {
			"keep_running": false,
			"memory": 511,
			"time": 694,
			"verdict": "OK",
			"response": "PASS"
		},
		"1": {
			"keep_running": false,
			"memory": 511,
			"time": 679,
			"verdict": "OK",
			"response": "PASS"
		},
		"2": {
			"keep_running": false,
			"memory": 511,
			"time": 686,
			"verdict": "OK",
			"response": "PASS"
		},
		"3": {
			"keep_running": false,
			"memory": 511,
			"time": 705,
			"verdict": "OK",
			"response": "PASS"
		}
	},
	{
		"keep_running": false,
		"memory": 357,
		"output": {
			"command": "request",
			"content": {
				"0": "2 W5",
				"1": "3 0 DRAW",
				"2": "3 0 DRAW",
				"3": "3 0 DRAW"
			},
			"display": {
				"action": "DRAW",
				"canHu": [
					-3,
					-4,
					-4,
					-4
				],
				"player": 0,
				"tile": "W5",
				"tileCnt": [
					20,
					21,
					21,
					21
				]
			}
		},
		"time": 1,
		"verdict": "OK"
	},
	{
		"0": {
			"keep_running": false,
			"memory": 511,
			"time": 707,
			"verdict": "OK",
			"response": "PLAY F4"
		},
		"1": {
			"keep_running": false,
			"memory": 512,
			"time": 684,
			"verdict": "OK",
			"response": "PASS"
		},
		"2": {
			"keep_running": false,
			"memory": 511,
			"time": 684,
			"verdict": "OK",
			"response": "PASS"
		},
		"3": {
			"keep_running": false,
			"memory": 511,
			"time": 700,
			"verdict": "OK",
			"response": "PASS"
		}
	},
	{
		"keep_running": false,
		"memory": 357,
		"output": {
			"command": "request",
			"content": {
				"0": "3 0 PLAY F4",
				"1": "3 0 PLAY F4",
				"2": "3 0 PLAY F4",
				"3": "3 0 PLAY F4"
			},
			"display": {
				"action": "PLAY",
				"canHu": [
					-4,
					-3,
					-3,
					-3
				],
				"player": 0,
				"tile": "F4",
				"tileCnt": [
					20,
					21,
					21,
					21
				]
			}
		},
		"time": 1,
		"verdict": "OK"
	},
	{
		"0": {
			"keep_running": false,
			"memory": 511,
			"time": 695,
			"verdict": "OK",
			"response": "PASS"
		},
		"1": {
			"keep_running": false,
			"memory": 511,
			"time": 690,
			"verdict": "OK",
			"response": "PASS"
		},
		"2": {
			"keep_running": false,
			"memory": 511,
			"time": 690,
			"verdict": "OK",
			"response": "PASS"
		},
		"3": {
			"keep_running": false,
			"memory": 511,
			"time": 686,
			"verdict": "OK",
			"response": "PASS"
		}
	},
	{
		"keep_running": false,
		"memory": 357,
		"output": {
			"command": "request",
			"content": {
				"0": "3 1 DRAW",
				"1": "2 J3",
				"2": "3 1 DRAW",
				"3": "3 1 DRAW"
			},
			"display": {
				"action": "DRAW",
				"canHu": [
					-4,
					-3,
					-4,
					-4
				],
				"player": 1,
				"tile": "J3",
				"tileCnt": [
					20,
					20,
					21,
					21
				]
			}
		},
		"time": 1,
		"verdict": "OK"
	},
	{
		"0": {
			"keep_running": false,
			"memory": 511,
			"time": 672,
			"verdict": "OK",
			"response": "PASS"
		},
		"1": {
			"keep_running": false,
			"memory": 511,
			"time": 693,
			"verdict": "OK",
			"response": "PLAY T1"
		},
		"2": {
			"keep_running": false,
			"memory": 511,
			"time": 680,
			"verdict": "OK",
			"response": "PASS"
		},
		"3": {
			"keep_running": false,
			"memory": 511,
			"time": 675,
			"verdict": "OK",
			"response": "PASS"
		}
	},
	{
		"keep_running": false,
		"memory": 357,
		"output": {
			"command": "request",
			"content": {
				"0": "3 1 PLAY T1",
				"1": "3 1 PLAY T1",
				"2": "3 1 PLAY T1",
				"3": "3 1 PLAY T1"
			},
			"display": {
				"action": "PLAY",
				"canHu": [
					-3,
					-4,
					-3,
					-3
				],
				"player": 1,
				"tile": "T1",
				"tileCnt": [
					20,
					20,
					21,
					21
				]
			}
		},
		"time": 1,
		"verdict": "OK"
	},
	{
		"0": {
			"keep_running": false,
			"memory": 511,
			"time": 685,
			"verdict": "OK",
			"response": "PASS"
		},
		"1": {
			"keep_running": false,
			"memory": 511,
			"time": 676,
			"verdict": "OK",
			"response": "PASS"
		},
		"2": {
			"keep_running": false,
			"memory": 511,
			"time": 685,
			"verdict": "OK",
			"response": "PASS"
		},
		"3": {
			"keep_running": false,
			"memory": 511,
			"time": 691,
			"verdict": "OK",
			"response": "PASS"
		}
	},
	{
		"keep_running": false,
		"memory": 357,
		"output": {
			"command": "request",
			"content": {
				"0": "3 2 DRAW",
				"1": "3 2 DRAW",
				"2": "2 T6",
				"3": "3 2 DRAW"
			},
			"display": {
				"action": "DRAW",
				"canHu": [
					-4,
					-4,
					-3,
					-4
				],
				"player": 2,
				"tile": "T6",
				"tileCnt": [
					20,
					20,
					20,
					21
				]
			}
		},
		"time": 2,
		"verdict": "OK"
	},
	{
		"0": {
			"keep_running": false,
			"memory": 511,
			"time": 686,
			"verdict": "OK",
			"response": "PASS"
		},
		"1": {
			"keep_running": false,
			"memory": 511,
			"time": 676,
			"verdict": "OK",
			"response": "PASS"
		},
		"2": {
			"keep_running": false,
			"memory": 511,
			"time": 691,
			"verdict": "OK",
			"response": "PLAY F2"
		},
		"3": {
			"keep_running": false,
			"memory": 511,
			"time": 679,
			"verdict": "OK",
			"response": "PASS"
		}
	},
	{
		"keep_running": false,
		"memory": 357,
		"output": {
			"command": "request",
			"content": {
				"0": "3 2 PLAY F2",
				"1": "3 2 PLAY F2",
				"2": "3 2 PLAY F2",
				"3": "3 2 PLAY F2"
			},
			"display": {
				"action": "PLAY",
				"canHu": [
					-3,
					-3,
					-4,
					-3
				],
				"player": 2,
				"tile": "F2",
				"tileCnt": [
					20,
					20,
					20,
					21
				]
			}
		},
		"time": 2,
		"verdict": "OK"
	},
	{
		"0": {
			"keep_running": false,
			"memory": 511,
			"time": 699,
			"verdict": "OK",
			"response": "PASS"
		},
		"1": {
			"keep_running": false,
			"memory": 511,
			"time": 689,
			"verdict": "OK",
			"response": "PASS"
		},
		"2": {
			"keep_running": false,
			"memory": 511,
			"time": 672,
			"verdict": "OK",
			"response": "PASS"
		},
		"3": {
			"keep_running": false,
			"memory": 511,
			"time": 681,
			"verdict": "OK",
			"response": "PASS"
		}
	},
	{
		"keep_running": false,
		"memory": 357,
		"output": {
			"command": "request",
			"content": {
				"0": "3 3 DRAW",
				"1": "3 3 DRAW",
				"2": "3 3 DRAW",
				"3": "2 J2"
			},
			"display": {
				"action": "DRAW",
				"canHu": [
					-4,
					-4,
					-4,
					-3
				],
				"player": 3,
				"tile": "J2",
				"tileCnt": [
					20,
					20,
					20,
					20
				]
			}
		},
		"time": 2,
		"verdict": "OK"
	},
	{
		"0": {
			"keep_running": false,
			"memory": 511,
			"time": 676,
			"verdict": "OK",
			"response": "PASS"
		},
		"1": {
			"keep_running": false,
			"memory": 511,
			"time": 672,
			"verdict": "OK",
			"response": "PASS"
		},
		"2": {
			"keep_running": false,
			"memory": 511,
			"time": 669,
			"verdict": "OK",
			"response": "PASS"
		},
		"3": {
			"keep_running": false,
			"memory": 511,
			"time": 686,
			"verdict": "OK",
			"response": "PLAY T1"
		}
	},
	{
		"keep_running": false,
		"memory": 357,
		"output": {
			"command": "request",
			"content": {
				"0": "3 3 PLAY T1",
				"1": "3 3 PLAY T1",
				"2": "3 3 PLAY T1",
				"3": "3 3 PLAY T1"
			},
			"display": {
				"action": "PLAY",
				"canHu": [
					-3,
					-3,
					-3,
					-4
				],
				"player": 3,
				"tile": "T1",
				"tileCnt": [
					20,
					20,
					20,
					20
				]
			}
		},
		"time": 2,
		"verdict": "OK"
	},
	{
		"0": {
			"keep_running": false,
			"memory": 511,
			"time": 688,
			"verdict": "OK",
			"response": "PASS"
		},
		"1": {
			"keep_running": false,
			"memory": 511,
			"time": 697,
			"verdict": "OK",
			"response": "PASS"
		},
		"2": {
			"keep_running": false,
			"memory": 511,
			"time": 700,
			"verdict": "OK",
			"response": "PASS"
		},
		"3": {
			"keep_running": false,
			"memory": 511,
			"time": 688,
			"verdict": "OK",
			"response": "PASS"
		}
	},
	{
		"keep_running": false,
		"memory": 357,
		"output": {
			"command": "request",
			"content": {
				"0": "2 T4",
				"1": "3 0 DRAW",
				"2": "3 0 DRAW",
				"3": "3 0 DRAW"
			},
			"display": {
				"action": "DRAW",
				"canHu": [
					-3,
					-4,
					-4,
					-4
				],
				"player": 0,
				"tile": "T4",
				"tileCnt": [
					19,
					20,
					20,
					20
				]
			}
		},
		"time": 2,
		"verdict": "OK"
	},
	{
		"0": {
			"keep_running": false,
			"memory": 511,
			"time": 700,
			"verdict": "OK",
			"response": "PLAY F3"
		},
		"1": {
			"keep_running": false,
			"memory": 511,
			"time": 672,
			"verdict": "OK",
			"response": "PASS"
		},
		"2": {
			"keep_running": false,
			"memory": 511,
			"time": 672,
			"verdict": "OK",
			"response": "PASS"
		},
		"3": {
			"keep_running": false,
			"memory": 511,
			"time": 680,
			"verdict": "OK",
			"response": "PASS"
		}
	},
	{
		"keep_running": false,
		"memory": 357,
		"output": {
			"command": "request",
			"content": {
				"0": "3 0 PLAY F3",
				"1": "3 0 PLAY F3",
				"2": "3 0 PLAY F3",
				"3": "3 0 PLAY F3"
			},
			"display": {
				"action": "PLAY",
				"canHu": [
					-4,
					-3,
					-3,
					-3
				],
				"player": 0,
				"tile": "F3",
				"tileCnt": [
					19,
					20,
					20,
					20
				]
			}
		},
		"time": 2,
		"verdict": "OK"
	},
	{
		"0": {
			"keep_running": false,
			"memory": 511,
			"time": 678,
			"verdict": "OK",
			"response": "PASS"
		},
		"1": {
			"keep_running": false,
			"memory": 511,
			"time": 693,
			"verdict": "OK",
			"response": "PASS"
		},
		"2": {
			"keep_running": false,
			"memory": 511,
			"time": 690,
			"verdict": "OK",
			"response": "PASS"
		},
		"3": {
			"keep_running": false,
			"memory": 511,
			"time": 687,
			"verdict": "OK",
			"response": "PASS"
		}
	},
	{
		"keep_running": false,
		"memory": 357,
		"output": {
			"command": "request",
			"content": {
				"0": "3 1 DRAW",
				"1": "2 B1",
				"2": "3 1 DRAW",
				"3": "3 1 DRAW"
			},
			"display": {
				"action": "DRAW",
				"canHu": [
					-4,
					-3,
					-4,
					-4
				],
				"player": 1,
				"tile": "B1",
				"tileCnt": [
					19,
					19,
					20,
					20
				]
			}
		},
		"time": 1,
		"verdict": "OK"
	},
	{
		"0": {
			"keep_running": false,
			"memory": 511,
			"time": 673,
			"verdict": "OK",
			"response": "PASS"
		},
		"1": {
			"keep_running": false,
			"memory": 511,
			"time": 684,
			"verdict": "OK",
			"response": "PLAY T3"
		},
		"2": {
			"keep_running": false,
			"memory": 511,
			"time": 672,
			"verdict": "OK",
			"response": "PASS"
		},
		"3": {
			"keep_running": false,
			"memory": 511,
			"time": 675,
			"verdict": "OK",
			"response": "PASS"
		}
	},
	{
		"keep_running": false,
		"memory": 357,
		"output": {
			"command": "request",
			"content": {
				"0": "3 1 PLAY T3",
				"1": "3 1 PLAY T3",
				"2": "3 1 PLAY T3",
				"3": "3 1 PLAY T3"
			},
			"display": {
				"action": "PLAY",
				"canHu": [
					-3,
					-4,
					-3,
					-3
				],
				"player": 1,
				"tile": "T3",
				"tileCnt": [
					19,
					19,
					20,
					20
				]
			}
		},
		"time": 2,
		"verdict": "OK"
	},
	{
		"0": {
			"keep_running": false,
			"memory": 511,
			"time": 682,
			"verdict": "OK",
			"response": "PASS"
		},
		"1": {
			"keep_running": false,
			"memory": 511,
			"time": 681,
			"verdict": "OK",
			"response": "PASS"
		},
		"2": {
			"keep_running": false,
			"memory": 511,
			"time": 693,
			"verdict": "OK",
			"response": "PASS"
		},
		"3": {
			"keep_running": false,
			"memory": 511,
			"time": 691,
			"verdict": "OK",
			"response": "PASS"
		}
	},
	{
		"keep_running": false,
		"memory": 357,
		"output": {
			"command": "request",
			"content": {
				"0": "3 2 DRAW",
				"1": "3 2 DRAW",
				"2": "2 W4",
				"3": "3 2 DRAW"
			},
			"display": {
				"action": "DRAW",
				"canHu": [
					-4,
					-4,
					-3,
					-4
				],
				"player": 2,
				"tile": "W4",
				"tileCnt": [
					19,
					19,
					19,
					20
				]
			}
		},
		"time": 2,
		"verdict": "OK"
	},
	{
		"0": {
			"keep_running": false,
			"memory": 511,
			"time": 674,
			"verdict": "OK",
			"response": "PASS"
		},
		"1": {
			"keep_running": false,
			"memory": 511,
			"time": 669,
			"verdict": "OK",
			"response": "PASS"
		},
		"2": {
			"keep_running": false,
			"memory": 512,
			"time": 685,
			"verdict": "OK",
			"response": "PLAY F1"
		},
		"3": {
			"keep_running": false,
			"memory": 511,
			"time": 686,
			"verdict": "OK",
			"response": "PASS"
		}
	},
	{
		"keep_running": false,
		"memory": 357,
		"output": {
			"command": "request",
			"content": {
				"0": "3 2 PLAY F1",
				"1": "3 2 PLAY F1",
				"2": "3 2 PLAY F1",
				"3": "3 2 PLAY F1"
			},
			"display": {
				"action": "PLAY",
				"canHu": [
					-3,
					-3,
					-4,
					-3
				],
				"player": 2,
				"tile": "F1",
				"tileCnt": [
					19,
					19,
					19,
					20
				]
			}
		},
		"time": 1,
		"verdict": "OK"
	},
	{
		"0": {
			"keep_running": false,
			"memory": 511,
			"time": 703,
			"verdict": "OK",
			"response": "PASS"
		},
		"1": {
			"keep_running": false,
			"memory": 511,
			"time": 699,
			"verdict": "OK",
			"response": "PASS"
		},
		"2": {
			"keep_running": false,
			"memory": 511,
			"time": 676,
			"verdict": "OK",
			"response": "PASS"
		},
		"3": {
			"keep_running": false,
			"memory": 511,
			"time": 689,
			"verdict": "OK",
			"response": "PASS"
		}
	},
	{
		"keep_running": false,
		"memory": 357,
		"output": {
			"command": "request",
			"content": {
				"0": "3 3 DRAW",
				"1": "3 3 DRAW",
				"2": "3 3 DRAW",
				"3": "2 J1"
			},
			"display": {
				"action": "DRAW",
				"canHu": [
					-4,
					-4,
					-4,
					-3
				],
				"player": 3,
				"tile": "J1",
				"tileCnt": [
					19,
					19,
					19,
					19
				]
			}
		},
		"time": 2,
		"verdict": "OK"
	},
	{
		"0": {
			"keep_running": false,
			"memory": 511,
			"time": 673,
			"verdict": "OK",
			"response": "PASS"
		},
		"1": {
			"keep_running": false,
			"memory": 511,
			"time": 673,
			"verdict": "OK",
			"response": "PASS"
		},
		"2": {
			"keep_running": false,
			"memory": 511,
			"time": 672,
			"verdict": "OK",
			"response": "PASS"
		},
		"3": {
			"keep_running": false,
			"memory": 511,
			"time": 690,
			"verdict": "OK",
			"response": "PLAY W2"
		}
	},
	{
		"keep_running": false,
		"memory": 357,
		"output": {
			"command": "request",
			"content": {
				"0": "3 3 PLAY W2",
				"1": "3 3 PLAY W2",
				"2": "3 3 PLAY W2",
				"3": "3 3 PLAY W2"
			},
			"display": {
				"action": "PLAY",
				"canHu": [
					-3,
					-3,
					-3,
					-4
				],
				"player": 3,
				"tile": "W2",
				"tileCnt": [
					19,
					19,
					19,
					19
				]
			}
		},
		"time": 2,
		"verdict": "OK"
	},
	{
		"0": {
			"keep_running": false,
			"memory": 511,
			"time": 694,
			"verdict": "OK",
			"response": "PASS"
		},
		"1": {
			"keep_running": false,
			"memory": 511,
			"time": 685,
			"verdict": "OK",
			"response": "PASS"
		},
		"2": {
			"keep_running": false,
			"memory": 511,
			"time": 682,
			"verdict": "OK",
			"response": "PASS"
		},
		"3": {
			"keep_running": false,
			"memory": 511,
			"time": 673,
			"verdict": "OK",
			"response": "PASS"
		}
	},
	{
		"keep_running": false,
		"memory": 357,
		"output": {
			"command": "request",
			"content": {
				"0": "2 B3",
				"1": "3 0 DRAW",
				"2": "3 0 DRAW",
				"3": "3 0 DRAW"
			},
			"display": {
				"action": "DRAW",
				"canHu": [
					-3,
					-4,
					-4,
					-4
				],
				"player": 0,
				"tile": "B3",
				"tileCnt": [
					18,
					19,
					19,
					19
				]
			}
		},
		"time": 2,
		"verdict": "OK"
	},
	{
		"0": {
			"keep_running": false,
			"memory": 511,
			"time": 690,
			"verdict": "OK",
			"response": "PLAY B9"
		},
		"1": {
			"keep_running": false,
			"memory": 511,
			"time": 672,
			"verdict": "OK",
			"response": "PASS"
		},
		"2": {
			"keep_running": false,
			"memory": 511,
			"time": 672,
			"verdict": "OK",
			"response": "PASS"
		},
		"3": {
			"keep_running": false,
			"memory": 511,
			"time": 672,
			"verdict": "OK",
			"response": "PASS"
		}
	},
	{
		"keep_running": false,
		"memory": 357,
		"output": {
			"command": "request",
			"content": {
				"0": "3 0 PLAY B9",
				"1": "3 0 PLAY B9",
				"2": "3 0 PLAY B9",
				"3": "3 0 PLAY B9"
			},
			"display": {
				"action": "PLAY",
				"canHu": [
					-4,
					-3,
					-3,
					-3
				],
				"player": 0,
				"tile": "B9",
				"tileCnt": [
					18,
					19,
					19,
					19
				]
			}
		},
		"time": 2,
		"verdict": "OK"
	},
	{
		"0": {
			"keep_running": false,
			"memory": 511,
			"time": 665,
			"verdict": "OK",
			"response": "PASS"
		},
		"1": {
			"keep_running": false,
			"memory": 511,
			"time": 680,
			"verdict": "OK",
			"response": "PASS"
		},
		"2": {
			"keep_running": false,
			"memory": 511,
			"time": 689,
			"verdict": "OK",
			"response": "PASS"
		},
		"3": {
			"keep_running": false,
			"memory": 511,
			"time": 685,
			"verdict": "OK",
			"response": "PASS"
		}
	},
	{
		"keep_running": false,
		"memory": 357,
		"output": {
			"command": "request",
			"content": {
				"0": "3 1 DRAW",
				"1": "2 B5",
				"2": "3 1 DRAW",
				"3": "3 1 DRAW"
			},
			"display": {
				"action": "DRAW",
				"canHu": [
					-4,
					-3,
					-4,
					-4
				],
				"player": 1,
				"tile": "B5",
				"tileCnt": [
					18,
					18,
					19,
					19
				]
			}
		},
		"time": 2,
		"verdict": "OK"
	},
	{
		"0": {
			"keep_running": false,
			"memory": 511,
			"time": 680,
			"verdict": "OK",
			"response": "PASS"
		},
		"1": {
			"keep_running": false,
			"memory": 511,
			"time": 694,
			"verdict": "OK",
			"response": "PLAY F3"
		},
		"2": {
			"keep_running": false,
			"memory": 511,
			"time": 677,
			"verdict": "OK",
			"response": "PASS"
		},
		"3": {
			"keep_running": false,
			"memory": 511,
			"time": 689,
			"verdict": "OK",
			"response": "PASS"
		}
	},
	{
		"keep_running": false,
		"memory": 357,
		"output": {
			"command": "request",
			"content": {
				"0": "3 1 PLAY F3",
				"1": "3 1 PLAY F3",
				"2": "3 1 PLAY F3",
				"3": "3 1 PLAY F3"
			},
			"display": {
				"action": "PLAY",
				"canHu": [
					-3,
					-4,
					-3,
					-3
				],
				"player": 1,
				"tile": "F3",
				"tileCnt": [
					18,
					18,
					19,
					19
				]
			}
		},
		"time": 2,
		"verdict": "OK"
	},
	{
		"0": {
			"keep_running": false,
			"memory": 511,
			"time": 696,
			"verdict": "OK",
			"response": "PASS"
		},
		"1": {
			"keep_running": false,
			"memory": 511,
			"time": 682,
			"verdict": "OK",
			"response": "PASS"
		},
		"2": {
			"keep_running": false,
			"memory": 511,
			"time": 685,
			"verdict": "OK",
			"response": "PASS"
		},
		"3": {
			"keep_running": false,
			"memory": 511,
			"time": 690,
			"verdict": "OK",
			"response": "PASS"
		}
	},
	{
		"keep_running": false,
		"memory": 357,
		"output": {
			"command": "request",
			"content": {
				"0": "3 2 DRAW",
				"1": "3 2 DRAW",
				"2": "2 T2",
				"3": "3 2 DRAW"
			},
			"display": {
				"action": "DRAW",
				"canHu": [
					-4,
					-4,
					-3,
					-4
				],
				"player": 2,
				"tile": "T2",
				"tileCnt": [
					18,
					18,
					18,
					19
				]
			}
		},
		"time": 2,
		"verdict": "OK"
	},
	{
		"0": {
			"keep_running": false,
			"memory": 511,
			"time": 678,
			"verdict": "OK",
			"response": "PASS"
		},
		"1": {
			"keep_running": false,
			"memory": 511,
			"time": 676,
			"verdict": "OK",
			"response": "PASS"
		},
		"2": {
			"keep_running": false,
			"memory": 511,
			"time": 689,
			"verdict": "OK",
			"response": "PLAY J1"
		},
		"3": {
			"keep_running": false,
			"memory": 511,
			"time": 677,
			"verdict": "OK",
			"response": "PASS"
		}
	},
	{
		"keep_running": false,
		"memory": 357,
		"output": {
			"command": "request",
			"content": {
				"0": "3 2 PLAY J1",
				"1": "3 2 PLAY J1",
				"2": "3 2 PLAY J1",
				"3": "3 2 PLAY J1"
			},
			"display": {
				"action": "PLAY",
				"canHu": [
					-3,
					-3,
					-4,
					-3
				],
				"player": 2,
				"tile": "J1",
				"tileCnt": [
					18,
					18,
					18,
					19
				]
			}
		},
		"time": 2,
		"verdict": "OK"
	},
	{
		"0": {
			"keep_running": false,
			"memory": 511,
			"time": 690,
			"verdict": "OK",
			"response": "PASS"
		},
		"1": {
			"keep_running": false,
			"memory": 511,
			"time": 690,
			"verdict": "OK",
			"response": "PASS"
		},
		"2": {
			"keep_running": false,
			"memory": 511,
			"time": 679,
			"verdict": "OK",
			"response": "PASS"
		},
		"3": {
			"keep_running": false,
			"memory": 511,
			"time": 707,
			"verdict": "OK",
			"response": "PENG B9"
		}
	},
	{
		"keep_running": false,
		"memory": 357,
		"output": {
			"command": "request",
			"content": {
				"0": "3 3 PENG B9",
				"1": "3 3 PENG B9",
				"2": "3 3 PENG B9",
				"3": "3 3 PENG B9"
			},
			"display": {
				"action": "PENG",
				"canHu": [
					-3,
					-3,
					-3,
					-4
				],
				"player": 3,
				"tile": "B9",
				"tileCnt": [
					18,
					18,
					18,
					19
				]
			}
		},
		"time": 2,
		"verdict": "OK"
	},
	{
		"0": {
			"keep_running": false,
			"memory": 511,
			"time": 689,
			"verdict": "OK",
			"response": "PASS"
		},
		"1": {
			"keep_running": false,
			"memory": 511,
			"time": 690,
			"verdict": "OK",
			"response": "PASS"
		},
		"2": {
			"keep_running": false,
			"memory": 511,
			"time": 683,
			"verdict": "OK",
			"response": "PASS"
		},
		"3": {
			"keep_running": false,
			"memory": 511,
			"time": 675,
			"verdict": "OK",
			"response": "PASS"
		}
	},
	{
		"keep_running": false,
		"memory": 357,
		"output": {
			"command": "request",
			"content": {
				"0": "2 F2",
				"1": "3 0 DRAW",
				"2": "3 0 DRAW",
				"3": "3 0 DRAW"
			},
			"display": {
				"action": "DRAW",
				"canHu": [
					-3,
					-4,
					-4,
					-4
				],
				"player": 0,
				"tile": "F2",
				"tileCnt": [
					17,
					18,
					18,
					19
				]
			}
		},
		"time": 3,
		"verdict": "OK"
	},
	{
		"0": {
			"keep_running": false,
			"memory": 511,
			"time": 699,
			"verdict": "OK",
			"response": "PLAY F2"
		},
		"1": {
			"keep_running": false,
			"memory": 511,
			"time": 683,
			"verdict": "OK",
			"response": "PASS"
		},
		"2": {
			"keep_running": false,
			"memory": 511,
			"time": 686,
			"verdict": "OK",
			"response": "PASS"
		},
		"3": {
			"keep_running": false,
			"memory": 511,
			"time": 679,
			"verdict": "OK",
			"response": "PASS"
		}
	},
	{
		"keep_running": false,
		"memory": 357,
		"output": {
			"command": "request",
			"content": {
				"0": "3 0 PLAY F2",
				"1": "3 0 PLAY F2",
				"2": "3 0 PLAY F2",
				"3": "3 0 PLAY F2"
			},
			"display": {
				"action": "PLAY",
				"canHu": [
					-4,
					-3,
					-3,
					-3
				],
				"player": 0,
				"tile": "F2",
				"tileCnt": [
					17,
					18,
					18,
					19
				]
			}
		},
		"time": 3,
		"verdict": "OK"
	},
	{
		"0": {
			"keep_running": false,
			"memory": 511,
			"time": 678,
			"verdict": "OK",
			"response": "PASS"
		},
		"1": {
			"keep_running": false,
			"memory": 511,
			"time": 692,
			"verdict": "OK",
			"response": "PASS"
		},
		"2": {
			"keep_running": false,
			"memory": 511,
			"time": 691,
			"verdict": "OK",
			"response": "PASS"
		},
		"3": {
			"keep_running": false,
			"memory": 511,
			"time": 689,
			"verdict": "OK",
			"response": "PASS"
		}
	},
	{
		"keep_running": false,
		"memory": 357,
		"output": {
			"command": "request",
			"content": {
				"0": "3 1 DRAW",
				"1": "2 F2",
				"2": "3 1 DRAW",
				"3": "3 1 DRAW"
			},
			"display": {
				"action": "DRAW",
				"canHu": [
					-4,
					-3,
					-4,
					-4
				],
				"player": 1,
				"tile": "F2",
				"tileCnt": [
					17,
					17,
					18,
					19
				]
			}
		},
		"time": 3,
		"verdict": "OK"
	},
	{
		"0": {
			"keep_running": false,
			"memory": 511,
			"time": 675,
			"verdict": "OK",
			"response": "PASS"
		},
		"1": {
			"keep_running": false,
			"memory": 511,
			"time": 693,
			"verdict": "OK",
			"response": "PLAY F2"
		},
		"2": {
			"keep_running": false,
			"memory": 511,
			"time": 676,
			"verdict": "OK",
			"response": "PASS"
		},
		"3": {
			"keep_running": false,
			"memory": 511,
			"time": 670,
			"verdict": "OK",
			"response": "PASS"
		}
	},
	{
		"keep_running": false,
		"memory": 357,
		"output": {
			"command": "request",
			"content": {
				"0": "3 1 PLAY F2",
				"1": "3 1 PLAY F2",
				"2": "3 1 PLAY F2",
				"3": "3 1 PLAY F2"
			},
			"display": {
				"action": "PLAY",
				"canHu": [
					-3,
					-4,
					-3,
					-3
				],
				"player": 1,
				"tile": "F2",
				"tileCnt": [
					17,
					17,
					18,
					19
				]
			}
		},
		"time": 3,
		"verdict": "OK"
	},
	{
		"0": {
			"keep_running": false,
			"memory": 512,
			"time": 680,
			"verdict": "OK",
			"response": "PASS"
		},
		"1": {
			"keep_running": false,
			"memory": 511,
			"time": 681,
			"verdict": "OK",
			"response": "PASS"
		},
		"2": {
			"keep_running": false,
			"memory": 511,
			"time": 695,
			"verdict": "OK",
			"response": "PASS"
		},
		"3": {
			"keep_running": false,
			"memory": 511,
			"time": 695,
			"verdict": "OK",
			"response": "PASS"
		}
	},
	{
		"keep_running": false,
		"memory": 357,
		"output": {
			"command": "request",
			"content": {
				"0": "3 2 DRAW",
				"1": "3 2 DRAW",
				"2": "2 T4",
				"3": "3 2 DRAW"
			},
			"display": {
				"action": "DRAW",
				"canHu": [
					-4,
					-4,
					-3,
					-4
				],
				"player": 2,
				"tile": "T4",
				"tileCnt": [
					17,
					17,
					17,
					19
				]
			}
		},
		"time": 3,
		"verdict": "OK"
	},
	{
		"0": {
			"keep_running": false,
			"memory": 511,
			"time": 677,
			"verdict": "OK",
			"response": "PASS"
		},
		"1": {
			"keep_running": false,
			"memory": 511,
			"time": 674,
			"verdict": "OK",
			"response": "PASS"
		},
		"2": {
			"keep_running": false,
			"memory": 511,
			"time": 680,
			"verdict": "OK",
			"response": "PLAY W9"
		},
		"3": {
			"keep_running": false,
			"memory": 511,
			"time": 674,
			"verdict": "OK",
			"response": "PASS"
		}
	},
	{
		"keep_running": false,
		"memory": 357,
		"output": {
			"command": "request",
			"content": {
				"0": "3 2 PLAY W9",
				"1": "3 2 PLAY W9",
				"2": "3 2 PLAY W9",
				"3": "3 2 PLAY W9"
			},
			"display": {
				"action": "PLAY",
				"canHu": [
					-3,
					-3,
					-4,
					-3
				],
				"player": 2,
				"tile": "W9",
				"tileCnt": [
					17,
					17,
					17,
					19
				]
			}
		},
		"time": 3,
		"verdict": "OK"
	},
	{
		"0": {
			"keep_running": false,
			"memory": 511,
			"time": 684,
			"verdict": "OK",
			"response": "PASS"
		},
		"1": {
			"keep_running": false,
			"memory": 511,
			"time": 686,
			"verdict": "OK",
			"response": "PASS"
		},
		"2": {
			"keep_running": false,
			"memory": 511,
			"time": 679,
			"verdict": "OK",
			"response": "PASS"
		},
		"3": {
			"keep_running": false,
			"memory": 511,
			"time": 702,
			"verdict": "OK",
			"response": "PASS"
		}
	},
	{
		"keep_running": false,
		"memory": 357,
		"output": {
			"command": "request",
			"content": {
				"0": "3 3 DRAW",
				"1": "3 3 DRAW",
				"2": "3 3 DRAW",
				"3": "2 W8"
			},
			"display": {
				"action": "DRAW",
				"canHu": [
					-4,
					-4,
					-4,
					-3
				],
				"player": 3,
				"tile": "W8",
				"tileCnt": [
					17,
					17,
					17,
					18
				]
			}
		},
		"time": 3,
		"verdict": "OK"
	},
	{
		"0": {
			"keep_running": false,
			"memory": 511,
			"time": 682,
			"verdict": "OK",
			"response": "PASS"
		},
		"1": {
			"keep_running": false,
			"memory": 511,
			"time": 676,
			"verdict": "OK",
			"response": "PASS"
		},
		"2": {
			"keep_running": false,
			"memory": 511,
			"time": 673,
			"verdict": "OK",
			"response": "PASS"
		},
		"3": {
			"keep_running": false,
			"memory": 511,
			"time": 688,
			"verdict": "OK",
			"response": "PLAY W7"
		}
	},
	{
		"keep_running": false,
		"memory": 357,
		"output": {
			"command": "request",
			"content": {
				"0": "3 3 PLAY W7",
				"1": "3 3 PLAY W7",
				"2": "3 3 PLAY W7",
				"3": "3 3 PLAY W7"
			},
			"display": {
				"action": "PLAY",
				"canHu": [
					-3,
					-3,
					-3,
					-4
				],
				"player": 3,
				"tile": "W7",
				"tileCnt": [
					17,
					17,
					17,
					18
				]
			}
		},
		"time": 3,
		"verdict": "OK"
	},
	{
		"0": {
			"keep_running": false,
			"memory": 511,
			"time": 690,
			"verdict": "OK",
			"response": "PASS"
		},
		"1": {
			"keep_running": false,
			"memory": 511,
			"time": 685,
			"verdict": "OK",
			"response": "PASS"
		},
		"2": {
			"keep_running": false,
			"memory": 511,
			"time": 688,
			"verdict": "OK",
			"response": "PASS"
		},
		"3": {
			"keep_running": false,
			"memory": 511,
			"time": 674,
			"verdict": "OK",
			"response": "PASS"
		}
	},
	{
		"keep_running": false,
		"memory": 357,
		"output": {
			"command": "request",
			"content": {
				"0": "2 T4",
				"1": "3 0 DRAW",
				"2": "3 0 DRAW",
				"3": "3 0 DRAW"
			},
			"display": {
				"action": "DRAW",
				"canHu": [
					-3,
					-4,
					-4,
					-4
				],
				"player": 0,
				"tile": "T4",
				"tileCnt": [
					16,
					17,
					17,
					18
				]
			}
		},
		"time": 3,
		"verdict": "OK"
	},
	{
		"0": {
			"keep_running": false,
			"memory": 511,
			"time": 683,
			"verdict": "OK",
			"response": "PLAY B6"
		},
		"1": {
			"keep_running": false,
			"memory": 511,
			"time": 669,
			"verdict": "OK",
			"response": "PASS"
		},
		"2": {
			"keep_running": false,
			"memory": 511,
			"time": 676,
			"verdict": "OK",
			"response": "PASS"
		},
		"3": {
			"keep_running": false,
			"memory": 511,
			"time": 672,
			"verdict": "OK",
			"response": "PASS"
		}
	},
	{
		"keep_running": false,
		"memory": 357,
		"output": {
			"command": "request",
			"content": {
				"0": "3 0 PLAY B6",
				"1": "3 0 PLAY B6",
				"2": "3 0 PLAY B6",
				"3": "3 0 PLAY B6"
			},
			"display": {
				"action": "PLAY",
				"canHu": [
					-4,
					-3,
					-3,
					-3
				],
				"player": 0,
				"tile": "B6",
				"tileCnt": [
					16,
					17,
					17,
					18
				]
			}
		},
		"time": 3,
		"verdict": "OK"
	},
	{
		"0": {
			"keep_running": false,
			"memory": 511,
			"time": 683,
			"verdict": "OK",
			"response": "PASS"
		},
		"1": {
			"keep_running": false,
			"memory": 511,
			"time": 688,
			"verdict": "OK",
			"response": "PASS"
		},
		"2": {
			"keep_running": false,
			"memory": 511,
			"time": 697,
			"verdict": "OK",
			"response": "PASS"
		},
		"3": {
			"keep_running": false,
			"memory": 511,
			"time": 689,
			"verdict": "OK",
			"response": "PASS"
		}
	},
	{
		"keep_running": false,
		"memory": 357,
		"output": {
			"command": "request",
			"content": {
				"0": "3 1 DRAW",
				"1": "2 B5",
				"2": "3 1 DRAW",
				"3": "3 1 DRAW"
			},
			"display": {
				"action": "DRAW",
				"canHu": [
					-4,
					-3,
					-4,
					-4
				],
				"player": 1,
				"tile": "B5",
				"tileCnt": [
					16,
					16,
					17,
					18
				]
			}
		},
		"time": 3,
		"verdict": "OK"
	},
	{
		"0": {
			"keep_running": false,
			"memory": 511,
			"time": 672,
			"verdict": "OK",
			"response": "PASS"
		},
		"1": {
			"keep_running": false,
			"memory": 511,
			"time": 684,
			"verdict": "OK",
			"response": "PLAY F1"
		},
		"2": {
			"keep_running": false,
			"memory": 511,
			"time": 673,
			"verdict": "OK",
			"response": "PASS"
		},
		"3": {
			"keep_running": false,
			"memory": 511,
			"time": 678,
			"verdict": "OK",
			"response": "PASS"
		}
	},
	{
		"keep_running": false,
		"memory": 357,
		"output": {
			"command": "request",
			"content": {
				"0": "3 1 PLAY F1",
				"1": "3 1 PLAY F1",
				"2": "3 1 PLAY F1",
				"3": "3 1 PLAY F1"
			},
			"display": {
				"action": "PLAY",
				"canHu": [
					-3,
					-4,
					-3,
					-3
				],
				"player": 1,
				"tile": "F1",
				"tileCnt": [
					16,
					16,
					17,
					18
				]
			}
		},
		"time": 3,
		"verdict": "OK"
	},
	{
		"0": {
			"keep_running": false,
			"memory": 511,
			"time": 691,
			"verdict": "OK",
			"response": "PASS"
		},
		"1": {
			"keep_running": false,
			"memory": 511,
			"time": 674,
			"verdict": "OK",
			"response": "PASS"
		},
		"2": {
			"keep_running": false,
			"memory": 511,
			"time": 688,
			"verdict": "OK",
			"response": "PASS"
		},
		"3": {
			"keep_running": false,
			"memory": 511,
			"time": 683,
			"verdict": "OK",
			"response": "PASS"
		}
	},
	{
		"keep_running": false,
		"memory": 357,
		"output": {
			"command": "request",
			"content": {
				"0": "3 2 DRAW",
				"1": "3 2 DRAW",
				"2": "2 J1",
				"3": "3 2 DRAW"
			},
			"display": {
				"action": "DRAW",
				"canHu": [
					-4,
					-4,
					-3,
					-4
				],
				"player": 2,
				"tile": "J1",
				"tileCnt": [
					16,
					16,
					16,
					18
				]
			}
		},
		"time": 3,
		"verdict": "OK"
	},
	{
		"0": {
			"keep_running": false,
			"memory": 511,
			"time": 669,
			"verdict": "OK",
			"response": "PASS"
		},
		"1": {
			"keep_running": false,
			"memory": 511,
			"time": 665,
			"verdict": "OK",
			"response": "PASS"
		},
		"2": {
			"keep_running": false,
			"memory": 511,
			"time": 688,
			"verdict": "OK",
			"response": "PLAY J1"
		},
		"3": {
			"keep_running": false,
			"memory": 511,
			"time": 677,
			"verdict": "OK",
			"response": "PASS"
		}
	},
	{
		"keep_running": false,
		"memory": 357,
		"output": {
			"command": "request",
			"content": {
				"0": "3 2 PLAY J1",
				"1": "3 2 PLAY J1",
				"2": "3 2 PLAY J1",
				"3": "3 2 PLAY J1"
			},
			"display": {
				"action": "PLAY",
				"canHu": [
					-3,
					-3,
					-4,
					-3
				],
				"player": 2,
				"tile": "J1",
				"tileCnt": [
					16,
					16,
					16,
					18
				]
			}
		},
		"time": 3,
		"verdict": "OK"
	},
	{
		"0": {
			"keep_running": false,
			"memory": 511,
			"time": 687,
			"verdict": "OK",
			"response": "PASS"
		},
		"1": {
			"keep_running": false,
			"memory": 511,
			"time": 682,
			"verdict": "OK",
			"response": "PASS"
		},
		"2": {
			"keep_running": false,
			"memory": 511,
			"time": 668,
			"verdict": "OK",
			"response": "PASS"
		},
		"3": {
			"keep_running": false,
			"memory": 511,
			"time": 684,
			"verdict": "OK",
			"response": "PASS"
		}
	},
	{
		"keep_running": false,
		"memory": 357,
		"output": {
			"command": "request",
			"content": {
				"0": "3 3 DRAW",
				"1": "3 3 DRAW",
				"2": "3 3 DRAW",
				"3": "2 J3"
			},
			"display": {
				"action": "DRAW",
				"canHu": [
					-4,
					-4,
					-4,
					-3
				],
				"player": 3,
				"tile": "J3",
				"tileCnt": [
					16,
					16,
					16,
					17
				]
			}
		},
		"time": 3,
		"verdict": "OK"
	},
	{
		"0": {
			"keep_running": false,
			"memory": 511,
			"time": 673,
			"verdict": "OK",
			"response": "PASS"
		},
		"1": {
			"keep_running": false,
			"memory": 511,
			"time": 676,
			"verdict": "OK",
			"response": "PASS"
		},
		"2": {
			"keep_running": false,
			"memory": 511,
			"time": 669,
			"verdict": "OK",
			"response": "PASS"
		},
		"3": {
			"keep_running": false,
			"memory": 511,
			"time": 687,
			"verdict": "OK",
			"response": "PLAY B7"
		}
	},
	{
		"keep_running": false,
		"memory": 357,
		"output": {
			"command": "request",
			"content": {
				"0": "3 3 PLAY B7",
				"1": "3 3 PLAY B7",
				"2": "3 3 PLAY B7",
				"3": "3 3 PLAY B7"
			},
			"display": {
				"action": "PLAY",
				"canHu": [
					-3,
					-3,
					-3,
					-4
				],
				"player": 3,
				"tile": "B7",
				"tileCnt": [
					16,
					16,
					16,
					17
				]
			}
		},
		"time": 3,
		"verdict": "OK"
	},
	{
		"0": {
			"keep_running": false,
			"memory": 511,
			"time": 681,
			"verdict": "OK",
			"response": "PASS"
		},
		"1": {
			"keep_running": false,
			"memory": 511,
			"time": 677,
			"verdict": "OK",
			"response": "PASS"
		},
		"2": {
			"keep_running": false,
			"memory": 511,
			"time": 677,
			"verdict": "OK",
			"response": "PASS"
		},
		"3": {
			"keep_running": false,
			"memory": 511,
			"time": 674,
			"verdict": "OK",
			"response": "PASS"
		}
	},
	{
		"keep_running": false,
		"memory": 357,
		"output": {
			"command": "request",
			"content": {
				"0": "2 J2",
				"1": "3 0 DRAW",
				"2": "3 0 DRAW",
				"3": "3 0 DRAW"
			},
			"display": {
				"action": "DRAW",
				"canHu": [
					-3,
					-4,
					-4,
					-4
				],
				"player": 0,
				"tile": "J2",
				"tileCnt": [
					15,
					16,
					16,
					17
				]
			}
		},
		"time": 3,
		"verdict": "OK"
	},
	{
		"0": {
			"keep_running": false,
			"memory": 511,
			"time": 685,
			"verdict": "OK",
			"response": "PLAY J2"
		},
		"1": {
			"keep_running": false,
			"memory": 511,
			"time": 683,
			"verdict": "OK",
			"response": "PASS"
		},
		"2": {
			"keep_running": false,
			"memory": 511,
			"time": 679,
			"verdict": "OK",
			"response": "PASS"
		},
		"3": {
			"keep_running": false,
			"memory": 511,
			"time": 684,
			"verdict": "OK",
			"response": "PASS"
		}
	},
	{
		"keep_running": false,
		"memory": 357,
		"output": {
			"command": "request",
			"content": {
				"0": "3 0 PLAY J2",
				"1": "3 0 PLAY J2",
				"2": "3 0 PLAY J2",
				"3": "3 0 PLAY J2"
			},
			"display": {
				"action": "PLAY",
				"canHu": [
					-4,
					-3,
					-3,
					-3
				],
				"player": 0,
				"tile": "J2",
				"tileCnt": [
					15,
					16,
					16,
					17
				]
			}
		},
		"time": 3,
		"verdict": "OK"
	},
	{
		"0": {
			"keep_running": false,
			"memory": 511,
			"time": 673,
			"verdict": "OK",
			"response": "PASS"
		},
		"1": {
			"keep_running": false,
			"memory": 511,
			"time": 689,
			"verdict": "OK",
			"response": "PASS"
		},
		"2": {
			"keep_running": false,
			"memory": 511,
			"time": 686,
			"verdict": "OK",
			"response": "PASS"
		},
		"3": {
			"keep_running": false,
			"memory": 511,
			"time": 704,
			"verdict": "OK",
			"response": "PENG J3"
		}
	},
	{
		"keep_running": false,
		"memory": 357,
		"output": {
			"command": "request",
			"content": {
				"0": "3 3 PENG J3",
				"1": "3 3 PENG J3",
				"2": "3 3 PENG J3",
				"3": "3 3 PENG J3"
			},
			"display": {
				"action": "PENG",
				"canHu": [
					-3,
					-3,
					-3,
					-4
				],
				"player": 3,
				"tile": "J3",
				"tileCnt": [
					15,
					16,
					16,
					17
				]
			}
		},
		"time": 3,
		"verdict": "OK"
	},
	{
		"0": {
			"keep_running": false,
			"memory": 511,
			"time": 694,
			"verdict": "OK",
			"response": "PASS"
		},
		"1": {
			"keep_running": false,
			"memory": 511,
			"time": 695,
			"verdict": "OK",
			"response": "PASS"
		},
		"2": {
			"keep_running": false,
			"memory": 511,
			"time": 687,
			"verdict": "OK",
			"response": "PASS"
		},
		"3": {
			"keep_running": false,
			"memory": 511,
			"time": 670,
			"verdict": "OK",
			"response": "PASS"
		}
	},
	{
		"keep_running": false,
		"memory": 357,
		"output": {
			"command": "request",
			"content": {
				"0": "2 T7",
				"1": "3 0 DRAW",
				"2": "3 0 DRAW",
				"3": "3 0 DRAW"
			},
			"display": {
				"action": "DRAW",
				"canHu": [
					-3,
					-4,
					-4,
					-4
				],
				"player": 0,
				"tile": "T7",
				"tileCnt": [
					14,
					16,
					16,
					17
				]
			}
		},
		"time": 4,
		"verdict": "OK"
	},
	{
		"0": {
			"keep_running": false,
			"memory": 511,
			"time": 683,
			"verdict": "OK",
			"response": "PLAY T9"
		},
		"1": {
			"keep_running": false,
			"memory": 511,
			"time": 672,
			"verdict": "OK",
			"response": "PASS"
		},
		"2": {
			"keep_running": false,
			"memory": 511,
			"time": 676,
			"verdict": "OK",
			"response": "PASS"
		},
		"3": {
			"keep_running": false,
			"memory": 511,
			"time": 676,
			"verdict": "OK",
			"response": "PASS"
		}
	},
	{
		"keep_running": false,
		"memory": 357,
		"output": {
			"command": "request",
			"content": {
				"0": "3 0 PLAY T9",
				"1": "3 0 PLAY T9",
				"2": "3 0 PLAY T9",
				"3": "3 0 PLAY T9"
			},
			"display": {
				"action": "PLAY",
				"canHu": [
					-4,
					-3,
					-3,
					-3
				],
				"player": 0,
				"tile": "T9",
				"tileCnt": [
					14,
					16,
					16,
					17
				]
			}
		},
		"time": 4,
		"verdict": "OK"
	},
	{
		"0": {
			"keep_running": false,
			"memory": 511,
			"time": 679,
			"verdict": "OK",
			"response": "PASS"
		},
		"1": {
			"keep_running": false,
			"memory": 511,
			"time": 690,
			"verdict": "OK",
			"response": "PASS"
		},
		"2": {
			"keep_running": false,
			"memory": 511,
			"time": 679,
			"verdict": "OK",
			"response": "PASS"
		},
		"3": {
			"keep_running": false,
			"memory": 511,
			"time": 682,
			"verdict": "OK",
			"response": "PASS"
		}
	},
	{
		"keep_running": false,
		"memory": 357,
		"output": {
			"command": "request",
			"content": {
				"0": "3 1 DRAW",
				"1": "2 W1",
				"2": "3 1 DRAW",
				"3": "3 1 DRAW"
			},
			"display": {
				"action": "DRAW",
				"canHu": [
					-4,
					-3,
					-4,
					-4
				],
				"player": 1,
				"tile": "W1",
				"tileCnt": [
					14,
					15,
					16,
					17
				]
			}
		},
		"time": 4,
		"verdict": "OK"
	},
	{
		"0": {
			"keep_running": false,
			"memory": 511,
			"time": 673,
			"verdict": "OK",
			"response": "PASS"
		},
		"1": {
			"keep_running": false,
			"memory": 511,
			"time": 689,
			"verdict": "OK",
			"response": "PLAY T8"
		},
		"2": {
			"keep_running": false,
			"memory": 511,
			"time": 678,
			"verdict": "OK",
			"response": "PASS"
		},
		"3": {
			"keep_running": false,
			"memory": 511,
			"time": 674,
			"verdict": "OK",
			"response": "PASS"
		}
	},
	{
		"keep_running": false,
		"memory": 357,
		"output": {
			"command": "request",
			"content": {
				"0": "3 1 PLAY T8",
				"1": "3 1 PLAY T8",
				"2": "3 1 PLAY T8",
				"3": "3 1 PLAY T8"
			},
			"display": {
				"action": "PLAY",
				"canHu": [
					-3,
					-4,
					-3,
					-3
				],
				"player": 1,
				"tile": "T8",
				"tileCnt": [
					14,
					15,
					16,
					17
				]
			}
		},
		"time": 4,
		"verdict": "OK"
	},
	{
		"0": {
			"keep_running": false,
			"memory": 511,
			"time": 686,
			"verdict": "OK",
			"response": "PASS"
		},
		"1": {
			"keep_running": false,
			"memory": 511,
			"time": 672,
			"verdict": "OK",
			"response": "PASS"
		},
		"2": {
			"keep_running": false,
			"memory": 511,
			"time": 684,
			"verdict": "OK",
			"response": "PASS"
		},
		"3": {
			"keep_running": false,
			"memory": 511,
			"time": 688,
			"verdict": "OK",
			"response": "PASS"
		}
	},
	{
		"keep_running": false,
		"memory": 357,
		"output": {
			"command": "request",
			"content": {
				"0": "3 2 DRAW",
				"1": "3 2 DRAW",
				"2": "2 F4",
				"3": "3 2 DRAW"
			},
			"display": {
				"action": "DRAW",
				"canHu": [
					-4,
					-4,
					-3,
					-4
				],
				"player": 2,
				"tile": "F4",
				"tileCnt": [
					14,
					15,
					15,
					17
				]
			}
		},
		"time": 4,
		"verdict": "OK"
	},
	{
		"0": {
			"keep_running": false,
			"memory": 511,
			"time": 671,
			"verdict": "OK",
			"response": "PASS"
		},
		"1": {
			"keep_running": false,
			"memory": 511,
			"time": 675,
			"verdict": "OK",
			"response": "PASS"
		},
		"2": {
			"keep_running": false,
			"memory": 511,
			"time": 684,
			"verdict": "OK",
			"response": "PLAY F4"
		},
		"3": {
			"keep_running": false,
			"memory": 511,
			"time": 676,
			"verdict": "OK",
			"response": "PASS"
		}
	},
	{
		"keep_running": false,
		"memory": 357,
		"output": {
			"command": "request",
			"content": {
				"0": "3 2 PLAY F4",
				"1": "3 2 PLAY F4",
				"2": "3 2 PLAY F4",
				"3": "3 2 PLAY F4"
			},
			"display": {
				"action": "PLAY",
				"canHu": [
					-3,
					-3,
					-4,
					-3
				],
				"player": 2,
				"tile": "F4",
				"tileCnt": [
					14,
					15,
					15,
					17
				]
			}
		},
		"time": 4,
		"verdict": "OK"
	},
	{
		"0": {
			"keep_running": false,
			"memory": 511,
			"time": 684,
			"verdict": "OK",
			"response": "PASS"
		},
		"1": {
			"keep_running": false,
			"memory": 511,
			"time": 685,
			"verdict": "OK",
			"response": "PASS"
		},
		"2": {
			"keep_running": false,
			"memory": 511,
			"time": 671,
			"verdict": "OK",
			"response": "PASS"
		},
		"3": {
			"keep_running": false,
			"memory": 511,
			"time": 694,
			"verdict": "OK",
			"response": "PASS"
		}
	},
	{
		"keep_running": false,
		"memory": 357,
		"output": {
			"command": "request",
			"content": {
				"0": "3 3 DRAW",
				"1": "3 3 DRAW",
				"2": "3 3 DRAW",
				"3": "2 W7"
			},
			"display": {
				"action": "DRAW",
				"canHu": [
					-4,
					-4,
					-4,
					-3
				],
				"player": 3,
				"tile": "W7",
				"tileCnt": [
					14,
					15,
					15,
					16
				]
			}
		},
		"time": 4,
		"verdict": "OK"
	},
	{
		"0": {
			"keep_running": false,
			"memory": 511,
			"time": 676,
			"verdict": "OK",
			"response": "PASS"
		},
		"1": {
			"keep_running": false,
			"memory": 511,
			"time": 676,
			"verdict": "OK",
			"response": "PASS"
		},
		"2": {
			"keep_running": false,
			"memory": 511,
			"time": 673,
			"verdict": "OK",
			"response": "PASS"
		},
		"3": {
			"keep_running": false,
			"memory": 511,
			"time": 687,
			"verdict": "OK",
			"response": "PLAY W7"
		}
	},
	{
		"keep_running": false,
		"memory": 357,
		"output": {
			"command": "request",
			"content": {
				"0": "3 3 PLAY W7",
				"1": "3 3 PLAY W7",
				"2": "3 3 PLAY W7",
				"3": "3 3 PLAY W7"
			},
			"display": {
				"action": "PLAY",
				"canHu": [
					-3,
					-3,
					-3,
					-4
				],
				"player": 3,
				"tile": "W7",
				"tileCnt": [
					14,
					15,
					15,
					16
				]
			}
		},
		"time": 4,
		"verdict": "OK"
	},
	{
		"0": {
			"keep_running": false,
			"memory": 511,
			"time": 685,
			"verdict": "OK",
			"response": "PASS"
		},
		"1": {
			"keep_running": false,
			"memory": 511,
			"time": 686,
			"verdict": "OK",
			"response": "PASS"
		},
		"2": {
			"keep_running": false,
			"memory": 511,
			"time": 688,
			"verdict": "OK",
			"response": "PASS"
		},
		"3": {
			"keep_running": false,
			"memory": 511,
			"time": 682,
			"verdict": "OK",
			"response": "PASS"
		}
	},
	{
		"keep_running": false,
		"memory": 357,
		"output": {
			"command": "request",
			"content": {
				"0": "2 B2",
				"1": "3 0 DRAW",
				"2": "3 0 DRAW",
				"3": "3 0 DRAW"
			},
			"display": {
				"action": "DRAW",
				"canHu": [
					-3,
					-4,
					-4,
					-4
				],
				"player": 0,
				"tile": "B2",
				"tileCnt": [
					13,
					15,
					15,
					16
				]
			}
		},
		"time": 4,
		"verdict": "OK"
	},
	{
		"0": {
			"keep_running": false,
			"memory": 511,
			"time": 694,
			"verdict": "OK",
			"response": "PLAY B2"
		},
		"1": {
			"keep_running": false,
			"memory": 511,
			"time": 675,
			"verdict": "OK",
			"response": "PASS"
		},
		"2": {
			"keep_running": false,
			"memory": 511,
			"time": 675,
			"verdict": "OK",
			"response": "PASS"
		},
		"3": {
			"keep_running": false,
			"memory": 511,
			"time": 669,
			"verdict": "OK",
			"response": "PASS"
		}
	},
	{
		"keep_running": false,
		"memory": 357,
		"output": {
			"command": "request",
			"content": {
				"0": "3 0 PLAY B2",
				"1": "3 0 PLAY B2",
				"2": "3 0 PLAY B2",
				"3": "3 0 PLAY B2"
			},
			"display": {
				"action": "PLAY",
				"canHu": [
					-4,
					-3,
					-3,
					-3
				],
				"player": 0,
				"tile": "B2",
				"tileCnt": [
					13,
					15,
					15,
					16
				]
			}
		},
		"time": 4,
		"verdict": "OK"
	},
	{
		"0": {
			"keep_running": false,
			"memory": 511,
			"time": 684,
			"verdict": "OK",
			"response": "PASS"
		},
		"1": {
			"keep_running": false,
			"memory": 511,
			"time": 686,
			"verdict": "OK",
			"response": "PASS"
		},
		"2": {
			"keep_running": false,
			"memory": 511,
			"time": 688,
			"verdict": "OK",
			"response": "PASS"
		},
		"3": {
			"keep_running": false,
			"memory": 511,
			"time": 684,
			"verdict": "OK",
			"response": "PASS"
		}
	},
	{
		"keep_running": false,
		"memory": 357,
		"output": {
			"command": "request",
			"content": {
				"0": "3 1 DRAW",
				"1": "2 F4",
				"2": "3 1 DRAW",
				"3": "3 1 DRAW"
			},
			"display": {
				"action": "DRAW",
				"canHu": [
					-4,
					-3,
					-4,
					-4
				],
				"player": 1,
				"tile": "F4",
				"tileCnt": [
					13,
					14,
					15,
					16
				]
			}
		},
		"time": 4,
		"verdict": "OK"
	},
	{
		"0": {
			"keep_running": false,
			"memory": 511,
			"time": 704,
			"verdict": "OK",
			"response": "PASS"
		},
		"1": {
			"keep_running": false,
			"memory": 511,
			"time": 710,
			"verdict": "OK",
			"response": "PLAY F4"
		},
		"2": {
			"keep_running": false,
			"memory": 511,
			"time": 699,
			"verdict": "OK",
			"response": "PASS"
		},
		"3": {
			"keep_running": false,
			"memory": 511,
			"time": 701,
			"verdict": "OK",
			"response": "PASS"
		}
	},
	{
		"keep_running": false,
		"memory": 357,
		"output": {
			"command": "request",
			"content": {
				"0": "3 1 PLAY F4",
				"1": "3 1 PLAY F4",
				"2": "3 1 PLAY F4",
				"3": "3 1 PLAY F4"
			},
			"display": {
				"action": "PLAY",
				"canHu": [
					-3,
					-4,
					-3,
					-3
				],
				"player": 1,
				"tile": "F4",
				"tileCnt": [
					13,
					14,
					15,
					16
				]
			}
		},
		"time": 4,
		"verdict": "OK"
	},
	{
		"0": {
			"keep_running": false,
			"memory": 511,
			"time": 693,
			"verdict": "OK",
			"response": "PASS"
		},
		"1": {
			"keep_running": false,
			"memory": 511,
			"time": 675,
			"verdict": "OK",
			"response": "PASS"
		},
		"2": {
			"keep_running": false,
			"memory": 511,
			"time": 686,
			"verdict": "OK",
			"response": "PASS"
		},
		"3": {
			"keep_running": false,
			"memory": 511,
			"time": 696,
			"verdict": "OK",
			"response": "PASS"
		}
	},
	{
		"keep_running": false,
		"memory": 357,
		"output": {
			"command": "request",
			"content": {
				"0": "3 2 DRAW",
				"1": "3 2 DRAW",
				"2": "2 B2",
				"3": "3 2 DRAW"
			},
			"display": {
				"action": "DRAW",
				"canHu": [
					-4,
					-4,
					-3,
					-4
				],
				"player": 2,
				"tile": "B2",
				"tileCnt": [
					13,
					14,
					14,
					16
				]
			}
		},
		"time": 4,
		"verdict": "OK"
	},
	{
		"0": {
			"keep_running": false,
			"memory": 511,
			"time": 677,
			"verdict": "OK",
			"response": "PASS"
		},
		"1": {
			"keep_running": false,
			"memory": 511,
			"time": 675,
			"verdict": "OK",
			"response": "PASS"
		},
		"2": {
			"keep_running": false,
			"memory": 511,
			"time": 688,
			"verdict": "OK",
			"response": "PLAY T3"
		},
		"3": {
			"keep_running": false,
			"memory": 511,
			"time": 680,
			"verdict": "OK",
			"response": "PASS"
		}
	},
	{
		"keep_running": false,
		"memory": 357,
		"output": {
			"command": "request",
			"content": {
				"0": "3 2 PLAY T3",
				"1": "3 2 PLAY T3",
				"2": "3 2 PLAY T3",
				"3": "3 2 PLAY T3"
			},
			"display": {
				"action": "PLAY",
				"canHu": [
					-3,
					-3,
					-4,
					-3
				],
				"player": 2,
				"tile": "T3",
				"tileCnt": [
					13,
					14,
					14,
					16
				]
			}
		},
		"time": 4,
		"verdict": "OK"
	},
	{
		"0": {
			"keep_running": false,
			"memory": 511,
			"time": 699,
			"verdict": "OK",
			"response": "PASS"
		},
		"1": {
			"keep_running": false,
			"memory": 511,
			"time": 702,
			"verdict": "OK",
			"response": "PASS"
		},
		"2": {
			"keep_running": false,
			"memory": 511,
			"time": 683,
			"verdict": "OK",
			"response": "PASS"
		},
		"3": {
			"keep_running": false,
			"memory": 511,
			"time": 700,
			"verdict": "OK",
			"response": "CHI T4 B3"
		}
	},
	{
		"keep_running": false,
		"memory": 357,
		"output": {
			"command": "request",
			"content": {
				"0": "3 3 CHI T4 B3",
				"1": "3 3 CHI T4 B3",
				"2": "3 3 CHI T4 B3",
				"3": "3 3 CHI T4 B3"
			},
			"display": {
				"action": "CHI",
				"canHu": [
					-3,
					-3,
					-3,
					-4
				],
				"player": 3,
				"tile": "B3",
				"tileCHI": "T4",
				"tileCnt": [
					13,
					14,
					14,
					16
				]
			}
		},
		"time": 4,
		"verdict": "OK"
	},
	{
		"0": {
			"keep_running": false,
			"memory": 511,
			"time": 690,
			"verdict": "OK",
			"response": "PASS"
		},
		"1": {
			"keep_running": false,
			"memory": 511,
			"time": 690,
			"verdict": "OK",
			"response": "PASS"
		},
		"2": {
			"keep_running": false,
			"memory": 511,
			"time": 691,
			"verdict": "OK",
			"response": "PASS"
		},
		"3": {
			"keep_running": false,
			"memory": 511,
			"time": 682,
			"verdict": "OK",
			"response": "PASS"
		}
	},
	{
		"keep_running": false,
		"memory": 357,
		"output": {
			"command": "request",
			"content": {
				"0": "2 W4",
				"1": "3 0 DRAW",
				"2": "3 0 DRAW",
				"3": "3 0 DRAW"
			},
			"display": {
				"action": "DRAW",
				"canHu": [
					-3,
					-4,
					-4,
					-4
				],
				"player": 0,
				"tile": "W4",
				"tileCnt": [
					12,
					14,
					14,
					16
				]
			}
		},
		"time": 4,
		"verdict": "OK"
	},
	{
		"0": {
			"keep_running": false,
			"memory": 511,
			"time": 696,
			"verdict": "OK",
			"response": "PLAY T6"
		},
		"1": {
			"keep_running": false,
			"memory": 511,
			"time": 687,
			"verdict": "OK",
			"response": "PASS"
		},
		"2": {
			"keep_running": false,
			"memory": 511,
			"time": 678,
			"verdict": "OK",
			"response": "PASS"
		},
		"3": {
			"keep_running": false,
			"memory": 511,
			"time": 675,
			"verdict": "OK",
			"response": "PASS"
		}
	},
	{
		"keep_running": false,
		"memory": 357,
		"output": {
			"command": "request",
			"content": {
				"0": "3 0 PLAY T6",
				"1": "3 0 PLAY T6",
				"2": "3 0 PLAY T6",
				"3": "3 0 PLAY T6"
			},
			"display": {
				"action": "PLAY",
				"canHu": [
					-4,
					-3,
					-3,
					-3
				],
				"player": 0,
				"tile": "T6",
				"tileCnt": [
					12,
					14,
					14,
					16
				]
			}
		},
		"time": 4,
		"verdict": "OK"
	},
	{
		"0": {
			"keep_running": false,
			"memory": 511,
			"time": 679,
			"verdict": "OK",
			"response": "PASS"
		},
		"1": {
			"keep_running": false,
			"memory": 511,
			"time": 697,
			"verdict": "OK",
			"response": "PASS"
		},
		"2": {
			"keep_running": false,
			"memory": 511,
			"time": 694,
			"verdict": "OK",
			"response": "PASS"
		},
		"3": {
			"keep_running": false,
			"memory": 511,
			"time": 691,
			"verdict": "OK",
			"response": "PASS"
		}
	},
	{
		"keep_running": false,
		"memory": 357,
		"output": {
			"command": "request",
			"content": {
				"0": "3 1 DRAW",
				"1": "2 B6",
				"2": "3 1 DRAW",
				"3": "3 1 DRAW"
			},
			"display": {
				"action": "DRAW",
				"canHu": [
					-4,
					-3,
					-4,
					-4
				],
				"player": 1,
				"tile": "B6",
				"tileCnt": [
					12,
					13,
					14,
					16
				]
			}
		},
		"time": 4,
		"verdict": "OK"
	},
	{
		"0": {
			"keep_running": false,
			"memory": 511,
			"time": 677,
			"verdict": "OK",
			"response": "PASS"
		},
		"1": {
			"keep_running": false,
			"memory": 511,
			"time": 682,
			"verdict": "OK",
			"response": "PLAY J3"
		},
		"2": {
			"keep_running": false,
			"memory": 511,
			"time": 677,
			"verdict": "OK",
			"response": "PASS"
		},
		"3": {
			"keep_running": false,
			"memory": 511,
			"time": 670,
			"verdict": "OK",
			"response": "PASS"
		}
	},
	{
		"keep_running": false,
		"memory": 357,
		"output": {
			"command": "request",
			"content": {
				"0": "3 1 PLAY J3",
				"1": "3 1 PLAY J3",
				"2": "3 1 PLAY J3",
				"3": "3 1 PLAY J3"
			},
			"display": {
				"action": "PLAY",
				"canHu": [
					-3,
					-4,
					-3,
					-3
				],
				"player": 1,
				"tile": "J3",
				"tileCnt": [
					12,
					13,
					14,
					16
				]
			}
		},
		"time": 4,
		"verdict": "OK"
	},
	{
		"0": {
			"keep_running": false,
			"memory": 511,
			"time": 680,
			"verdict": "OK",
			"response": "PASS"
		},
		"1": {
			"keep_running": false,
			"memory": 511,
			"time": 678,
			"verdict": "OK",
			"response": "PASS"
		},
		"2": {
			"keep_running": false,
			"memory": 511,
			"time": 693,
			"verdict": "OK",
			"response": "PASS"
		},
		"3": {
			"keep_running": false,
			"memory": 511,
			"time": 696,
			"verdict": "OK",
			"response": "PASS"
		}
	},
	{
		"keep_running": false,
		"memory": 357,
		"output": {
			"command": "request",
			"content": {
				"0": "3 2 DRAW",
				"1": "3 2 DRAW",
				"2": "2 W1",
				"3": "3 2 DRAW"
			},
			"display": {
				"action": "DRAW",
				"canHu": [
					-4,
					-4,
					-3,
					-4
				],
				"player": 2,
				"tile": "W1",
				"tileCnt": [
					12,
					13,
					13,
					16
				]
			}
		},
		"time": 5,
		"verdict": "OK"
	},
	{
		"0": {
			"keep_running": false,
			"memory": 511,
			"time": 679,
			"verdict": "OK",
			"response": "PASS"
		},
		"1": {
			"keep_running": false,
			"memory": 511,
			"time": 686,
			"verdict": "OK",
			"response": "PASS"
		},
		"2": {
			"keep_running": false,
			"memory": 511,
			"time": 683,
			"verdict": "OK",
			"response": "PLAY W1"
		},
		"3": {
			"keep_running": false,
			"memory": 511,
			"time": 675,
			"verdict": "OK",
			"response": "PASS"
		}
	},
	{
		"keep_running": false,
		"memory": 357,
		"output": {
			"command": "request",
			"content": {
				"0": "3 2 PLAY W1",
				"1": "3 2 PLAY W1",
				"2": "3 2 PLAY W1",
				"3": "3 2 PLAY W1"
			},
			"display": {
				"action": "PLAY",
				"canHu": [
					-3,
					-3,
					-4,
					-3
				],
				"player": 2,
				"tile": "W1",
				"tileCnt": [
					12,
					13,
					13,
					16
				]
			}
		},
		"time": 5,
		"verdict": "OK"
	},
	{
		"0": {
			"keep_running": false,
			"memory": 511,
			"time": 690,
			"verdict": "OK",
			"response": "PASS"
		},
		"1": {
			"keep_running": false,
			"memory": 511,
			"time": 682,
			"verdict": "OK",
			"response": "PASS"
		},
		"2": {
			"keep_running": false,
			"memory": 511,
			"time": 675,
			"verdict": "OK",
			"response": "PASS"
		},
		"3": {
			"keep_running": false,
			"memory": 511,
			"time": 687,
			"verdict": "OK",
			"response": "PASS"
		}
	},
	{
		"keep_running": false,
		"memory": 357,
		"output": {
			"command": "request",
			"content": {
				"0": "3 3 DRAW",
				"1": "3 3 DRAW",
				"2": "3 3 DRAW",
				"3": "2 F4"
			},
			"display": {
				"action": "DRAW",
				"canHu": [
					-4,
					-4,
					-4,
					-3
				],
				"player": 3,
				"tile": "F4",
				"tileCnt": [
					12,
					13,
					13,
					15
				]
			}
		},
		"time": 5,
		"verdict": "OK"
	},
	{
		"0": {
			"keep_running": false,
			"memory": 511,
			"time": 677,
			"verdict": "OK",
			"response": "PASS"
		},
		"1": {
			"keep_running": false,
			"memory": 511,
			"time": 675,
			"verdict": "OK",
			"response": "PASS"
		},
		"2": {
			"keep_running": false,
			"memory": 511,
			"time": 682,
			"verdict": "OK",
			"response": "PASS"
		},
		"3": {
			"keep_running": false,
			"memory": 511,
			"time": 683,
			"verdict": "OK",
			"response": "PLAY F4"
		}
	},
	{
		"keep_running": false,
		"memory": 357,
		"output": {
			"command": "request",
			"content": {
				"0": "3 3 PLAY F4",
				"1": "3 3 PLAY F4",
				"2": "3 3 PLAY F4",
				"3": "3 3 PLAY F4"
			},
			"display": {
				"action": "PLAY",
				"canHu": [
					-3,
					-3,
					-3,
					-4
				],
				"player": 3,
				"tile": "F4",
				"tileCnt": [
					12,
					13,
					13,
					15
				]
			}
		},
		"time": 5,
		"verdict": "OK"
	},
	{
		"0": {
			"keep_running": false,
			"memory": 511,
			"time": 707,
			"verdict": "OK",
			"response": "PASS"
		},
		"1": {
			"keep_running": false,
			"memory": 511,
			"time": 685,
			"verdict": "OK",
			"response": "PASS"
		},
		"2": {
			"keep_running": false,
			"memory": 511,
			"time": 694,
			"verdict": "OK",
			"response": "PASS"
		},
		"3": {
			"keep_running": false,
			"memory": 511,
			"time": 671,
			"verdict": "OK",
			"response": "PASS"
		}
	},
	{
		"keep_running": false,
		"memory": 357,
		"output": {
			"command": "request",
			"content": {
				"0": "2 T9",
				"1": "3 0 DRAW",
				"2": "3 0 DRAW",
				"3": "3 0 DRAW"
			},
			"display": {
				"action": "DRAW",
				"canHu": [
					-3,
					-4,
					-4,
					-4
				],
				"player": 0,
				"tile": "T9",
				"tileCnt": [
					11,
					13,
					13,
					15
				]
			}
		},
		"time": 5,
		"verdict": "OK"
	},
	{
		"0": {
			"keep_running": false,
			"memory": 511,
			"time": 683,
			"verdict": "OK",
			"response": "PLAY T9"
		},
		"1": {
			"keep_running": false,
			"memory": 511,
			"time": 677,
			"verdict": "OK",
			"response": "PASS"
		},
		"2": {
			"keep_running": false,
			"memory": 511,
			"time": 676,
			"verdict": "OK",
			"response": "PASS"
		},
		"3": {
			"keep_running": false,
			"memory": 511,
			"time": 677,
			"verdict": "OK",
			"response": "PASS"
		}
	},
	{
		"keep_running": false,
		"memory": 357,
		"output": {
			"command": "request",
			"content": {
				"0": "3 0 PLAY T9",
				"1": "3 0 PLAY T9",
				"2": "3 0 PLAY T9",
				"3": "3 0 PLAY T9"
			},
			"display": {
				"action": "PLAY",
				"canHu": [
					-4,
					-3,
					-3,
					-3
				],
				"player": 0,
				"tile": "T9",
				"tileCnt": [
					11,
					13,
					13,
					15
				]
			}
		},
		"time": 5,
		"verdict": "OK"
	},
	{
		"0": {
			"keep_running": false,
			"memory": 511,
			"time": 676,
			"verdict": "OK",
			"response": "PASS"
		},
		"1": {
			"keep_running": false,
			"memory": 511,
			"time": 690,
			"verdict": "OK",
			"response": "PASS"
		},
		"2": {
			"keep_running": false,
			"memory": 511,
			"time": 682,
			"verdict": "OK",
			"response": "PASS"
		},
		"3": {
			"keep_running": false,
			"memory": 511,
			"time": 686,
			"verdict": "OK",
			"response": "PASS"
		}
	},
	{
		"keep_running": false,
		"memory": 357,
		"output": {
			"command": "request",
			"content": {
				"0": "3 1 DRAW",
				"1": "2 F3",
				"2": "3 1 DRAW",
				"3": "3 1 DRAW"
			},
			"display": {
				"action": "DRAW",
				"canHu": [
					-4,
					-3,
					-4,
					-4
				],
				"player": 1,
				"tile": "F3",
				"tileCnt": [
					11,
					12,
					13,
					15
				]
			}
		},
		"time": 5,
		"verdict": "OK"
	},
	{
		"0": {
			"keep_running": false,
			"memory": 511,
			"time": 680,
			"verdict": "OK",
			"response": "PASS"
		},
		"1": {
			"keep_running": false,
			"memory": 511,
			"time": 687,
			"verdict": "OK",
			"response": "PLAY J3"
		},
		"2": {
			"keep_running": false,
			"memory": 511,
			"time": 677,
			"verdict": "OK",
			"response": "PASS"
		},
		"3": {
			"keep_running": false,
			"memory": 511,
			"time": 670,
			"verdict": "OK",
			"response": "PASS"
		}
	},
	{
		"keep_running": false,
		"memory": 357,
		"output": {
			"command": "request",
			"content": {
				"0": "3 1 PLAY J3",
				"1": "3 1 PLAY J3",
				"2": "3 1 PLAY J3",
				"3": "3 1 PLAY J3"
			},
			"display": {
				"action": "PLAY",
				"canHu": [
					-3,
					-4,
					-3,
					-3
				],
				"player": 1,
				"tile": "J3",
				"tileCnt": [
					11,
					12,
					13,
					15
				]
			}
		},
		"time": 5,
		"verdict": "OK"
	},
	{
		"0": {
			"keep_running": false,
			"memory": 511,
			"time": 683,
			"verdict": "OK",
			"response": "PASS"
		},
		"1": {
			"keep_running": false,
			"memory": 511,
			"time": 686,
			"verdict": "OK",
			"response": "PASS"
		},
		"2": {
			"keep_running": false,
			"memory": 511,
			"time": 684,
			"verdict": "OK",
			"response": "PASS"
		},
		"3": {
			"keep_running": false,
			"memory": 511,
			"time": 687,
			"verdict": "OK",
			"response": "PASS"
		}
	},
	{
		"keep_running": false,
		"memory": 357,
		"output": {
			"command": "request",
			"content": {
				"0": "3 2 DRAW",
				"1": "3 2 DRAW",
				"2": "2 T1",
				"3": "3 2 DRAW"
			},
			"display": {
				"action": "DRAW",
				"canHu": [
					-4,
					-4,
					-3,
					-4
				],
				"player": 2,
				"tile": "T1",
				"tileCnt": [
					11,
					12,
					12,
					15
				]
			}
		},
		"time": 4,
		"verdict": "OK"
	},
	{
		"0": {
			"keep_running": false,
			"memory": 511,
			"time": 676,
			"verdict": "OK",
			"response": "PASS"
		},
		"1": {
			"keep_running": false,
			"memory": 511,
			"time": 674,
			"verdict": "OK",
			"response": "PASS"
		},
		"2": {
			"keep_running": false,
			"memory": 512,
			"time": 682,
			"verdict": "OK",
			"response": "PLAY T1"
		},
		"3": {
			"keep_running": false,
			"memory": 511,
			"time": 671,
			"verdict": "OK",
			"response": "PASS"
		}
	},
	{
		"keep_running": false,
		"memory": 357,
		"output": {
			"command": "request",
			"content": {
				"0": "3 2 PLAY T1",
				"1": "3 2 PLAY T1",
				"2": "3 2 PLAY T1",
				"3": "3 2 PLAY T1"
			},
			"display": {
				"action": "PLAY",
				"canHu": [
					-3,
					-3,
					-4,
					-3
				],
				"player": 2,
				"tile": "T1",
				"tileCnt": [
					11,
					12,
					12,
					15
				]
			}
		},
		"time": 5,
		"verdict": "OK"
	},
	{
		"0": {
			"keep_running": false,
			"memory": 511,
			"time": 684,
			"verdict": "OK",
			"response": "PASS"
		},
		"1": {
			"keep_running": false,
			"memory": 512,
			"time": 693,
			"verdict": "OK",
			"response": "PASS"
		},
		"2": {
			"keep_running": false,
			"memory": 511,
			"time": 673,
			"verdict": "OK",
			"response": "PASS"
		},
		"3": {
			"keep_running": false,
			"memory": 511,
			"time": 698,
			"verdict": "OK",
			"response": "PASS"
		}
	},
	{
		"keep_running": false,
		"memory": 357,
		"output": {
			"command": "request",
			"content": {
				"0": "3 3 DRAW",
				"1": "3 3 DRAW",
				"2": "3 3 DRAW",
				"3": "2 B7"
			},
			"display": {
				"action": "DRAW",
				"canHu": [
					-4,
					-4,
					-4,
					-3
				],
				"player": 3,
				"tile": "B7",
				"tileCnt": [
					11,
					12,
					12,
					14
				]
			}
		},
		"time": 5,
		"verdict": "OK"
	},
	{
		"0": {
			"keep_running": false,
			"memory": 511,
			"time": 683,
			"verdict": "OK",
			"response": "PASS"
		},
		"1": {
			"keep_running": false,
			"memory": 511,
			"time": 672,
			"verdict": "OK",
			"response": "PASS"
		},
		"2": {
			"keep_running": false,
			"memory": 511,
			"time": 685,
			"verdict": "OK",
			"response": "PASS"
		},
		"3": {
			"keep_running": false,
			"memory": 511,
			"time": 688,
			"verdict": "OK",
			"response": "PLAY B7"
		}
	},
	{
		"keep_running": false,
		"memory": 357,
		"output": {
			"command": "request",
			"content": {
				"0": "3 3 PLAY B7",
				"1": "3 3 PLAY B7",
				"2": "3 3 PLAY B7",
				"3": "3 3 PLAY B7"
			},
			"display": {
				"action": "PLAY",
				"canHu": [
					-3,
					-3,
					-3,
					-4
				],
				"player": 3,
				"tile": "B7",
				"tileCnt": [
					11,
					12,
					12,
					14
				]
			}
		},
		"time": 5,
		"verdict": "OK"
	},
	{
		"0": {
			"keep_running": false,
			"memory": 511,
			"time": 691,
			"verdict": "OK",
			"response": "PASS"
		},
		"1": {
			"keep_running": false,
			"memory": 511,
			"time": 684,
			"verdict": "OK",
			"response": "PASS"
		},
		"2": {
			"keep_running": false,
			"memory": 511,
			"time": 689,
			"verdict": "OK",
			"response": "PASS"
		},
		"3": {
			"keep_running": false,
			"memory": 511,
			"time": 671,
			"verdict": "OK",
			"response": "PASS"
		}
	},
	{
		"keep_running": false,
		"memory": 357,
		"output": {
			"command": "request",
			"content": {
				"0": "2 W8",
				"1": "3 0 DRAW",
				"2": "3 0 DRAW",
				"3": "3 0 DRAW"
			},
			"display": {
				"action": "DRAW",
				"canHu": [
					-3,
					-4,
					-4,
					-4
				],
				"player": 0,
				"tile": "W8",
				"tileCnt": [
					10,
					12,
					12,
					14
				]
			}
		},
		"time": 5,
		"verdict": "OK"
	},
	{
		"0": {
			"keep_running": false,
			"memory": 511,
			"time": 682,
			"verdict": "OK",
			"response": "PLAY W8"
		},
		"1": {
			"keep_running": false,
			"memory": 511,
			"time": 671,
			"verdict": "OK",
			"response": "PASS"
		},
		"2": {
			"keep_running": false,
			"memory": 511,
			"time": 671,
			"verdict": "OK",
			"response": "PASS"
		},
		"3": {
			"keep_running": false,
			"memory": 511,
			"time": 677,
			"verdict": "OK",
			"response": "PASS"
		}
	},
	{
		"keep_running": false,
		"memory": 357,
		"output": {
			"command": "request",
			"content": {
				"0": "3 0 PLAY W8",
				"1": "3 0 PLAY W8",
				"2": "3 0 PLAY W8",
				"3": "3 0 PLAY W8"
			},
			"display": {
				"action": "PLAY",
				"canHu": [
					-4,
					-3,
					-3,
					-3
				],
				"player": 0,
				"tile": "W8",
				"tileCnt": [
					10,
					12,
					12,
					14
				]
			}
		},
		"time": 5,
		"verdict": "OK"
	},
	{
		"0": {
			"keep_running": false,
			"memory": 511,
			"time": 668,
			"verdict": "OK",
			"response": "PASS"
		},
		"1": {
			"keep_running": false,
			"memory": 511,
			"time": 688,
			"verdict": "OK",
			"response": "PASS"
		},
		"2": {
			"keep_running": false,
			"memory": 511,
			"time": 687,
			"verdict": "OK",
			"response": "PASS"
		},
		"3": {
			"keep_running": false,
			"memory": 511,
			"time": 684,
			"verdict": "OK",
			"response": "PASS"
		}
	},
	{
		"keep_running": false,
		"memory": 357,
		"output": {
			"command": "request",
			"content": {
				"0": "3 1 DRAW",
				"1": "2 W2",
				"2": "3 1 DRAW",
				"3": "3 1 DRAW"
			},
			"display": {
				"action": "DRAW",
				"canHu": [
					-4,
					-3,
					-4,
					-4
				],
				"player": 1,
				"tile": "W2",
				"tileCnt": [
					10,
					11,
					12,
					14
				]
			}
		},
		"time": 5,
		"verdict": "OK"
	},
	{
		"0": {
			"keep_running": false,
			"memory": 511,
			"time": 678,
			"verdict": "OK",
			"response": "PASS"
		},
		"1": {
			"keep_running": false,
			"memory": 511,
			"time": 682,
			"verdict": "OK",
			"response": "PLAY F3"
		},
		"2": {
			"keep_running": false,
			"memory": 511,
			"time": 668,
			"verdict": "OK",
			"response": "PASS"
		},
		"3": {
			"keep_running": false,
			"memory": 511,
			"time": 681,
			"verdict": "OK",
			"response": "PASS"
		}
	},
	{
		"keep_running": false,
		"memory": 357,
		"output": {
			"command": "request",
			"content": {
				"0": "3 1 PLAY F3",
				"1": "3 1 PLAY F3",
				"2": "3 1 PLAY F3",
				"3": "3 1 PLAY F3"
			},
			"display": {
				"action": "PLAY",
				"canHu": [
					-3,
					-4,
					-3,
					-3
				],
				"player": 1,
				"tile": "F3",
				"tileCnt": [
					10,
					11,
					12,
					14
				]
			}
		},
		"time": 5,
		"verdict": "OK"
	},
	{
		"0": {
			"keep_running": false,
			"memory": 511,
			"time": 719,
			"verdict": "OK",
			"response": "PASS"
		},
		"1": {
			"keep_running": false,
			"memory": 511,
			"time": 676,
			"verdict": "OK",
			"response": "PASS"
		},
		"2": {
			"keep_running": false,
			"memory": 511,
			"time": 713,
			"verdict": "OK",
			"response": "PASS"
		},
		"3": {
			"keep_running": false,
			"memory": 511,
			"time": 709,
			"verdict": "OK",
			"response": "PASS"
		}
	},
	{
		"keep_running": false,
		"memory": 357,
		"output": {
			"command": "request",
			"content": {
				"0": "3 2 DRAW",
				"1": "3 2 DRAW",
				"2": "2 B9",
				"3": "3 2 DRAW"
			},
			"display": {
				"action": "DRAW",
				"canHu": [
					-4,
					-4,
					-3,
					-4
				],
				"player": 2,
				"tile": "B9",
				"tileCnt": [
					10,
					11,
					11,
					14
				]
			}
		},
		"time": 5,
		"verdict": "OK"
	},
	{
		"0": {
			"keep_running": false,
			"memory": 511,
			"time": 694,
			"verdict": "OK",
			"response": "PASS"
		},
		"1": {
			"keep_running": false,
			"memory": 511,
			"time": 681,
			"verdict": "OK",
			"response": "PASS"
		},
		"2": {
			"keep_running": false,
			"memory": 511,
			"time": 691,
			"verdict": "OK",
			"response": "PLAY B9"
		},
		"3": {
			"keep_running": false,
			"memory": 511,
			"time": 691,
			"verdict": "OK",
			"response": "PASS"
		}
	},
	{
		"keep_running": false,
		"memory": 357,
		"output": {
			"command": "request",
			"content": {
				"0": "3 2 PLAY B9",
				"1": "3 2 PLAY B9",
				"2": "3 2 PLAY B9",
				"3": "3 2 PLAY B9"
			},
			"display": {
				"action": "PLAY",
				"canHu": [
					-3,
					-3,
					-4,
					-3
				],
				"player": 2,
				"tile": "B9",
				"tileCnt": [
					10,
					11,
					11,
					14
				]
			}
		},
		"time": 5,
		"verdict": "OK"
	},
	{
		"0": {
			"keep_running": false,
			"memory": 511,
			"time": 698,
			"verdict": "OK",
			"response": "PASS"
		},
		"1": {
			"keep_running": false,
			"memory": 511,
			"time": 701,
			"verdict": "OK",
			"response": "PASS"
		},
		"2": {
			"keep_running": false,
			"memory": 511,
			"time": 686,
			"verdict": "OK",
			"response": "PASS"
		},
		"3": {
			"keep_running": false,
			"memory": 511,
			"time": 697,
			"verdict": "OK",
			"response": "PASS"
		}
	},
	{
		"keep_running": false,
		"memory": 357,
		"output": {
			"command": "request",
			"content": {
				"0": "3 3 DRAW",
				"1": "3 3 DRAW",
				"2": "3 3 DRAW",
				"3": "2 J3"
			},
			"display": {
				"action": "DRAW",
				"canHu": [
					-4,
					-4,
					-4,
					-3
				],
				"player": 3,
				"tile": "J3",
				"tileCnt": [
					10,
					11,
					11,
					13
				]
			}
		},
		"time": 5,
		"verdict": "OK"
	},
	{
		"0": {
			"keep_running": false,
			"memory": 511,
			"time": 680,
			"verdict": "OK",
			"response": "PASS"
		},
		"1": {
			"keep_running": false,
			"memory": 511,
			"time": 680,
			"verdict": "OK",
			"response": "PASS"
		},
		"2": {
			"keep_running": false,
			"memory": 511,
			"time": 683,
			"verdict": "OK",
			"response": "PASS"
		},
		"3": {
			"keep_running": false,
			"memory": 511,
			"time": 694,
			"verdict": "OK",
			"response": "PLAY J3"
		}
	},
	{
		"keep_running": false,
		"memory": 357,
		"output": {
			"command": "request",
			"content": {
				"0": "3 3 PLAY J3",
				"1": "3 3 PLAY J3",
				"2": "3 3 PLAY J3",
				"3": "3 3 PLAY J3"
			},
			"display": {
				"action": "PLAY",
				"canHu": [
					-3,
					-3,
					-3,
					-4
				],
				"player": 3,
				"tile": "J3",
				"tileCnt": [
					10,
					11,
					11,
					13
				]
			}
		},
		"time": 6,
		"verdict": "OK"
	},
	{
		"0": {
			"keep_running": false,
			"memory": 511,
			"time": 697,
			"verdict": "OK",
			"response": "PASS"
		},
		"1": {
			"keep_running": false,
			"memory": 511,
			"time": 699,
			"verdict": "OK",
			"response": "PASS"
		},
		"2": {
			"keep_running": false,
			"memory": 511,
			"time": 693,
			"verdict": "OK",
			"response": "PASS"
		},
		"3": {
			"keep_running": false,
			"memory": 511,
			"time": 677,
			"verdict": "OK",
			"response": "PASS"
		}
	},
	{
		"keep_running": false,
		"memory": 357,
		"output": {
			"command": "request",
			"content": {
				"0": "2 B6",
				"1": "3 0 DRAW",
				"2": "3 0 DRAW",
				"3": "3 0 DRAW"
			},
			"display": {
				"action": "DRAW",
				"canHu": [
					-3,
					-4,
					-4,
					-4
				],
				"player": 0,
				"tile": "B6",
				"tileCnt": [
					9,
					11,
					11,
					13
				]
			}
		},
		"time": 6,
		"verdict": "OK"
	},
	{
		"0": {
			"keep_running": false,
			"memory": 511,
			"time": 694,
			"verdict": "OK",
			"response": "PLAY B6"
		},
		"1": {
			"keep_running": false,
			"memory": 511,
			"time": 686,
			"verdict": "OK",
			"response": "PASS"
		},
		"2": {
			"keep_running": false,
			"memory": 511,
			"time": 688,
			"verdict": "OK",
			"response": "PASS"
		},
		"3": {
			"keep_running": false,
			"memory": 511,
			"time": 690,
			"verdict": "OK",
			"response": "PASS"
		}
	},
	{
		"keep_running": false,
		"memory": 357,
		"output": {
			"command": "request",
			"content": {
				"0": "3 0 PLAY B6",
				"1": "3 0 PLAY B6",
				"2": "3 0 PLAY B6",
				"3": "3 0 PLAY B6"
			},
			"display": {
				"action": "PLAY",
				"canHu": [
					-4,
					6,
					-3,
					-3
				],
				"player": 0,
				"tile": "B6",
				"tileCnt": [
					9,
					11,
					11,
					13
				]
			}
		},
		"time": 6,
		"verdict": "OK"
	},
	{
		"0": {
			"keep_running": false,
			"memory": 511,
			"time": 691,
			"verdict": "OK",
			"response": "PASS"
		},
		"1": {
			"keep_running": false,
			"memory": 511,
			"time": 698,
			"verdict": "OK",
			"response": "PASS"
		},
		"2": {
			"keep_running": false,
			"memory": 511,
			"time": 695,
			"verdict": "OK",
			"response": "PASS"
		},
		"3": {
			"keep_running": false,
			"memory": 511,
			"time": 698,
			"verdict": "OK",
			"response": "PASS"
		}
	},
	{
		"keep_running": false,
		"memory": 357,
		"output": {
			"command": "request",
			"content": {
				"0": "3 1 DRAW",
				"1": "2 B6",
				"2": "3 1 DRAW",
				"3": "3 1 DRAW"
			},
			"display": {
				"action": "DRAW",
				"canHu": [
					-4,
					8,
					-4,
					-4
				],
				"player": 1,
				"tile": "B6",
				"tileCnt": [
					9,
					10,
					11,
					13
				]
			}
		},
		"time": 6,
		"verdict": "OK"
	},
	{
		"0": {
			"keep_running": false,
			"memory": 511,
			"time": 716,
			"verdict": "OK",
			"response": "PASS"
		},
		"1": {
			"keep_running": false,
			"memory": 511,
			"time": 693,
			"verdict": "OK",
			"response": "HU"
		},
		"2": {
			"keep_running": false,
			"memory": 511,
			"time": 682,
			"verdict": "OK",
			"response": "PASS"
		},
		"3": {
			"keep_running": false,
			"memory": 511,
			"time": 683,
			"verdict": "OK",
			"response": "PASS"
		}
	},
	{
		"keep_running": false,
		"memory": 357,
		"output": {
			"command": "finish",
			"content": {
				"0": -16,
				"1": 48,
				"2": -16,
				"3": -16
			},
			"display": {
				"action": "HU",
				"canHu": [
					-4,
					-4,
					-4,
					-4
				],
				"fan": [
					{
						"cnt": 1,
						"name": "不求人",
						"value": 4
					},
					{
						"cnt": 1,
						"name": "平和",
						"value": 2
					},
					{
						"cnt": 1,
						"name": "喜相逢",
						"value": 1
					},
					{
						"cnt": 1,
						"name": "缺一门",
						"value": 1
					}
				],
				"fanCnt": 8,
				"player": 1,
				"score": [
					-16,
					48,
					-16,
					-16
				],
				"tileCnt": [
					9,
					10,
					11,
					13
				]
			}
		},
		"time": 6,
		"verdict": "OK"
	}
]