=== gauntlet ens_big_b1.0_s44 START ===
  vs qwqwqawawa: net=230 played=12 stuck=3
  vs dimaria: net=301 played=12 stuck=1
  vs µĖĪķĖ”: net=334 played=12 stuck=0
  vs knight: net=317 played=12 stuck=2
  vs ChloePrice: net=249 played=12 stuck=3
  vs QiuQiuR: net=243 played=12 stuck=3
=== gauntlet ens_big_b1.0_s44 TOTAL net=1674 (played=72 stuck=12) ===
=== gauntlet ens_big_b1.0_s77 START ===
  vs qwqwqawawa: net=234 played=12 stuck=2
  vs dimaria: net=296 played=12 stuck=1
  vs µĖĪķĖ”: net=353 played=12 stuck=0
  vs knight: net=284 played=12 stuck=2
  vs ChloePrice: net=280 played=12 stuck=3
  vs QiuQiuR: net=307 played=12 stuck=1
=== gauntlet ens_big_b1.0_s77 TOTAL net=1754 (played=72 stuck=9) ===
=== gauntlet ens_top30_b1.0 START ===
  vs qwqwqawawa: net=254 played=12 stuck=2
  vs dimaria: net=290 played=12 stuck=1
  vs µĖĪķĖ”: net=240 played=12 stuck=3
  vs knight: net=290 played=12 stuck=2
  vs ChloePrice: net=219 played=12 stuck=2
  vs QiuQiuR: net=300 played=12 stuck=2
=== gauntlet ens_top30_b1.0 TOTAL net=1593 (played=72 stuck=12) ===
=== gauntlet klchun_b1.0 START ===
  vs qwqwqawawa: net=249 played=12 stuck=2
  vs dimaria: net=287 played=12 stuck=2
  vs µĖĪķĖ”: net=314 played=12 stuck=0
  vs knight: net=303 played=12 stuck=2
  vs ChloePrice: net=254 played=12 stuck=2
  vs QiuQiuR: net=276 played=12 stuck=2
=== gauntlet klchun_b1.0 TOTAL net=1683 (played=72 stuck=10) ===
