/root/mahjong/caiest_repro/rl_curriculum.py:108: FutureWarning: You are using `torch.load` with `weights_only=False` (the current default value), which uses the default pickle module implicitly. It is possible to construct malicious pickle data which will execute arbitrary code during unpickling (See https://github.com/pytorch/pytorch/blob/main/SECURITY.md#untrusted-models for more details). In a future release, the default value for `weights_only` will be flipped to `True`. This limits the functions that could be executed during unpickling. Arbitrary objects will no longer be allowed to be loaded via this mode unless they are explicitly allowlisted by the user via `torch.serialization.add_safe_globals`. We recommend you start setting `weights_only=True` for any use case where you don't have full control of the loaded file. Please open an issue on GitHub for any issues related to this experimental feature.
  sl = torch.load(a.base, map_location='cpu')
[gauntlet] START net=+0 (distill100b floor; promote only if beaten)
/root/mahjong/caiest_repro/rl_curriculum.py:44: FutureWarning: You are using `torch.load` with `weights_only=False` (the current default value), which uses the default pickle module implicitly. It is possible to construct malicious pickle data which will execute arbitrary code during unpickling (See https://github.com/pytorch/pytorch/blob/main/SECURITY.md#untrusted-models for more details). In a future release, the default value for `weights_only` will be flipped to `True`. This limits the functions that could be executed during unpickling. Arbitrary objects will no longer be allowed to be loaded via this mode unless they are explicitly allowlisted by the user via `torch.serialization.add_safe_globals`. We recommend you start setting `weights_only=True` for any use case where you don't have full control of the loaded file. Please open an issue on GitHub for any issues related to this experimental feature.
  cur = ResBNCNN(channels=128, blocks=blocks); cur.load_state_dict(T.load(CURPATH, map_location='cpu')); cur.eval()
/root/mahjong/caiest_repro/rl_curriculum.py:44: FutureWarning: You are using `torch.load` with `weights_only=False` (the current default value), which uses the default pickle module implicitly. It is possible to construct malicious pickle data which will execute arbitrary code during unpickling (See https://github.com/pytorch/pytorch/blob/main/SECURITY.md#untrusted-models for more details). In a future release, the default value for `weights_only` will be flipped to `True`. This limits the functions that could be executed during unpickling. Arbitrary objects will no longer be allowed to be loaded via this mode unless they are explicitly allowlisted by the user via `torch.serialization.add_safe_globals`. We recommend you start setting `weights_only=True` for any use case where you don't have full control of the loaded file. Please open an issue on GitHub for any issues related to this experimental feature.
  cur = ResBNCNN(channels=128, blocks=blocks); cur.load_state_dict(T.load(CURPATH, map_location='cpu')); cur.eval()
/root/mahjong/caiest_repro/rl_curriculum.py:44: FutureWarning: You are using `torch.load` with `weights_only=False` (the current default value), which uses the default pickle module implicitly. It is possible to construct malicious pickle data which will execute arbitrary code during unpickling (See https://github.com/pytorch/pytorch/blob/main/SECURITY.md#untrusted-models for more details). In a future release, the default value for `weights_only` will be flipped to `True`. This limits the functions that could be executed during unpickling. Arbitrary objects will no longer be allowed to be loaded via this mode unless they are explicitly allowlisted by the user via `torch.serialization.add_safe_globals`. We recommend you start setting `weights_only=True` for any use case where you don't have full control of the loaded file. Please open an issue on GitHub for any issues related to this experimental feature.
  cur = ResBNCNN(channels=128, blocks=blocks); cur.load_state_dict(T.load(CURPATH, map_location='cpu')); cur.eval()
/root/mahjong/caiest_repro/rl_curriculum.py:44: FutureWarning: You are using `torch.load` with `weights_only=False` (the current default value), which uses the default pickle module implicitly. It is possible to construct malicious pickle data which will execute arbitrary code during unpickling (See https://github.com/pytorch/pytorch/blob/main/SECURITY.md#untrusted-models for more details). In a future release, the default value for `weights_only` will be flipped to `True`. This limits the functions that could be executed during unpickling. Arbitrary objects will no longer be allowed to be loaded via this mode unless they are explicitly allowlisted by the user via `torch.serialization.add_safe_globals`. We recommend you start setting `weights_only=True` for any use case where you don't have full control of the loaded file. Please open an issue on GitHub for any issues related to this experimental feature.
  cur = ResBNCNN(channels=128, blocks=blocks); cur.load_state_dict(T.load(CURPATH, map_location='cpu')); cur.eval()
/root/mahjong/caiest_repro/rl_curriculum.py:68: FutureWarning: You are using `torch.load` with `weights_only=False` (the current default value), which uses the default pickle module implicitly. It is possible to construct malicious pickle data which will execute arbitrary code during unpickling (See https://github.com/pytorch/pytorch/blob/main/SECURITY.md#untrusted-models for more details). In a future release, the default value for `weights_only` will be flipped to `True`. This limits the functions that could be executed during unpickling. Arbitrary objects will no longer be allowed to be loaded via this mode unless they are explicitly allowlisted by the user via `torch.serialization.add_safe_globals`. We recommend you start setting `weights_only=True` for any use case where you don't have full control of the loaded file. Please open an issue on GitHub for any issues related to this experimental feature.
  if opp_files: opp.load_state_dict(T.load(pf, map_location='cpu'))
/root/mahjong/caiest_repro/rl_curriculum.py:44: FutureWarning: You are using `torch.load` with `weights_only=False` (the current default value), which uses the default pickle module implicitly. It is possible to construct malicious pickle data which will execute arbitrary code during unpickling (See https://github.com/pytorch/pytorch/blob/main/SECURITY.md#untrusted-models for more details). In a future release, the default value for `weights_only` will be flipped to `True`. This limits the functions that could be executed during unpickling. Arbitrary objects will no longer be allowed to be loaded via this mode unless they are explicitly allowlisted by the user via `torch.serialization.add_safe_globals`. We recommend you start setting `weights_only=True` for any use case where you don't have full control of the loaded file. Please open an issue on GitHub for any issues related to this experimental feature.
  cur = ResBNCNN(channels=128, blocks=blocks); cur.load_state_dict(T.load(CURPATH, map_location='cpu')); cur.eval()
/root/mahjong/caiest_repro/rl_curriculum.py:68: FutureWarning: You are using `torch.load` with `weights_only=False` (the current default value), which uses the default pickle module implicitly. It is possible to construct malicious pickle data which will execute arbitrary code during unpickling (See https://github.com/pytorch/pytorch/blob/main/SECURITY.md#untrusted-models for more details). In a future release, the default value for `weights_only` will be flipped to `True`. This limits the functions that could be executed during unpickling. Arbitrary objects will no longer be allowed to be loaded via this mode unless they are explicitly allowlisted by the user via `torch.serialization.add_safe_globals`. We recommend you start setting `weights_only=True` for any use case where you don't have full control of the loaded file. Please open an issue on GitHub for any issues related to this experimental feature.
  if opp_files: opp.load_state_dict(T.load(pf, map_location='cpu'))
/root/mahjong/caiest_repro/rl_curriculum.py:44: FutureWarning: You are using `torch.load` with `weights_only=False` (the current default value), which uses the default pickle module implicitly. It is possible to construct malicious pickle data which will execute arbitrary code during unpickling (See https://github.com/pytorch/pytorch/blob/main/SECURITY.md#untrusted-models for more details). In a future release, the default value for `weights_only` will be flipped to `True`. This limits the functions that could be executed during unpickling. Arbitrary objects will no longer be allowed to be loaded via this mode unless they are explicitly allowlisted by the user via `torch.serialization.add_safe_globals`. We recommend you start setting `weights_only=True` for any use case where you don't have full control of the loaded file. Please open an issue on GitHub for any issues related to this experimental feature.
  cur = ResBNCNN(channels=128, blocks=blocks); cur.load_state_dict(T.load(CURPATH, map_location='cpu')); cur.eval()
/root/mahjong/caiest_repro/rl_curriculum.py:44: FutureWarning: You are using `torch.load` with `weights_only=False` (the current default value), which uses the default pickle module implicitly. It is possible to construct malicious pickle data which will execute arbitrary code during unpickling (See https://github.com/pytorch/pytorch/blob/main/SECURITY.md#untrusted-models for more details). In a future release, the default value for `weights_only` will be flipped to `True`. This limits the functions that could be executed during unpickling. Arbitrary objects will no longer be allowed to be loaded via this mode unless they are explicitly allowlisted by the user via `torch.serialization.add_safe_globals`. We recommend you start setting `weights_only=True` for any use case where you don't have full control of the loaded file. Please open an issue on GitHub for any issues related to this experimental feature.
  cur = ResBNCNN(channels=128, blocks=blocks); cur.load_state_dict(T.load(CURPATH, map_location='cpu')); cur.eval()
/root/mahjong/caiest_repro/rl_curriculum.py:68: FutureWarning: You are using `torch.load` with `weights_only=False` (the current default value), which uses the default pickle module implicitly. It is possible to construct malicious pickle data which will execute arbitrary code during unpickling (See https://github.com/pytorch/pytorch/blob/main/SECURITY.md#untrusted-models for more details). In a future release, the default value for `weights_only` will be flipped to `True`. This limits the functions that could be executed during unpickling. Arbitrary objects will no longer be allowed to be loaded via this mode unless they are explicitly allowlisted by the user via `torch.serialization.add_safe_globals`. We recommend you start setting `weights_only=True` for any use case where you don't have full control of the loaded file. Please open an issue on GitHub for any issues related to this experimental feature.
  if opp_files: opp.load_state_dict(T.load(pf, map_location='cpu'))
/root/mahjong/caiest_repro/rl_curriculum.py:68: FutureWarning: You are using `torch.load` with `weights_only=False` (the current default value), which uses the default pickle module implicitly. It is possible to construct malicious pickle data which will execute arbitrary code during unpickling (See https://github.com/pytorch/pytorch/blob/main/SECURITY.md#untrusted-models for more details). In a future release, the default value for `weights_only` will be flipped to `True`. This limits the functions that could be executed during unpickling. Arbitrary objects will no longer be allowed to be loaded via this mode unless they are explicitly allowlisted by the user via `torch.serialization.add_safe_globals`. We recommend you start setting `weights_only=True` for any use case where you don't have full control of the loaded file. Please open an issue on GitHub for any issues related to this experimental feature.
  if opp_files: opp.load_state_dict(T.load(pf, map_location='cpu'))
/root/mahjong/caiest_repro/rl_curriculum.py:44: FutureWarning: You are using `torch.load` with `weights_only=False` (the current default value), which uses the default pickle module implicitly. It is possible to construct malicious pickle data which will execute arbitrary code during unpickling (See https://github.com/pytorch/pytorch/blob/main/SECURITY.md#untrusted-models for more details). In a future release, the default value for `weights_only` will be flipped to `True`. This limits the functions that could be executed during unpickling. Arbitrary objects will no longer be allowed to be loaded via this mode unless they are explicitly allowlisted by the user via `torch.serialization.add_safe_globals`. We recommend you start setting `weights_only=True` for any use case where you don't have full control of the loaded file. Please open an issue on GitHub for any issues related to this experimental feature.
  cur = ResBNCNN(channels=128, blocks=blocks); cur.load_state_dict(T.load(CURPATH, map_location='cpu')); cur.eval()
/root/mahjong/caiest_repro/rl_curriculum.py:44: FutureWarning: You are using `torch.load` with `weights_only=False` (the current default value), which uses the default pickle module implicitly. It is possible to construct malicious pickle data which will execute arbitrary code during unpickling (See https://github.com/pytorch/pytorch/blob/main/SECURITY.md#untrusted-models for more details). In a future release, the default value for `weights_only` will be flipped to `True`. This limits the functions that could be executed during unpickling. Arbitrary objects will no longer be allowed to be loaded via this mode unless they are explicitly allowlisted by the user via `torch.serialization.add_safe_globals`. We recommend you start setting `weights_only=True` for any use case where you don't have full control of the loaded file. Please open an issue on GitHub for any issues related to this experimental feature.
  cur = ResBNCNN(channels=128, blocks=blocks); cur.load_state_dict(T.load(CURPATH, map_location='cpu')); cur.eval()
/root/mahjong/caiest_repro/rl_curriculum.py:44: FutureWarning: You are using `torch.load` with `weights_only=False` (the current default value), which uses the default pickle module implicitly. It is possible to construct malicious pickle data which will execute arbitrary code during unpickling (See https://github.com/pytorch/pytorch/blob/main/SECURITY.md#untrusted-models for more details). In a future release, the default value for `weights_only` will be flipped to `True`. This limits the functions that could be executed during unpickling. Arbitrary objects will no longer be allowed to be loaded via this mode unless they are explicitly allowlisted by the user via `torch.serialization.add_safe_globals`. We recommend you start setting `weights_only=True` for any use case where you don't have full control of the loaded file. Please open an issue on GitHub for any issues related to this experimental feature.
  cur = ResBNCNN(channels=128, blocks=blocks); cur.load_state_dict(T.load(CURPATH, map_location='cpu')); cur.eval()
/root/mahjong/caiest_repro/rl_curriculum.py:68: FutureWarning: You are using `torch.load` with `weights_only=False` (the current default value), which uses the default pickle module implicitly. It is possible to construct malicious pickle data which will execute arbitrary code during unpickling (See https://github.com/pytorch/pytorch/blob/main/SECURITY.md#untrusted-models for more details). In a future release, the default value for `weights_only` will be flipped to `True`. This limits the functions that could be executed during unpickling. Arbitrary objects will no longer be allowed to be loaded via this mode unless they are explicitly allowlisted by the user via `torch.serialization.add_safe_globals`. We recommend you start setting `weights_only=True` for any use case where you don't have full control of the loaded file. Please open an issue on GitHub for any issues related to this experimental feature.
  if opp_files: opp.load_state_dict(T.load(pf, map_location='cpu'))
/root/mahjong/caiest_repro/rl_curriculum.py:68: FutureWarning: You are using `torch.load` with `weights_only=False` (the current default value), which uses the default pickle module implicitly. It is possible to construct malicious pickle data which will execute arbitrary code during unpickling (See https://github.com/pytorch/pytorch/blob/main/SECURITY.md#untrusted-models for more details). In a future release, the default value for `weights_only` will be flipped to `True`. This limits the functions that could be executed during unpickling. Arbitrary objects will no longer be allowed to be loaded via this mode unless they are explicitly allowlisted by the user via `torch.serialization.add_safe_globals`. We recommend you start setting `weights_only=True` for any use case where you don't have full control of the loaded file. Please open an issue on GitHub for any issues related to this experimental feature.
  if opp_files: opp.load_state_dict(T.load(pf, map_location='cpu'))
/root/mahjong/caiest_repro/rl_curriculum.py:68: FutureWarning: You are using `torch.load` with `weights_only=False` (the current default value), which uses the default pickle module implicitly. It is possible to construct malicious pickle data which will execute arbitrary code during unpickling (See https://github.com/pytorch/pytorch/blob/main/SECURITY.md#untrusted-models for more details). In a future release, the default value for `weights_only` will be flipped to `True`. This limits the functions that could be executed during unpickling. Arbitrary objects will no longer be allowed to be loaded via this mode unless they are explicitly allowlisted by the user via `torch.serialization.add_safe_globals`. We recommend you start setting `weights_only=True` for any use case where you don't have full control of the loaded file. Please open an issue on GitHub for any issues related to this experimental feature.
  if opp_files: opp.load_state_dict(T.load(pf, map_location='cpu'))
/root/mahjong/caiest_repro/rl_curriculum.py:44: FutureWarning: You are using `torch.load` with `weights_only=False` (the current default value), which uses the default pickle module implicitly. It is possible to construct malicious pickle data which will execute arbitrary code during unpickling (See https://github.com/pytorch/pytorch/blob/main/SECURITY.md#untrusted-models for more details). In a future release, the default value for `weights_only` will be flipped to `True`. This limits the functions that could be executed during unpickling. Arbitrary objects will no longer be allowed to be loaded via this mode unless they are explicitly allowlisted by the user via `torch.serialization.add_safe_globals`. We recommend you start setting `weights_only=True` for any use case where you don't have full control of the loaded file. Please open an issue on GitHub for any issues related to this experimental feature.
  cur = ResBNCNN(channels=128, blocks=blocks); cur.load_state_dict(T.load(CURPATH, map_location='cpu')); cur.eval()
/root/mahjong/caiest_repro/rl_curriculum.py:68: FutureWarning: You are using `torch.load` with `weights_only=False` (the current default value), which uses the default pickle module implicitly. It is possible to construct malicious pickle data which will execute arbitrary code during unpickling (See https://github.com/pytorch/pytorch/blob/main/SECURITY.md#untrusted-models for more details). In a future release, the default value for `weights_only` will be flipped to `True`. This limits the functions that could be executed during unpickling. Arbitrary objects will no longer be allowed to be loaded via this mode unless they are explicitly allowlisted by the user via `torch.serialization.add_safe_globals`. We recommend you start setting `weights_only=True` for any use case where you don't have full control of the loaded file. Please open an issue on GitHub for any issues related to this experimental feature.
  if opp_files: opp.load_state_dict(T.load(pf, map_location='cpu'))
/root/mahjong/caiest_repro/rl_curriculum.py:68: FutureWarning: You are using `torch.load` with `weights_only=False` (the current default value), which uses the default pickle module implicitly. It is possible to construct malicious pickle data which will execute arbitrary code during unpickling (See https://github.com/pytorch/pytorch/blob/main/SECURITY.md#untrusted-models for more details). In a future release, the default value for `weights_only` will be flipped to `True`. This limits the functions that could be executed during unpickling. Arbitrary objects will no longer be allowed to be loaded via this mode unless they are explicitly allowlisted by the user via `torch.serialization.add_safe_globals`. We recommend you start setting `weights_only=True` for any use case where you don't have full control of the loaded file. Please open an issue on GitHub for any issues related to this experimental feature.
  if opp_files: opp.load_state_dict(T.load(pf, map_location='cpu'))
/root/mahjong/caiest_repro/rl_curriculum.py:68: FutureWarning: You are using `torch.load` with `weights_only=False` (the current default value), which uses the default pickle module implicitly. It is possible to construct malicious pickle data which will execute arbitrary code during unpickling (See https://github.com/pytorch/pytorch/blob/main/SECURITY.md#untrusted-models for more details). In a future release, the default value for `weights_only` will be flipped to `True`. This limits the functions that could be executed during unpickling. Arbitrary objects will no longer be allowed to be loaded via this mode unless they are explicitly allowlisted by the user via `torch.serialization.add_safe_globals`. We recommend you start setting `weights_only=True` for any use case where you don't have full control of the loaded file. Please open an issue on GitHub for any issues related to this experimental feature.
  if opp_files: opp.load_state_dict(T.load(pf, map_location='cpu'))
/root/mahjong/caiest_repro/rl_curriculum.py:44: FutureWarning: You are using `torch.load` with `weights_only=False` (the current default value), which uses the default pickle module implicitly. It is possible to construct malicious pickle data which will execute arbitrary code during unpickling (See https://github.com/pytorch/pytorch/blob/main/SECURITY.md#untrusted-models for more details). In a future release, the default value for `weights_only` will be flipped to `True`. This limits the functions that could be executed during unpickling. Arbitrary objects will no longer be allowed to be loaded via this mode unless they are explicitly allowlisted by the user via `torch.serialization.add_safe_globals`. We recommend you start setting `weights_only=True` for any use case where you don't have full control of the loaded file. Please open an issue on GitHub for any issues related to this experimental feature.
  cur = ResBNCNN(channels=128, blocks=blocks); cur.load_state_dict(T.load(CURPATH, map_location='cpu')); cur.eval()
/root/mahjong/caiest_repro/rl_curriculum.py:68: FutureWarning: You are using `torch.load` with `weights_only=False` (the current default value), which uses the default pickle module implicitly. It is possible to construct malicious pickle data which will execute arbitrary code during unpickling (See https://github.com/pytorch/pytorch/blob/main/SECURITY.md#untrusted-models for more details). In a future release, the default value for `weights_only` will be flipped to `True`. This limits the functions that could be executed during unpickling. Arbitrary objects will no longer be allowed to be loaded via this mode unless they are explicitly allowlisted by the user via `torch.serialization.add_safe_globals`. We recommend you start setting `weights_only=True` for any use case where you don't have full control of the loaded file. Please open an issue on GitHub for any issues related to this experimental feature.
  if opp_files: opp.load_state_dict(T.load(pf, map_location='cpu'))
/root/mahjong/caiest_repro/rl_curriculum.py:68: FutureWarning: You are using `torch.load` with `weights_only=False` (the current default value), which uses the default pickle module implicitly. It is possible to construct malicious pickle data which will execute arbitrary code during unpickling (See https://github.com/pytorch/pytorch/blob/main/SECURITY.md#untrusted-models for more details). In a future release, the default value for `weights_only` will be flipped to `True`. This limits the functions that could be executed during unpickling. Arbitrary objects will no longer be allowed to be loaded via this mode unless they are explicitly allowlisted by the user via `torch.serialization.add_safe_globals`. We recommend you start setting `weights_only=True` for any use case where you don't have full control of the loaded file. Please open an issue on GitHub for any issues related to this experimental feature.
  if opp_files: opp.load_state_dict(T.load(pf, map_location='cpu'))
[tenpai] it1 ret=+2.013 kl=5.025 beta=0.148 n=426 (19s)
[tenpai] it2 ret=+0.491 kl=4.811 beta=0.147 n=422 (13s)
[tenpai] it3 ret=-0.680 kl=3.846 beta=0.146 n=593 (20s)
[tenpai] it4 ret=-0.649 kl=3.604 beta=0.144 n=586 (19s)
[tenpai] it5 ret=-0.131 kl=3.274 beta=0.143 n=593 (20s)
[tenpai] it6 ret=+0.019 kl=2.839 beta=0.141 n=691 (23s)
[tenpai] it7 ret=-1.185 kl=3.051 beta=0.140 n=585 (19s)
[tenpai] it8 ret=-0.686 kl=2.648 beta=0.138 n=554 (19s)
[tenpai] it9 ret=-0.949 kl=2.409 beta=0.137 n=642 (23s)
[tenpai] it10 ret=-0.812 kl=2.812 beta=0.136 n=599 (23s)
[tenpai] it11 ret=+0.027 kl=2.922 beta=0.134 n=580 (20s)
[tenpai] it12 ret=-0.389 kl=2.120 beta=0.133 n=598 (23s)
[tenpai] it13 ret=-0.922 kl=2.473 beta=0.132 n=664 (25s)
[tenpai] it14 ret=+0.239 kl=2.151 beta=0.130 n=564 (18s)
[tenpai] it15 ret=-0.225 kl=2.123 beta=0.129 n=731 (21s)
[tenpai] it16 ret=+0.432 kl=2.576 beta=0.128 n=621 (20s)
[tenpai] it17 ret=+0.321 kl=2.237 beta=0.126 n=679 (21s)
[tenpai] it18 ret=-0.302 kl=2.378 beta=0.125 n=724 (23s)
[tenpai] it19 ret=+0.019 kl=2.578 beta=0.124 n=658 (22s)
[tenpai] it20 ret=-0.333 kl=2.102 beta=0.123 n=669 (22s)
[tenpai] it21 ret=+0.949 kl=2.069 beta=0.121 n=700 (22s)
[tenpai] it22 ret=-0.609 kl=1.981 beta=0.120 n=746 (22s)
[tenpai] it23 ret=+0.825 kl=2.039 beta=0.119 n=549 (19s)
[tenpai] it24 ret=+0.649 kl=2.196 beta=0.118 n=509 (20s)
[tenpai] it25 ret=-0.703 kl=2.386 beta=0.117 n=769 (25s)
[tenpai] it26 ret=-0.473 kl=2.161 beta=0.116 n=648 (20s)
[tenpai] it27 ret=-0.858 kl=2.330 beta=0.114 n=678 (23s)
[tenpai] it28 ret=-0.597 kl=1.786 beta=0.113 n=745 (25s)
[tenpai] it29 ret=-0.389 kl=2.450 beta=0.112 n=659 (20s)
[tenpai] it30 ret=-0.355 kl=2.036 beta=0.111 n=718 (21s)
[tenpai] it31 ret=+0.331 kl=2.329 beta=0.110 n=746 (23s)
[tenpai] it32 ret=-0.348 kl=2.335 beta=0.109 n=689 (24s)
[tenpai] it33 ret=-0.332 kl=2.264 beta=0.108 n=716 (23s)
[tenpai] it34 ret=+0.360 kl=2.194 beta=0.107 n=663 (23s)
[tenpai] it35 ret=+1.061 kl=1.928 beta=0.106 n=628 (22s)
[tenpai] it36 ret=+0.032 kl=2.311 beta=0.104 n=760 (24s)
[tenpai] it37 ret=-0.690 kl=2.123 beta=0.103 n=713 (19s)
[tenpai] it38 ret=-0.239 kl=2.233 beta=0.102 n=664 (20s)
[tenpai] it39 ret=+0.395 kl=2.266 beta=0.101 n=760 (22s)
[tenpai] it40 ret=+0.234 kl=1.966 beta=0.100 n=676 (24s)
  [gauntlet] after tenpai: net=+0 (best +0, not promoted)
[0-1sh] it41 ret=-0.153 kl=1.840 beta=0.099 n=729 (25s)
[0-1sh] it42 ret=-0.436 kl=1.751 beta=0.098 n=827 (23s)
[0-1sh] it43 ret=-0.997 kl=1.758 beta=0.097 n=716 (20s)
[0-1sh] it44 ret=+0.380 kl=1.748 beta=0.096 n=731 (22s)
[0-1sh] it45 ret=-0.758 kl=1.826 beta=0.095 n=718 (22s)
[0-1sh] it46 ret=-0.179 kl=2.028 beta=0.094 n=739 (24s)
[0-1sh] it47 ret=-0.687 kl=1.834 beta=0.094 n=829 (25s)
[0-1sh] it48 ret=-0.326 kl=1.928 beta=0.093 n=678 (21s)
[0-1sh] it49 ret=+0.243 kl=1.979 beta=0.092 n=853 (24s)
[0-1sh] it50 ret=+0.739 kl=1.912 beta=0.091 n=764 (23s)
[0-1sh] it51 ret=+0.038 kl=1.870 beta=0.090 n=772 (23s)
[0-1sh] it52 ret=-0.527 kl=1.930 beta=0.089 n=719 (22s)
[0-1sh] it53 ret=-0.160 kl=1.958 beta=0.088 n=693 (22s)
[0-1sh] it54 ret=+0.334 kl=1.898 beta=0.087 n=756 (27s)
[0-1sh] it55 ret=-0.104 kl=1.926 beta=0.086 n=750 (24s)
[0-1sh] it56 ret=+0.149 kl=1.997 beta=0.085 n=679 (26s)
[0-1sh] it57 ret=+0.223 kl=2.109 beta=0.085 n=742 (20s)
[0-1sh] it58 ret=-0.312 kl=1.800 beta=0.084 n=732 (23s)
[0-1sh] it59 ret=+0.183 kl=1.761 beta=0.083 n=685 (24s)
[0-1sh] it60 ret=-0.535 kl=1.722 beta=0.082 n=783 (23s)
[0-1sh] it61 ret=-0.470 kl=1.855 beta=0.081 n=777 (24s)
[0-1sh] it62 ret=+0.919 kl=1.783 beta=0.080 n=725 (21s)
[0-1sh] it63 ret=+0.190 kl=1.827 beta=0.080 n=776 (22s)
[0-1sh] it64 ret=-0.083 kl=1.833 beta=0.079 n=727 (26s)
[0-1sh] it65 ret=+0.299 kl=1.815 beta=0.078 n=746 (24s)
[0-1sh] it66 ret=-0.494 kl=1.569 beta=0.077 n=693 (19s)
[0-1sh] it67 ret=+0.182 kl=1.977 beta=0.076 n=751 (25s)
[0-1sh] it68 ret=+0.722 kl=1.898 beta=0.076 n=769 (22s)
[0-1sh] it69 ret=+0.448 kl=1.859 beta=0.075 n=680 (26s)
[0-1sh] it70 ret=+1.212 kl=1.689 beta=0.074 n=770 (25s)
[0-1sh] it71 ret=+0.487 kl=1.755 beta=0.073 n=779 (24s)
[0-1sh] it72 ret=+0.551 kl=1.958 beta=0.073 n=748 (24s)
[0-1sh] it73 ret=+0.330 kl=1.647 beta=0.072 n=748 (24s)
[0-1sh] it74 ret=+1.302 kl=1.424 beta=0.071 n=677 (20s)
[0-1sh] it75 ret=+0.410 kl=1.692 beta=0.071 n=810 (25s)
[0-1sh] it76 ret=+0.807 kl=1.623 beta=0.070 n=721 (21s)
[0-1sh] it77 ret=+1.379 kl=1.893 beta=0.069 n=647 (24s)
[0-1sh] it78 ret=-0.326 kl=1.534 beta=0.068 n=686 (19s)
[0-1sh] it79 ret=-0.329 kl=1.658 beta=0.068 n=720 (25s)
[0-1sh] it80 ret=+0.129 kl=1.783 beta=0.067 n=741 (25s)
  [gauntlet] after 0-1sh: net=+0 (best +0, not promoted)
[0-2sh] it81 ret=+0.433 kl=2.185 beta=0.066 n=764 (25s)
[0-2sh] it82 ret=+0.251 kl=1.712 beta=0.066 n=719 (22s)
[0-2sh] it83 ret=+0.154 kl=1.933 beta=0.065 n=745 (21s)
[0-2sh] it84 ret=-0.210 kl=1.976 beta=0.064 n=752 (22s)
[0-2sh] it85 ret=-0.324 kl=1.942 beta=0.064 n=818 (33s)
[0-2sh] it86 ret=+0.712 kl=1.973 beta=0.063 n=732 (21s)
[0-2sh] it87 ret=-0.048 kl=1.889 beta=0.063 n=802 (24s)
[0-2sh] it88 ret=+0.207 kl=1.831 beta=0.062 n=752 (21s)
[0-2sh] it89 ret=-0.254 kl=2.212 beta=0.061 n=808 (24s)
[0-2sh] it90 ret=+0.580 kl=2.211 beta=0.061 n=791 (28s)
[0-2sh] it91 ret=-0.013 kl=1.449 beta=0.060 n=663 (22s)
[0-2sh] it92 ret=+0.808 kl=1.824 beta=0.060 n=713 (24s)
[0-2sh] it93 ret=-0.714 kl=1.852 beta=0.059 n=843 (26s)
[0-2sh] it94 ret=+0.785 kl=1.980 beta=0.058 n=880 (25s)
[0-2sh] it95 ret=-0.579 kl=2.028 beta=0.058 n=782 (27s)
[0-2sh] it96 ret=+0.015 kl=1.869 beta=0.057 n=802 (24s)
[0-2sh] it97 ret=-0.170 kl=1.778 beta=0.057 n=798 (29s)
[0-2sh] it98 ret=-0.203 kl=1.864 beta=0.056 n=798 (27s)
[0-2sh] it99 ret=-0.238 kl=2.051 beta=0.055 n=781 (25s)
[0-2sh] it100 ret=+0.067 kl=1.648 beta=0.055 n=730 (24s)
[0-2sh] it101 ret=+0.456 kl=1.750 beta=0.054 n=781 (21s)
[0-2sh] it102 ret=-0.381 kl=1.828 beta=0.054 n=725 (18s)
[0-2sh] it103 ret=-0.108 kl=1.663 beta=0.053 n=719 (19s)
[0-2sh] it104 ret=+0.457 kl=1.880 beta=0.053 n=788 (23s)
[0-2sh] it105 ret=+0.915 kl=1.747 beta=0.052 n=815 (26s)
[0-2sh] it106 ret=+0.760 kl=1.554 beta=0.052 n=747 (24s)
[0-2sh] it107 ret=-0.131 kl=1.863 beta=0.051 n=751 (24s)
[0-2sh] it108 ret=+0.568 kl=1.546 beta=0.051 n=714 (21s)
[0-2sh] it109 ret=+0.762 kl=1.684 beta=0.050 n=780 (26s)
[0-2sh] it110 ret=+1.497 kl=1.693 beta=0.050 n=727 (22s)
[0-2sh] it111 ret=-0.282 kl=1.835 beta=0.049 n=725 (19s)
[0-2sh] it112 ret=+0.014 kl=1.883 beta=0.049 n=742 (22s)
[0-2sh] it113 ret=+0.213 kl=1.759 beta=0.048 n=760 (22s)
[0-2sh] it114 ret=-0.475 kl=1.995 beta=0.048 n=667 (20s)
[0-2sh] it115 ret=-0.773 kl=1.522 beta=0.047 n=707 (20s)
[0-2sh] it116 ret=-0.059 kl=1.775 beta=0.047 n=748 (21s)
[0-2sh] it117 ret=+0.511 kl=1.792 beta=0.046 n=760 (24s)
[0-2sh] it118 ret=-0.126 kl=1.838 beta=0.046 n=799 (26s)
[0-2sh] it119 ret=+0.936 kl=1.440 beta=0.045 n=701 (25s)
[0-2sh] it120 ret=+0.177 kl=1.618 beta=0.045 n=765 (27s)
  [gauntlet] after 0-2sh: net=+0 (best +0, not promoted)
[0-3sh] it121 ret=+0.274 kl=1.817 beta=0.044 n=808 (26s)
[0-3sh] it122 ret=+0.023 kl=1.567 beta=0.044 n=730 (25s)
[0-3sh] it123 ret=+0.558 kl=1.915 beta=0.044 n=772 (25s)
[0-3sh] it124 ret=+0.375 kl=1.813 beta=0.043 n=808 (25s)
[0-3sh] it125 ret=-0.125 kl=1.682 beta=0.043 n=755 (25s)
[0-3sh] it126 ret=-0.426 kl=1.903 beta=0.042 n=787 (24s)
[0-3sh] it127 ret=-0.281 kl=1.830 beta=0.042 n=735 (23s)
[0-3sh] it128 ret=+0.268 kl=1.807 beta=0.041 n=839 (26s)
[0-3sh] it129 ret=-0.367 kl=1.835 beta=0.041 n=815 (25s)
[0-3sh] it130 ret=+0.114 kl=2.357 beta=0.041 n=781 (23s)
[0-3sh] it131 ret=-0.207 kl=1.553 beta=0.040 n=732 (23s)
[0-3sh] it132 ret=-0.276 kl=1.803 beta=0.040 n=788 (25s)
[0-3sh] it133 ret=-1.104 kl=1.839 beta=0.039 n=750 (24s)
[0-3sh] it134 ret=-0.011 kl=1.876 beta=0.039 n=792 (26s)
[0-3sh] it135 ret=-0.396 kl=2.150 beta=0.039 n=725 (27s)
[0-3sh] it136 ret=-0.493 kl=1.452 beta=0.038 n=680 (25s)
[0-3sh] it137 ret=+0.342 kl=1.838 beta=0.038 n=716 (29s)
[0-3sh] it138 ret=+1.219 kl=1.882 beta=0.037 n=728 (29s)
[0-3sh] it139 ret=-0.214 kl=1.835 beta=0.037 n=695 (26s)
[0-3sh] it140 ret=+0.293 kl=1.808 beta=0.037 n=649 (23s)
[0-3sh] it141 ret=-0.723 kl=2.135 beta=0.036 n=780 (28s)
[0-3sh] it142 ret=+0.331 kl=1.423 beta=0.036 n=726 (24s)
[0-3sh] it143 ret=+1.404 kl=1.573 beta=0.036 n=748 (20s)
[0-3sh] it144 ret=+0.258 kl=2.090 beta=0.035 n=737 (23s)
[0-3sh] it145 ret=-0.317 kl=1.938 beta=0.035 n=718 (20s)
[0-3sh] it146 ret=+0.374 kl=1.710 beta=0.035 n=725 (21s)
[0-3sh] it147 ret=-0.214 kl=1.701 beta=0.034 n=798 (28s)
[0-3sh] it148 ret=+0.190 kl=1.595 beta=0.034 n=838 (25s)
[0-3sh] it149 ret=+0.599 kl=2.429 beta=0.034 n=694 (20s)
[0-3sh] it150 ret=-0.470 kl=1.926 beta=0.033 n=739 (21s)
[0-3sh] it151 ret=+0.508 kl=1.438 beta=0.033 n=777 (25s)
[0-3sh] it152 ret=-0.094 kl=1.938 beta=0.033 n=811 (19s)
[0-3sh] it153 ret=+0.480 kl=1.797 beta=0.032 n=724 (22s)
[0-3sh] it154 ret=+0.176 kl=1.963 beta=0.032 n=845 (24s)
[0-3sh] it155 ret=-0.366 kl=1.842 beta=0.032 n=723 (22s)
[0-3sh] it156 ret=-0.404 kl=1.712 beta=0.031 n=733 (23s)
[0-3sh] it157 ret=-0.324 kl=2.047 beta=0.031 n=759 (22s)
[0-3sh] it158 ret=-0.136 kl=1.841 beta=0.031 n=835 (25s)
[0-3sh] it159 ret=-0.184 kl=1.772 beta=0.030 n=652 (18s)
[0-3sh] it160 ret=-0.505 kl=1.671 beta=0.030 n=741 (22s)
  [gauntlet] after 0-3sh: net=+0 (best +0, not promoted)
[random] it161 ret=-0.475 kl=2.177 beta=0.030 n=706 (24s)
[random] it162 ret=-0.801 kl=2.362 beta=0.029 n=728 (24s)
[random] it163 ret=+0.254 kl=2.145 beta=0.029 n=712 (21s)
[random] it164 ret=+0.504 kl=2.382 beta=0.029 n=755 (24s)
[random] it165 ret=-0.292 kl=1.942 beta=0.029 n=737 (25s)
[random] it166 ret=-0.657 kl=2.197 beta=0.028 n=748 (25s)
[random] it167 ret=-0.169 kl=2.398 beta=0.028 n=692 (20s)
[random] it168 ret=-0.154 kl=2.380 beta=0.028 n=753 (23s)
[random] it169 ret=+0.090 kl=2.472 beta=0.027 n=821 (26s)
[random] it170 ret=-0.349 kl=2.326 beta=0.027 n=855 (26s)
[random] it171 ret=-0.562 kl=2.105 beta=0.027 n=762 (23s)
[random] it172 ret=-0.803 kl=2.533 beta=0.027 n=776 (23s)
[random] it173 ret=-1.140 kl=2.407 beta=0.026 n=744 (22s)
[random] it174 ret=+0.324 kl=2.336 beta=0.026 n=820 (24s)
[random] it175 ret=+0.721 kl=2.314 beta=0.026 n=762 (23s)
[random] it176 ret=-0.112 kl=2.141 beta=0.026 n=808 (23s)
[random] it177 ret=-0.490 kl=2.331 beta=0.025 n=785 (24s)
[random] it178 ret=-0.195 kl=2.146 beta=0.025 n=830 (24s)
[random] it179 ret=-0.737 kl=2.339 beta=0.025 n=749 (20s)
[random] it180 ret=+0.122 kl=2.193 beta=0.025 n=801 (24s)
[random] it181 ret=-0.434 kl=2.158 beta=0.024 n=783 (27s)
[random] it182 ret=+0.703 kl=2.393 beta=0.024 n=696 (27s)
[random] it183 ret=-0.572 kl=2.350 beta=0.024 n=760 (25s)
[random] it184 ret=-0.068 kl=2.550 beta=0.024 n=801 (23s)
[random] it185 ret=-0.357 kl=2.288 beta=0.023 n=736 (24s)
[random] it186 ret=-0.353 kl=2.358 beta=0.023 n=775 (24s)
[random] it187 ret=-0.306 kl=2.684 beta=0.023 n=721 (21s)
[random] it188 ret=-0.037 kl=2.434 beta=0.023 n=731 (21s)
[random] it189 ret=-0.914 kl=2.194 beta=0.022 n=745 (25s)
[random] it190 ret=-0.848 kl=2.458 beta=0.022 n=789 (21s)
[random] it191 ret=-0.690 kl=2.218 beta=0.022 n=776 (24s)
[random] it192 ret=-0.951 kl=2.763 beta=0.022 n=755 (22s)
[random] it193 ret=-0.419 kl=2.197 beta=0.022 n=756 (21s)
[random] it194 ret=-0.748 kl=2.445 beta=0.021 n=803 (26s)
[random] it195 ret=-0.851 kl=2.909 beta=0.021 n=733 (23s)
[random] it196 ret=-0.538 kl=2.834 beta=0.021 n=750 (18s)
[random] it197 ret=-0.143 kl=2.374 beta=0.021 n=795 (20s)
[random] it198 ret=-0.509 kl=2.509 beta=0.021 n=717 (19s)
[random] it199 ret=-0.576 kl=2.206 beta=0.020 n=812 (22s)
[random] it200 ret=-1.234 kl=2.507 beta=0.020 n=697 (18s)
  [gauntlet] after random: net=+0 (best +0, not promoted)
saved final curriculum model -> /root/mahjong/ckpt/cl_ladchun_b015.pkl
DONE
