/root/mahjong/caiest_repro/rl_league.py:149: FutureWarning: You are using `torch.load` with `weights_only=False` (the current default value), which uses the default pickle module implicitly. It is possible to construct malicious pickle data which will execute arbitrary code during unpickling (See https://github.com/pytorch/pytorch/blob/main/SECURITY.md#untrusted-models for more details). In a future release, the default value for `weights_only` will be flipped to `True`. This limits the functions that could be executed during unpickling. Arbitrary objects will no longer be allowed to be loaded via this mode unless they are explicitly allowlisted by the user via `torch.serialization.add_safe_globals`. We recommend you start setting `weights_only=True` for any use case where you don't have full control of the loaded file. Please open an issue on GitHub for any issues related to this experimental feature.
  sl = torch.load(a.base, map_location='cpu')
/root/mahjong/caiest_repro/rl_league.py:152: FutureWarning: You are using `torch.load` with `weights_only=False` (the current default value), which uses the default pickle module implicitly. It is possible to construct malicious pickle data which will execute arbitrary code during unpickling (See https://github.com/pytorch/pytorch/blob/main/SECURITY.md#untrusted-models for more details). In a future release, the default value for `weights_only` will be flipped to `True`. This limits the functions that could be executed during unpickling. Arbitrary objects will no longer be allowed to be loaded via this mode unless they are explicitly allowlisted by the user via `torch.serialization.add_safe_globals`. We recommend you start setting `weights_only=True` for any use case where you don't have full control of the loaded file. Please open an issue on GitHub for any issues related to this experimental feature.
  torch.save(torch.load(ap_path, map_location='cpu'),
  pool seeded: 00_sl + 12 diverse anchors
/root/mahjong/caiest_repro/rl_league.py:45: FutureWarning: You are using `torch.load` with `weights_only=False` (the current default value), which uses the default pickle module implicitly. It is possible to construct malicious pickle data which will execute arbitrary code during unpickling (See https://github.com/pytorch/pytorch/blob/main/SECURITY.md#untrusted-models for more details). In a future release, the default value for `weights_only` will be flipped to `True`. This limits the functions that could be executed during unpickling. Arbitrary objects will no longer be allowed to be loaded via this mode unless they are explicitly allowlisted by the user via `torch.serialization.add_safe_globals`. We recommend you start setting `weights_only=True` for any use case where you don't have full control of the loaded file. Please open an issue on GitHub for any issues related to this experimental feature.
  cur = ResBNCNN(channels=128, blocks=blocks); cur.load_state_dict(T.load(curpath, map_location='cpu')); cur.eval()
/root/mahjong/caiest_repro/rl_league.py:45: FutureWarning: You are using `torch.load` with `weights_only=False` (the current default value), which uses the default pickle module implicitly. It is possible to construct malicious pickle data which will execute arbitrary code during unpickling (See https://github.com/pytorch/pytorch/blob/main/SECURITY.md#untrusted-models for more details). In a future release, the default value for `weights_only` will be flipped to `True`. This limits the functions that could be executed during unpickling. Arbitrary objects will no longer be allowed to be loaded via this mode unless they are explicitly allowlisted by the user via `torch.serialization.add_safe_globals`. We recommend you start setting `weights_only=True` for any use case where you don't have full control of the loaded file. Please open an issue on GitHub for any issues related to this experimental feature.
  cur = ResBNCNN(channels=128, blocks=blocks); cur.load_state_dict(T.load(curpath, map_location='cpu')); cur.eval()
/root/mahjong/caiest_repro/rl_league.py:41: FutureWarning: You are using `torch.load` with `weights_only=False` (the current default value), which uses the default pickle module implicitly. It is possible to construct malicious pickle data which will execute arbitrary code during unpickling (See https://github.com/pytorch/pytorch/blob/main/SECURITY.md#untrusted-models for more details). In a future release, the default value for `weights_only` will be flipped to `True`. This limits the functions that could be executed during unpickling. Arbitrary objects will no longer be allowed to be loaded via this mode unless they are explicitly allowlisted by the user via `torch.serialization.add_safe_globals`. We recommend you start setting `weights_only=True` for any use case where you don't have full control of the loaded file. Please open an issue on GitHub for any issues related to this experimental feature.
  sd = T.load(path, map_location='cpu')
/root/mahjong/caiest_repro/rl_league.py:41: FutureWarning: You are using `torch.load` with `weights_only=False` (the current default value), which uses the default pickle module implicitly. It is possible to construct malicious pickle data which will execute arbitrary code during unpickling (See https://github.com/pytorch/pytorch/blob/main/SECURITY.md#untrusted-models for more details). In a future release, the default value for `weights_only` will be flipped to `True`. This limits the functions that could be executed during unpickling. Arbitrary objects will no longer be allowed to be loaded via this mode unless they are explicitly allowlisted by the user via `torch.serialization.add_safe_globals`. We recommend you start setting `weights_only=True` for any use case where you don't have full control of the loaded file. Please open an issue on GitHub for any issues related to this experimental feature.
  sd = T.load(path, map_location='cpu')
/root/mahjong/caiest_repro/rl_league.py:45: FutureWarning: You are using `torch.load` with `weights_only=False` (the current default value), which uses the default pickle module implicitly. It is possible to construct malicious pickle data which will execute arbitrary code during unpickling (See https://github.com/pytorch/pytorch/blob/main/SECURITY.md#untrusted-models for more details). In a future release, the default value for `weights_only` will be flipped to `True`. This limits the functions that could be executed during unpickling. Arbitrary objects will no longer be allowed to be loaded via this mode unless they are explicitly allowlisted by the user via `torch.serialization.add_safe_globals`. We recommend you start setting `weights_only=True` for any use case where you don't have full control of the loaded file. Please open an issue on GitHub for any issues related to this experimental feature.
  cur = ResBNCNN(channels=128, blocks=blocks); cur.load_state_dict(T.load(curpath, map_location='cpu')); cur.eval()
/root/mahjong/caiest_repro/rl_league.py:45: FutureWarning: You are using `torch.load` with `weights_only=False` (the current default value), which uses the default pickle module implicitly. It is possible to construct malicious pickle data which will execute arbitrary code during unpickling (See https://github.com/pytorch/pytorch/blob/main/SECURITY.md#untrusted-models for more details). In a future release, the default value for `weights_only` will be flipped to `True`. This limits the functions that could be executed during unpickling. Arbitrary objects will no longer be allowed to be loaded via this mode unless they are explicitly allowlisted by the user via `torch.serialization.add_safe_globals`. We recommend you start setting `weights_only=True` for any use case where you don't have full control of the loaded file. Please open an issue on GitHub for any issues related to this experimental feature.
  cur = ResBNCNN(channels=128, blocks=blocks); cur.load_state_dict(T.load(curpath, map_location='cpu')); cur.eval()
/root/mahjong/caiest_repro/rl_league.py:45: FutureWarning: You are using `torch.load` with `weights_only=False` (the current default value), which uses the default pickle module implicitly. It is possible to construct malicious pickle data which will execute arbitrary code during unpickling (See https://github.com/pytorch/pytorch/blob/main/SECURITY.md#untrusted-models for more details). In a future release, the default value for `weights_only` will be flipped to `True`. This limits the functions that could be executed during unpickling. Arbitrary objects will no longer be allowed to be loaded via this mode unless they are explicitly allowlisted by the user via `torch.serialization.add_safe_globals`. We recommend you start setting `weights_only=True` for any use case where you don't have full control of the loaded file. Please open an issue on GitHub for any issues related to this experimental feature.
  cur = ResBNCNN(channels=128, blocks=blocks); cur.load_state_dict(T.load(curpath, map_location='cpu')); cur.eval()
/root/mahjong/caiest_repro/rl_league.py:41: FutureWarning: You are using `torch.load` with `weights_only=False` (the current default value), which uses the default pickle module implicitly. It is possible to construct malicious pickle data which will execute arbitrary code during unpickling (See https://github.com/pytorch/pytorch/blob/main/SECURITY.md#untrusted-models for more details). In a future release, the default value for `weights_only` will be flipped to `True`. This limits the functions that could be executed during unpickling. Arbitrary objects will no longer be allowed to be loaded via this mode unless they are explicitly allowlisted by the user via `torch.serialization.add_safe_globals`. We recommend you start setting `weights_only=True` for any use case where you don't have full control of the loaded file. Please open an issue on GitHub for any issues related to this experimental feature.
  sd = T.load(path, map_location='cpu')
/root/mahjong/caiest_repro/rl_league.py:41: FutureWarning: You are using `torch.load` with `weights_only=False` (the current default value), which uses the default pickle module implicitly. It is possible to construct malicious pickle data which will execute arbitrary code during unpickling (See https://github.com/pytorch/pytorch/blob/main/SECURITY.md#untrusted-models for more details). In a future release, the default value for `weights_only` will be flipped to `True`. This limits the functions that could be executed during unpickling. Arbitrary objects will no longer be allowed to be loaded via this mode unless they are explicitly allowlisted by the user via `torch.serialization.add_safe_globals`. We recommend you start setting `weights_only=True` for any use case where you don't have full control of the loaded file. Please open an issue on GitHub for any issues related to this experimental feature.
  sd = T.load(path, map_location='cpu')
/root/mahjong/caiest_repro/rl_league.py:41: FutureWarning: You are using `torch.load` with `weights_only=False` (the current default value), which uses the default pickle module implicitly. It is possible to construct malicious pickle data which will execute arbitrary code during unpickling (See https://github.com/pytorch/pytorch/blob/main/SECURITY.md#untrusted-models for more details). In a future release, the default value for `weights_only` will be flipped to `True`. This limits the functions that could be executed during unpickling. Arbitrary objects will no longer be allowed to be loaded via this mode unless they are explicitly allowlisted by the user via `torch.serialization.add_safe_globals`. We recommend you start setting `weights_only=True` for any use case where you don't have full control of the loaded file. Please open an issue on GitHub for any issues related to this experimental feature.
  sd = T.load(path, map_location='cpu')
/root/mahjong/caiest_repro/rl_league.py:45: FutureWarning: You are using `torch.load` with `weights_only=False` (the current default value), which uses the default pickle module implicitly. It is possible to construct malicious pickle data which will execute arbitrary code during unpickling (See https://github.com/pytorch/pytorch/blob/main/SECURITY.md#untrusted-models for more details). In a future release, the default value for `weights_only` will be flipped to `True`. This limits the functions that could be executed during unpickling. Arbitrary objects will no longer be allowed to be loaded via this mode unless they are explicitly allowlisted by the user via `torch.serialization.add_safe_globals`. We recommend you start setting `weights_only=True` for any use case where you don't have full control of the loaded file. Please open an issue on GitHub for any issues related to this experimental feature.
  cur = ResBNCNN(channels=128, blocks=blocks); cur.load_state_dict(T.load(curpath, map_location='cpu')); cur.eval()
/root/mahjong/caiest_repro/rl_league.py:45: FutureWarning: You are using `torch.load` with `weights_only=False` (the current default value), which uses the default pickle module implicitly. It is possible to construct malicious pickle data which will execute arbitrary code during unpickling (See https://github.com/pytorch/pytorch/blob/main/SECURITY.md#untrusted-models for more details). In a future release, the default value for `weights_only` will be flipped to `True`. This limits the functions that could be executed during unpickling. Arbitrary objects will no longer be allowed to be loaded via this mode unless they are explicitly allowlisted by the user via `torch.serialization.add_safe_globals`. We recommend you start setting `weights_only=True` for any use case where you don't have full control of the loaded file. Please open an issue on GitHub for any issues related to this experimental feature.
  cur = ResBNCNN(channels=128, blocks=blocks); cur.load_state_dict(T.load(curpath, map_location='cpu')); cur.eval()
/root/mahjong/caiest_repro/rl_league.py:45: FutureWarning: You are using `torch.load` with `weights_only=False` (the current default value), which uses the default pickle module implicitly. It is possible to construct malicious pickle data which will execute arbitrary code during unpickling (See https://github.com/pytorch/pytorch/blob/main/SECURITY.md#untrusted-models for more details). In a future release, the default value for `weights_only` will be flipped to `True`. This limits the functions that could be executed during unpickling. Arbitrary objects will no longer be allowed to be loaded via this mode unless they are explicitly allowlisted by the user via `torch.serialization.add_safe_globals`. We recommend you start setting `weights_only=True` for any use case where you don't have full control of the loaded file. Please open an issue on GitHub for any issues related to this experimental feature.
  cur = ResBNCNN(channels=128, blocks=blocks); cur.load_state_dict(T.load(curpath, map_location='cpu')); cur.eval()
/root/mahjong/caiest_repro/rl_league.py:41: FutureWarning: You are using `torch.load` with `weights_only=False` (the current default value), which uses the default pickle module implicitly. It is possible to construct malicious pickle data which will execute arbitrary code during unpickling (See https://github.com/pytorch/pytorch/blob/main/SECURITY.md#untrusted-models for more details). In a future release, the default value for `weights_only` will be flipped to `True`. This limits the functions that could be executed during unpickling. Arbitrary objects will no longer be allowed to be loaded via this mode unless they are explicitly allowlisted by the user via `torch.serialization.add_safe_globals`. We recommend you start setting `weights_only=True` for any use case where you don't have full control of the loaded file. Please open an issue on GitHub for any issues related to this experimental feature.
  sd = T.load(path, map_location='cpu')
/root/mahjong/caiest_repro/rl_league.py:45: FutureWarning: You are using `torch.load` with `weights_only=False` (the current default value), which uses the default pickle module implicitly. It is possible to construct malicious pickle data which will execute arbitrary code during unpickling (See https://github.com/pytorch/pytorch/blob/main/SECURITY.md#untrusted-models for more details). In a future release, the default value for `weights_only` will be flipped to `True`. This limits the functions that could be executed during unpickling. Arbitrary objects will no longer be allowed to be loaded via this mode unless they are explicitly allowlisted by the user via `torch.serialization.add_safe_globals`. We recommend you start setting `weights_only=True` for any use case where you don't have full control of the loaded file. Please open an issue on GitHub for any issues related to this experimental feature.
  cur = ResBNCNN(channels=128, blocks=blocks); cur.load_state_dict(T.load(curpath, map_location='cpu')); cur.eval()
/root/mahjong/caiest_repro/rl_league.py:45: FutureWarning: You are using `torch.load` with `weights_only=False` (the current default value), which uses the default pickle module implicitly. It is possible to construct malicious pickle data which will execute arbitrary code during unpickling (See https://github.com/pytorch/pytorch/blob/main/SECURITY.md#untrusted-models for more details). In a future release, the default value for `weights_only` will be flipped to `True`. This limits the functions that could be executed during unpickling. Arbitrary objects will no longer be allowed to be loaded via this mode unless they are explicitly allowlisted by the user via `torch.serialization.add_safe_globals`. We recommend you start setting `weights_only=True` for any use case where you don't have full control of the loaded file. Please open an issue on GitHub for any issues related to this experimental feature.
  cur = ResBNCNN(channels=128, blocks=blocks); cur.load_state_dict(T.load(curpath, map_location='cpu')); cur.eval()
/root/mahjong/caiest_repro/rl_league.py:41: FutureWarning: You are using `torch.load` with `weights_only=False` (the current default value), which uses the default pickle module implicitly. It is possible to construct malicious pickle data which will execute arbitrary code during unpickling (See https://github.com/pytorch/pytorch/blob/main/SECURITY.md#untrusted-models for more details). In a future release, the default value for `weights_only` will be flipped to `True`. This limits the functions that could be executed during unpickling. Arbitrary objects will no longer be allowed to be loaded via this mode unless they are explicitly allowlisted by the user via `torch.serialization.add_safe_globals`. We recommend you start setting `weights_only=True` for any use case where you don't have full control of the loaded file. Please open an issue on GitHub for any issues related to this experimental feature.
  sd = T.load(path, map_location='cpu')
/root/mahjong/caiest_repro/rl_league.py:45: FutureWarning: You are using `torch.load` with `weights_only=False` (the current default value), which uses the default pickle module implicitly. It is possible to construct malicious pickle data which will execute arbitrary code during unpickling (See https://github.com/pytorch/pytorch/blob/main/SECURITY.md#untrusted-models for more details). In a future release, the default value for `weights_only` will be flipped to `True`. This limits the functions that could be executed during unpickling. Arbitrary objects will no longer be allowed to be loaded via this mode unless they are explicitly allowlisted by the user via `torch.serialization.add_safe_globals`. We recommend you start setting `weights_only=True` for any use case where you don't have full control of the loaded file. Please open an issue on GitHub for any issues related to this experimental feature.
  cur = ResBNCNN(channels=128, blocks=blocks); cur.load_state_dict(T.load(curpath, map_location='cpu')); cur.eval()
/root/mahjong/caiest_repro/rl_league.py:41: FutureWarning: You are using `torch.load` with `weights_only=False` (the current default value), which uses the default pickle module implicitly. It is possible to construct malicious pickle data which will execute arbitrary code during unpickling (See https://github.com/pytorch/pytorch/blob/main/SECURITY.md#untrusted-models for more details). In a future release, the default value for `weights_only` will be flipped to `True`. This limits the functions that could be executed during unpickling. Arbitrary objects will no longer be allowed to be loaded via this mode unless they are explicitly allowlisted by the user via `torch.serialization.add_safe_globals`. We recommend you start setting `weights_only=True` for any use case where you don't have full control of the loaded file. Please open an issue on GitHub for any issues related to this experimental feature.
  sd = T.load(path, map_location='cpu')
/root/mahjong/caiest_repro/rl_league.py:41: FutureWarning: You are using `torch.load` with `weights_only=False` (the current default value), which uses the default pickle module implicitly. It is possible to construct malicious pickle data which will execute arbitrary code during unpickling (See https://github.com/pytorch/pytorch/blob/main/SECURITY.md#untrusted-models for more details). In a future release, the default value for `weights_only` will be flipped to `True`. This limits the functions that could be executed during unpickling. Arbitrary objects will no longer be allowed to be loaded via this mode unless they are explicitly allowlisted by the user via `torch.serialization.add_safe_globals`. We recommend you start setting `weights_only=True` for any use case where you don't have full control of the loaded file. Please open an issue on GitHub for any issues related to this experimental feature.
  sd = T.load(path, map_location='cpu')
/root/mahjong/caiest_repro/rl_league.py:41: FutureWarning: You are using `torch.load` with `weights_only=False` (the current default value), which uses the default pickle module implicitly. It is possible to construct malicious pickle data which will execute arbitrary code during unpickling (See https://github.com/pytorch/pytorch/blob/main/SECURITY.md#untrusted-models for more details). In a future release, the default value for `weights_only` will be flipped to `True`. This limits the functions that could be executed during unpickling. Arbitrary objects will no longer be allowed to be loaded via this mode unless they are explicitly allowlisted by the user via `torch.serialization.add_safe_globals`. We recommend you start setting `weights_only=True` for any use case where you don't have full control of the loaded file. Please open an issue on GitHub for any issues related to this experimental feature.
  sd = T.load(path, map_location='cpu')
/root/mahjong/caiest_repro/rl_league.py:41: FutureWarning: You are using `torch.load` with `weights_only=False` (the current default value), which uses the default pickle module implicitly. It is possible to construct malicious pickle data which will execute arbitrary code during unpickling (See https://github.com/pytorch/pytorch/blob/main/SECURITY.md#untrusted-models for more details). In a future release, the default value for `weights_only` will be flipped to `True`. This limits the functions that could be executed during unpickling. Arbitrary objects will no longer be allowed to be loaded via this mode unless they are explicitly allowlisted by the user via `torch.serialization.add_safe_globals`. We recommend you start setting `weights_only=True` for any use case where you don't have full control of the loaded file. Please open an issue on GitHub for any issues related to this experimental feature.
  sd = T.load(path, map_location='cpu')
/root/mahjong/caiest_repro/rl_league.py:45: FutureWarning: You are using `torch.load` with `weights_only=False` (the current default value), which uses the default pickle module implicitly. It is possible to construct malicious pickle data which will execute arbitrary code during unpickling (See https://github.com/pytorch/pytorch/blob/main/SECURITY.md#untrusted-models for more details). In a future release, the default value for `weights_only` will be flipped to `True`. This limits the functions that could be executed during unpickling. Arbitrary objects will no longer be allowed to be loaded via this mode unless they are explicitly allowlisted by the user via `torch.serialization.add_safe_globals`. We recommend you start setting `weights_only=True` for any use case where you don't have full control of the loaded file. Please open an issue on GitHub for any issues related to this experimental feature.
  cur = ResBNCNN(channels=128, blocks=blocks); cur.load_state_dict(T.load(curpath, map_location='cpu')); cur.eval()
/root/mahjong/caiest_repro/rl_league.py:45: FutureWarning: You are using `torch.load` with `weights_only=False` (the current default value), which uses the default pickle module implicitly. It is possible to construct malicious pickle data which will execute arbitrary code during unpickling (See https://github.com/pytorch/pytorch/blob/main/SECURITY.md#untrusted-models for more details). In a future release, the default value for `weights_only` will be flipped to `True`. This limits the functions that could be executed during unpickling. Arbitrary objects will no longer be allowed to be loaded via this mode unless they are explicitly allowlisted by the user via `torch.serialization.add_safe_globals`. We recommend you start setting `weights_only=True` for any use case where you don't have full control of the loaded file. Please open an issue on GitHub for any issues related to this experimental feature.
  cur = ResBNCNN(channels=128, blocks=blocks); cur.load_state_dict(T.load(curpath, map_location='cpu')); cur.eval()
/root/mahjong/caiest_repro/rl_league.py:45: FutureWarning: You are using `torch.load` with `weights_only=False` (the current default value), which uses the default pickle module implicitly. It is possible to construct malicious pickle data which will execute arbitrary code during unpickling (See https://github.com/pytorch/pytorch/blob/main/SECURITY.md#untrusted-models for more details). In a future release, the default value for `weights_only` will be flipped to `True`. This limits the functions that could be executed during unpickling. Arbitrary objects will no longer be allowed to be loaded via this mode unless they are explicitly allowlisted by the user via `torch.serialization.add_safe_globals`. We recommend you start setting `weights_only=True` for any use case where you don't have full control of the loaded file. Please open an issue on GitHub for any issues related to this experimental feature.
  cur = ResBNCNN(channels=128, blocks=blocks); cur.load_state_dict(T.load(curpath, map_location='cpu')); cur.eval()
/root/mahjong/caiest_repro/rl_league.py:41: FutureWarning: You are using `torch.load` with `weights_only=False` (the current default value), which uses the default pickle module implicitly. It is possible to construct malicious pickle data which will execute arbitrary code during unpickling (See https://github.com/pytorch/pytorch/blob/main/SECURITY.md#untrusted-models for more details). In a future release, the default value for `weights_only` will be flipped to `True`. This limits the functions that could be executed during unpickling. Arbitrary objects will no longer be allowed to be loaded via this mode unless they are explicitly allowlisted by the user via `torch.serialization.add_safe_globals`. We recommend you start setting `weights_only=True` for any use case where you don't have full control of the loaded file. Please open an issue on GitHub for any issues related to this experimental feature.
  sd = T.load(path, map_location='cpu')
/root/mahjong/caiest_repro/rl_league.py:41: FutureWarning: You are using `torch.load` with `weights_only=False` (the current default value), which uses the default pickle module implicitly. It is possible to construct malicious pickle data which will execute arbitrary code during unpickling (See https://github.com/pytorch/pytorch/blob/main/SECURITY.md#untrusted-models for more details). In a future release, the default value for `weights_only` will be flipped to `True`. This limits the functions that could be executed during unpickling. Arbitrary objects will no longer be allowed to be loaded via this mode unless they are explicitly allowlisted by the user via `torch.serialization.add_safe_globals`. We recommend you start setting `weights_only=True` for any use case where you don't have full control of the loaded file. Please open an issue on GitHub for any issues related to this experimental feature.
  sd = T.load(path, map_location='cpu')
/root/mahjong/caiest_repro/rl_league.py:41: FutureWarning: You are using `torch.load` with `weights_only=False` (the current default value), which uses the default pickle module implicitly. It is possible to construct malicious pickle data which will execute arbitrary code during unpickling (See https://github.com/pytorch/pytorch/blob/main/SECURITY.md#untrusted-models for more details). In a future release, the default value for `weights_only` will be flipped to `True`. This limits the functions that could be executed during unpickling. Arbitrary objects will no longer be allowed to be loaded via this mode unless they are explicitly allowlisted by the user via `torch.serialization.add_safe_globals`. We recommend you start setting `weights_only=True` for any use case where you don't have full control of the loaded file. Please open an issue on GitHub for any issues related to this experimental feature.
  sd = T.load(path, map_location='cpu')
/root/mahjong/caiest_repro/rl_league.py:45: FutureWarning: You are using `torch.load` with `weights_only=False` (the current default value), which uses the default pickle module implicitly. It is possible to construct malicious pickle data which will execute arbitrary code during unpickling (See https://github.com/pytorch/pytorch/blob/main/SECURITY.md#untrusted-models for more details). In a future release, the default value for `weights_only` will be flipped to `True`. This limits the functions that could be executed during unpickling. Arbitrary objects will no longer be allowed to be loaded via this mode unless they are explicitly allowlisted by the user via `torch.serialization.add_safe_globals`. We recommend you start setting `weights_only=True` for any use case where you don't have full control of the loaded file. Please open an issue on GitHub for any issues related to this experimental feature.
  cur = ResBNCNN(channels=128, blocks=blocks); cur.load_state_dict(T.load(curpath, map_location='cpu')); cur.eval()
/root/mahjong/caiest_repro/rl_league.py:45: FutureWarning: You are using `torch.load` with `weights_only=False` (the current default value), which uses the default pickle module implicitly. It is possible to construct malicious pickle data which will execute arbitrary code during unpickling (See https://github.com/pytorch/pytorch/blob/main/SECURITY.md#untrusted-models for more details). In a future release, the default value for `weights_only` will be flipped to `True`. This limits the functions that could be executed during unpickling. Arbitrary objects will no longer be allowed to be loaded via this mode unless they are explicitly allowlisted by the user via `torch.serialization.add_safe_globals`. We recommend you start setting `weights_only=True` for any use case where you don't have full control of the loaded file. Please open an issue on GitHub for any issues related to this experimental feature.
  cur = ResBNCNN(channels=128, blocks=blocks); cur.load_state_dict(T.load(curpath, map_location='cpu')); cur.eval()
/root/mahjong/caiest_repro/rl_league.py:41: FutureWarning: You are using `torch.load` with `weights_only=False` (the current default value), which uses the default pickle module implicitly. It is possible to construct malicious pickle data which will execute arbitrary code during unpickling (See https://github.com/pytorch/pytorch/blob/main/SECURITY.md#untrusted-models for more details). In a future release, the default value for `weights_only` will be flipped to `True`. This limits the functions that could be executed during unpickling. Arbitrary objects will no longer be allowed to be loaded via this mode unless they are explicitly allowlisted by the user via `torch.serialization.add_safe_globals`. We recommend you start setting `weights_only=True` for any use case where you don't have full control of the loaded file. Please open an issue on GitHub for any issues related to this experimental feature.
  sd = T.load(path, map_location='cpu')
/root/mahjong/caiest_repro/rl_league.py:41: FutureWarning: You are using `torch.load` with `weights_only=False` (the current default value), which uses the default pickle module implicitly. It is possible to construct malicious pickle data which will execute arbitrary code during unpickling (See https://github.com/pytorch/pytorch/blob/main/SECURITY.md#untrusted-models for more details). In a future release, the default value for `weights_only` will be flipped to `True`. This limits the functions that could be executed during unpickling. Arbitrary objects will no longer be allowed to be loaded via this mode unless they are explicitly allowlisted by the user via `torch.serialization.add_safe_globals`. We recommend you start setting `weights_only=True` for any use case where you don't have full control of the loaded file. Please open an issue on GitHub for any issues related to this experimental feature.
  sd = T.load(path, map_location='cpu')
it 1/500 main_r=+0.369 kl=3.481 beta=0.199 exp_r=-0.277 exp_wr_vs_main=0.25 m=1455 e=335 (31s)
it 2/500 main_r=+0.380 kl=3.461 beta=0.199 exp_r=-0.189 exp_wr_vs_main=0.33 m=1572 e=488 (32s)
it 3/500 main_r=+0.126 kl=3.032 beta=0.198 exp_r=+0.014 exp_wr_vs_main=0.31 m=1659 e=508 (34s)
it 4/500 main_r=+0.139 kl=2.717 beta=0.198 exp_r=-0.023 exp_wr_vs_main=0.27 m=1768 e=610 (40s)
it 5/500 main_r=+0.062 kl=2.241 beta=0.197 exp_r=+0.058 exp_wr_vs_main=0.27 m=1840 e=606 (38s)
it 6/500 main_r=+0.115 kl=2.414 beta=0.196 exp_r=-0.054 exp_wr_vs_main=0.25 m=1602 e=599 (36s)
it 7/500 main_r=+0.138 kl=2.080 beta=0.196 exp_r=-0.005 exp_wr_vs_main=0.18 m=1742 e=625 (35s)
it 8/500 main_r=+0.189 kl=1.958 beta=0.195 exp_r=-0.107 exp_wr_vs_main=0.15 m=1735 e=522 (38s)
it 9/500 main_r=+0.072 kl=1.956 beta=0.195 exp_r=-0.365 exp_wr_vs_main=0.12 m=1780 e=612 (34s)
it 10/500 main_r=+0.067 kl=2.023 beta=0.194 exp_r=-0.002 exp_wr_vs_main=0.08 m=1791 e=567 (33s)
it 11/500 main_r=+0.188 kl=1.805 beta=0.193 exp_r=-0.191 exp_wr_vs_main=0.08 m=1739 e=508 (34s)
it 12/500 main_r=+0.268 kl=1.862 beta=0.193 exp_r=+0.019 exp_wr_vs_main=0.13 m=1698 e=492 (33s)
it 13/500 main_r=+0.123 kl=1.750 beta=0.192 exp_r=-0.122 exp_wr_vs_main=0.12 m=1789 e=578 (36s)
it 14/500 main_r=+0.126 kl=1.845 beta=0.192 exp_r=-0.222 exp_wr_vs_main=0.12 m=1720 e=573 (36s)
it 15/500 main_r=+0.176 kl=1.787 beta=0.191 exp_r=-0.166 exp_wr_vs_main=0.10 m=1799 e=555 (37s)
it 16/500 main_r=+0.119 kl=1.868 beta=0.191 exp_r=-0.351 exp_wr_vs_main=0.08 m=1746 e=579 (37s)
it 17/500 main_r=+0.181 kl=1.793 beta=0.190 exp_r=-0.326 exp_wr_vs_main=0.02 m=1686 e=535 (37s)
it 18/500 main_r=+0.254 kl=1.571 beta=0.189 exp_r=+0.044 exp_wr_vs_main=0.08 m=1733 e=481 (33s)
it 19/500 main_r=+0.146 kl=1.626 beta=0.189 exp_r=+0.045 exp_wr_vs_main=0.13 m=1646 e=499 (39s)
it 20/500 main_r=+0.108 kl=1.682 beta=0.188 exp_r=-0.187 exp_wr_vs_main=0.15 m=1656 e=536 (36s)
it 21/500 main_r=+0.059 kl=1.499 beta=0.188 exp_r=-0.066 exp_wr_vs_main=0.13 m=1685 e=615 (37s)
it 22/500 main_r=+0.104 kl=1.604 beta=0.187 exp_r=+0.016 exp_wr_vs_main=0.18 m=1610 e=520 (36s)
it 23/500 main_r=+0.049 kl=1.658 beta=0.187 exp_r=-0.044 exp_wr_vs_main=0.12 m=1689 e=613 (38s)
it 24/500 main_r=+0.209 kl=1.562 beta=0.186 exp_r=-0.041 exp_wr_vs_main=0.08 m=1718 e=585 (35s)
it 25/500 main_r=+0.064 kl=1.604 beta=0.186 exp_r=-0.251 exp_wr_vs_main=0.08 m=1686 e=549 (35s)
  saved -> /root/mahjong/ckpt/rl_league_ladchun_lowkl.pkl
it 26/500 main_r=+0.112 kl=1.699 beta=0.185 exp_r=-0.171 exp_wr_vs_main=0.08 m=1787 e=558 (35s)
it 27/500 main_r=+0.122 kl=1.469 beta=0.184 exp_r=-0.145 exp_wr_vs_main=0.03 m=1751 e=544 (35s)
it 28/500 main_r=+0.033 kl=1.494 beta=0.184 exp_r=-0.076 exp_wr_vs_main=0.05 m=1726 e=498 (33s)
it 29/500 main_r=+0.237 kl=1.551 beta=0.183 exp_r=-0.100 exp_wr_vs_main=0.03 m=1706 e=539 (35s)
it 30/500 main_r=+0.182 kl=1.382 beta=0.183 exp_r=+0.026 exp_wr_vs_main=0.05 m=1680 e=543 (40s)
it 31/500 main_r=+0.069 kl=1.543 beta=0.182 exp_r=-0.204 exp_wr_vs_main=0.05 m=1776 e=590 (41s)
it 32/500 main_r=+0.095 kl=1.349 beta=0.182 exp_r=-0.012 exp_wr_vs_main=0.05 m=1565 e=586 (37s)
it 33/500 main_r=+0.215 kl=1.490 beta=0.181 exp_r=-0.217 exp_wr_vs_main=0.03 m=1724 e=531 (32s)
it 34/500 main_r=+0.137 kl=1.745 beta=0.181 exp_r=-0.048 exp_wr_vs_main=0.03 m=1771 e=587 (36s)
it 35/500 main_r=+0.046 kl=1.358 beta=0.180 exp_r=-0.258 exp_wr_vs_main=0.00 m=1695 e=517 (32s)
it 36/500 main_r=+0.145 kl=1.425 beta=0.179 exp_r=-0.286 exp_wr_vs_main=0.00 m=1596 e=519 (34s)
it 37/500 main_r=+0.202 kl=1.562 beta=0.179 exp_r=-0.088 exp_wr_vs_main=0.00 m=1683 e=529 (34s)
it 38/500 main_r=+0.117 kl=1.425 beta=0.178 exp_r=-0.113 exp_wr_vs_main=0.00 m=1658 e=547 (37s)
it 39/500 main_r=+0.256 kl=1.535 beta=0.178 exp_r=-0.026 exp_wr_vs_main=0.00 m=1739 e=559 (37s)
it 40/500 main_r=+0.071 kl=1.354 beta=0.177 exp_r=-0.269 exp_wr_vs_main=0.00 m=1773 e=501 (36s)
it 41/500 main_r=+0.127 kl=1.378 beta=0.177 exp_r=-0.314 exp_wr_vs_main=0.00 m=1735 e=529 (38s)
it 42/500 main_r=+0.286 kl=1.508 beta=0.176 exp_r=-0.193 exp_wr_vs_main=0.00 m=1693 e=508 (34s)
it 43/500 main_r=+0.305 kl=1.164 beta=0.176 exp_r=-0.128 exp_wr_vs_main=0.00 m=1647 e=578 (36s)
it 44/500 main_r=+0.105 kl=1.191 beta=0.175 exp_r=-0.233 exp_wr_vs_main=0.00 m=1716 e=516 (36s)
it 45/500 main_r=+0.125 kl=1.424 beta=0.175 exp_r=-0.209 exp_wr_vs_main=0.02 m=1633 e=429 (30s)
it 46/500 main_r=+0.227 kl=1.246 beta=0.174 exp_r=-0.205 exp_wr_vs_main=0.02 m=1573 e=536 (34s)
it 47/500 main_r=+0.267 kl=1.340 beta=0.174 exp_r=-0.383 exp_wr_vs_main=0.02 m=1639 e=538 (33s)
it 48/500 main_r=+0.259 kl=1.461 beta=0.173 exp_r=-0.197 exp_wr_vs_main=0.02 m=1513 e=521 (33s)
it 49/500 main_r=+0.237 kl=1.415 beta=0.173 exp_r=-0.211 exp_wr_vs_main=0.02 m=1630 e=490 (31s)
it 50/500 main_r=+0.261 kl=1.302 beta=0.172 exp_r=-0.177 exp_wr_vs_main=0.00 m=1706 e=485 (36s)
  saved -> /root/mahjong/ckpt/rl_league_ladchun_lowkl.pkl
it 51/500 main_r=+0.258 kl=1.242 beta=0.172 exp_r=-0.228 exp_wr_vs_main=0.00 m=1571 e=538 (34s)
it 52/500 main_r=+0.237 kl=1.228 beta=0.171 exp_r=-0.188 exp_wr_vs_main=0.00 m=1635 e=521 (34s)
it 53/500 main_r=+0.035 kl=1.460 beta=0.171 exp_r=-0.075 exp_wr_vs_main=0.00 m=1660 e=517 (34s)
it 54/500 main_r=+0.174 kl=1.291 beta=0.170 exp_r=-0.239 exp_wr_vs_main=0.00 m=1703 e=497 (37s)
it 55/500 main_r=+0.279 kl=1.214 beta=0.170 exp_r=-0.285 exp_wr_vs_main=0.00 m=1622 e=536 (33s)
it 56/500 main_r=+0.214 kl=1.445 beta=0.169 exp_r=-0.144 exp_wr_vs_main=0.00 m=1535 e=522 (35s)
it 57/500 main_r=+0.185 kl=1.309 beta=0.169 exp_r=-0.073 exp_wr_vs_main=0.00 m=1799 e=557 (37s)
it 58/500 main_r=+0.167 kl=1.405 beta=0.168 exp_r=-0.392 exp_wr_vs_main=0.00 m=1767 e=505 (33s)
it 59/500 main_r=+0.166 kl=1.396 beta=0.168 exp_r=-0.062 exp_wr_vs_main=0.00 m=1687 e=565 (37s)
it 60/500 main_r=+0.135 kl=1.486 beta=0.167 exp_r=-0.168 exp_wr_vs_main=0.00 m=1611 e=514 (33s)
it 61/500 main_r=+0.220 kl=1.249 beta=0.167 exp_r=-0.055 exp_wr_vs_main=0.00 m=1745 e=519 (39s)
it 62/500 main_r=+0.091 kl=1.321 beta=0.166 exp_r=-0.156 exp_wr_vs_main=0.00 m=1614 e=524 (35s)
it 63/500 main_r=+0.248 kl=1.024 beta=0.166 exp_r=-0.193 exp_wr_vs_main=0.00 m=1624 e=572 (39s)
it 64/500 main_r=+0.239 kl=1.408 beta=0.165 exp_r=-0.258 exp_wr_vs_main=0.00 m=1737 e=486 (34s)
it 65/500 main_r=+0.210 kl=1.290 beta=0.165 exp_r=-0.035 exp_wr_vs_main=0.00 m=1594 e=568 (34s)
it 66/500 main_r=+0.168 kl=1.134 beta=0.164 exp_r=-0.340 exp_wr_vs_main=0.00 m=1633 e=442 (32s)
it 67/500 main_r=+0.016 kl=1.433 beta=0.164 exp_r=-0.565 exp_wr_vs_main=0.00 m=1681 e=450 (31s)
it 68/500 main_r=+0.208 kl=1.267 beta=0.163 exp_r=-0.349 exp_wr_vs_main=0.00 m=1706 e=507 (33s)
it 69/500 main_r=+0.122 kl=1.233 beta=0.163 exp_r=-0.200 exp_wr_vs_main=0.00 m=1661 e=559 (31s)
it 70/500 main_r=+0.167 kl=1.187 beta=0.162 exp_r=-0.199 exp_wr_vs_main=0.00 m=1514 e=537 (32s)
it 71/500 main_r=+0.080 kl=1.121 beta=0.162 exp_r=-0.453 exp_wr_vs_main=0.00 m=1507 e=541 (32s)
it 72/500 main_r=+0.164 kl=1.167 beta=0.161 exp_r=-0.289 exp_wr_vs_main=0.00 m=1645 e=534 (34s)
it 73/500 main_r=+0.227 kl=1.097 beta=0.161 exp_r=-0.174 exp_wr_vs_main=0.00 m=1504 e=504 (34s)
it 74/500 main_r=+0.157 kl=1.179 beta=0.160 exp_r=-0.140 exp_wr_vs_main=0.00 m=1569 e=529 (37s)
it 75/500 main_r=+0.107 kl=1.007 beta=0.160 exp_r=-0.045 exp_wr_vs_main=0.00 m=1506 e=568 (36s)
  saved -> /root/mahjong/ckpt/rl_league_ladchun_lowkl.pkl
it 76/500 main_r=+0.112 kl=1.074 beta=0.159 exp_r=-0.185 exp_wr_vs_main=0.02 m=1610 e=474 (33s)
it 77/500 main_r=+0.136 kl=1.029 beta=0.159 exp_r=-0.114 exp_wr_vs_main=0.02 m=1608 e=521 (34s)
it 78/500 main_r=+0.262 kl=1.006 beta=0.158 exp_r=-0.224 exp_wr_vs_main=0.02 m=1609 e=512 (32s)
it 79/500 main_r=+0.266 kl=1.197 beta=0.158 exp_r=-0.263 exp_wr_vs_main=0.02 m=1580 e=498 (34s)
it 80/500 main_r=+0.136 kl=1.129 beta=0.157 exp_r=-0.529 exp_wr_vs_main=0.02 m=1651 e=473 (33s)
it 81/500 main_r=+0.259 kl=1.107 beta=0.157 exp_r=-0.207 exp_wr_vs_main=0.00 m=1519 e=557 (34s)
it 82/500 main_r=+0.347 kl=1.088 beta=0.156 exp_r=-0.188 exp_wr_vs_main=0.00 m=1539 e=515 (30s)
it 83/500 main_r=+0.234 kl=1.226 beta=0.156 exp_r=-0.333 exp_wr_vs_main=0.00 m=1478 e=474 (32s)
it 84/500 main_r=+0.228 kl=1.128 beta=0.155 exp_r=-0.197 exp_wr_vs_main=0.00 m=1419 e=504 (31s)
it 85/500 main_r=+0.141 kl=1.205 beta=0.155 exp_r=-0.332 exp_wr_vs_main=0.00 m=1562 e=512 (32s)
it 86/500 main_r=+0.432 kl=1.255 beta=0.154 exp_r=-0.183 exp_wr_vs_main=0.00 m=1459 e=571 (33s)
it 87/500 main_r=+0.117 kl=1.145 beta=0.154 exp_r=-0.165 exp_wr_vs_main=0.00 m=1625 e=514 (33s)
it 88/500 main_r=+0.102 kl=1.010 beta=0.154 exp_r=-0.178 exp_wr_vs_main=0.00 m=1509 e=452 (31s)
it 89/500 main_r=+0.209 kl=0.928 beta=0.153 exp_r=-0.269 exp_wr_vs_main=0.00 m=1529 e=487 (34s)
it 90/500 main_r=+0.147 kl=1.025 beta=0.153 exp_r=-0.317 exp_wr_vs_main=0.00 m=1668 e=460 (36s)
it 91/500 main_r=+0.342 kl=0.970 beta=0.152 exp_r=-0.275 exp_wr_vs_main=0.00 m=1655 e=491 (33s)
it 92/500 main_r=+0.215 kl=1.033 beta=0.152 exp_r=-0.302 exp_wr_vs_main=0.00 m=1526 e=497 (31s)
it 93/500 main_r=+0.172 kl=1.051 beta=0.151 exp_r=-0.342 exp_wr_vs_main=0.00 m=1541 e=476 (32s)
it 94/500 main_r=+0.270 kl=1.074 beta=0.151 exp_r=-0.406 exp_wr_vs_main=0.00 m=1517 e=502 (31s)
it 95/500 main_r=+0.275 kl=1.040 beta=0.150 exp_r=-0.337 exp_wr_vs_main=0.00 m=1481 e=457 (32s)
it 96/500 main_r=+0.278 kl=1.059 beta=0.150 exp_r=-0.433 exp_wr_vs_main=0.00 m=1569 e=434 (33s)
it 97/500 main_r=+0.158 kl=1.077 beta=0.149 exp_r=-0.260 exp_wr_vs_main=0.00 m=1440 e=518 (33s)
it 98/500 main_r=+0.170 kl=1.083 beta=0.149 exp_r=-0.138 exp_wr_vs_main=0.00 m=1480 e=485 (34s)
it 99/500 main_r=+0.193 kl=0.917 beta=0.149 exp_r=-0.432 exp_wr_vs_main=0.00 m=1409 e=470 (30s)
it 100/500 main_r=+0.078 kl=1.216 beta=0.148 exp_r=-0.469 exp_wr_vs_main=0.00 m=1613 e=396 (32s)
  saved -> /root/mahjong/ckpt/rl_league_ladchun_lowkl.pkl
it 101/500 main_r=+0.277 kl=0.958 beta=0.148 exp_r=-0.329 exp_wr_vs_main=0.00 m=1469 e=460 (32s)
it 102/500 main_r=+0.227 kl=1.020 beta=0.147 exp_r=-0.436 exp_wr_vs_main=0.00 m=1512 e=452 (32s)
it 103/500 main_r=+0.302 kl=1.055 beta=0.147 exp_r=-0.302 exp_wr_vs_main=0.00 m=1584 e=503 (34s)
it 104/500 main_r=+0.214 kl=1.132 beta=0.146 exp_r=-0.376 exp_wr_vs_main=0.00 m=1416 e=502 (32s)
it 105/500 main_r=+0.223 kl=1.120 beta=0.146 exp_r=-0.130 exp_wr_vs_main=0.00 m=1460 e=530 (33s)
it 106/500 main_r=+0.271 kl=1.040 beta=0.145 exp_r=-0.236 exp_wr_vs_main=0.00 m=1445 e=493 (31s)
it 107/500 main_r=+0.217 kl=1.001 beta=0.145 exp_r=-0.247 exp_wr_vs_main=0.00 m=1577 e=513 (37s)
it 108/500 main_r=+0.100 kl=0.942 beta=0.145 exp_r=-0.264 exp_wr_vs_main=0.00 m=1433 e=519 (35s)
it 109/500 main_r=+0.259 kl=1.102 beta=0.144 exp_r=-0.180 exp_wr_vs_main=0.00 m=1408 e=506 (33s)
it 110/500 main_r=+0.173 kl=1.131 beta=0.144 exp_r=-0.160 exp_wr_vs_main=0.00 m=1546 e=537 (34s)
it 111/500 main_r=+0.174 kl=0.960 beta=0.143 exp_r=-0.183 exp_wr_vs_main=0.00 m=1592 e=504 (32s)
it 112/500 main_r=+0.324 kl=0.988 beta=0.143 exp_r=-0.427 exp_wr_vs_main=0.00 m=1429 e=461 (31s)
it 113/500 main_r=+0.132 kl=1.027 beta=0.142 exp_r=-0.284 exp_wr_vs_main=0.00 m=1477 e=456 (29s)
it 114/500 main_r=+0.041 kl=1.052 beta=0.142 exp_r=-0.456 exp_wr_vs_main=0.00 m=1557 e=458 (30s)
it 115/500 main_r=+0.085 kl=0.927 beta=0.142 exp_r=-0.234 exp_wr_vs_main=0.00 m=1412 e=510 (34s)
it 116/500 main_r=+0.197 kl=1.110 beta=0.141 exp_r=-0.395 exp_wr_vs_main=0.00 m=1677 e=435 (38s)
it 117/500 main_r=+0.137 kl=1.058 beta=0.141 exp_r=-0.256 exp_wr_vs_main=0.00 m=1410 e=449 (33s)
it 118/500 main_r=+0.056 kl=0.943 beta=0.140 exp_r=-0.306 exp_wr_vs_main=0.00 m=1615 e=516 (35s)
it 119/500 main_r=+0.248 kl=0.948 beta=0.140 exp_r=-0.405 exp_wr_vs_main=0.00 m=1498 e=492 (34s)
it 120/500 main_r=+0.137 kl=0.927 beta=0.139 exp_r=-0.304 exp_wr_vs_main=0.00 m=1572 e=473 (33s)
it 121/500 main_r=+0.172 kl=1.044 beta=0.139 exp_r=-0.241 exp_wr_vs_main=0.00 m=1625 e=551 (37s)
it 122/500 main_r=+0.210 kl=1.050 beta=0.139 exp_r=-0.215 exp_wr_vs_main=0.00 m=1549 e=495 (34s)
it 123/500 main_r=+0.206 kl=1.013 beta=0.138 exp_r=-0.219 exp_wr_vs_main=0.00 m=1536 e=543 (34s)
it 124/500 main_r=+0.056 kl=0.955 beta=0.138 exp_r=-0.335 exp_wr_vs_main=0.00 m=1591 e=476 (34s)
it 125/500 main_r=+0.229 kl=1.072 beta=0.137 exp_r=-0.514 exp_wr_vs_main=0.00 m=1458 e=460 (37s)
  saved -> /root/mahjong/ckpt/rl_league_ladchun_lowkl.pkl
it 126/500 main_r=+0.210 kl=1.064 beta=0.137 exp_r=-0.349 exp_wr_vs_main=0.02 m=1508 e=456 (36s)
it 127/500 main_r=-0.017 kl=1.162 beta=0.137 exp_r=-0.283 exp_wr_vs_main=0.02 m=1593 e=481 (34s)
it 128/500 main_r=+0.156 kl=1.022 beta=0.136 exp_r=-0.400 exp_wr_vs_main=0.02 m=1506 e=479 (32s)
it 129/500 main_r=+0.319 kl=0.986 beta=0.136 exp_r=-0.318 exp_wr_vs_main=0.02 m=1511 e=491 (32s)
it 130/500 main_r=+0.065 kl=1.009 beta=0.135 exp_r=-0.312 exp_wr_vs_main=0.02 m=1520 e=455 (32s)
it 131/500 main_r=+0.243 kl=0.903 beta=0.135 exp_r=-0.359 exp_wr_vs_main=0.00 m=1392 e=479 (30s)
it 132/500 main_r=+0.379 kl=1.094 beta=0.135 exp_r=-0.244 exp_wr_vs_main=0.00 m=1582 e=465 (33s)
it 133/500 main_r=+0.014 kl=1.026 beta=0.134 exp_r=-0.284 exp_wr_vs_main=0.02 m=1477 e=457 (33s)
it 134/500 main_r=+0.072 kl=1.120 beta=0.134 exp_r=-0.543 exp_wr_vs_main=0.02 m=1508 e=471 (33s)
it 135/500 main_r=+0.177 kl=0.933 beta=0.133 exp_r=-0.328 exp_wr_vs_main=0.02 m=1551 e=392 (30s)
it 136/500 main_r=+0.303 kl=1.095 beta=0.133 exp_r=-0.474 exp_wr_vs_main=0.02 m=1505 e=510 (34s)
it 137/500 main_r=+0.138 kl=0.994 beta=0.133 exp_r=-0.319 exp_wr_vs_main=0.02 m=1585 e=485 (36s)
it 138/500 main_r=+0.210 kl=1.013 beta=0.132 exp_r=-0.508 exp_wr_vs_main=0.00 m=1610 e=430 (32s)
it 139/500 main_r=+0.161 kl=1.026 beta=0.132 exp_r=-0.224 exp_wr_vs_main=0.00 m=1587 e=483 (33s)
it 140/500 main_r=+0.192 kl=1.077 beta=0.131 exp_r=-0.185 exp_wr_vs_main=0.00 m=1552 e=471 (30s)
it 141/500 main_r=+0.111 kl=0.926 beta=0.131 exp_r=-0.174 exp_wr_vs_main=0.00 m=1421 e=573 (34s)
it 142/500 main_r=+0.268 kl=1.068 beta=0.131 exp_r=-0.467 exp_wr_vs_main=0.00 m=1442 e=431 (32s)
it 143/500 main_r=+0.170 kl=1.019 beta=0.130 exp_r=-0.472 exp_wr_vs_main=0.00 m=1532 e=442 (31s)
it 144/500 main_r=+0.224 kl=0.958 beta=0.130 exp_r=-0.440 exp_wr_vs_main=0.00 m=1435 e=520 (34s)
it 145/500 main_r=+0.159 kl=1.061 beta=0.129 exp_r=-0.217 exp_wr_vs_main=0.00 m=1416 e=488 (36s)
it 146/500 main_r=+0.276 kl=1.137 beta=0.129 exp_r=-0.485 exp_wr_vs_main=0.00 m=1321 e=379 (26s)
it 147/500 main_r=+0.131 kl=1.053 beta=0.129 exp_r=-0.268 exp_wr_vs_main=0.00 m=1537 e=506 (33s)
it 148/500 main_r=+0.334 kl=0.935 beta=0.128 exp_r=-0.199 exp_wr_vs_main=0.00 m=1484 e=479 (34s)
it 149/500 main_r=+0.136 kl=0.976 beta=0.128 exp_r=-0.190 exp_wr_vs_main=0.00 m=1495 e=541 (38s)
it 150/500 main_r=+0.181 kl=0.935 beta=0.127 exp_r=-0.353 exp_wr_vs_main=0.00 m=1500 e=466 (33s)
  saved -> /root/mahjong/ckpt/rl_league_ladchun_lowkl.pkl
it 151/500 main_r=+0.215 kl=0.974 beta=0.127 exp_r=-0.566 exp_wr_vs_main=0.00 m=1489 e=372 (29s)
it 152/500 main_r=+0.116 kl=0.988 beta=0.127 exp_r=-0.308 exp_wr_vs_main=0.02 m=1479 e=415 (29s)
it 153/500 main_r=+0.216 kl=0.931 beta=0.126 exp_r=-0.698 exp_wr_vs_main=0.02 m=1569 e=449 (31s)
it 154/500 main_r=+0.009 kl=1.081 beta=0.126 exp_r=-0.218 exp_wr_vs_main=0.02 m=1553 e=508 (36s)
it 155/500 main_r=+0.214 kl=0.914 beta=0.126 exp_r=-0.445 exp_wr_vs_main=0.02 m=1529 e=425 (31s)
it 156/500 main_r=+0.277 kl=1.044 beta=0.125 exp_r=-0.402 exp_wr_vs_main=0.02 m=1429 e=489 (33s)
it 157/500 main_r=+0.145 kl=0.800 beta=0.125 exp_r=-0.322 exp_wr_vs_main=0.00 m=1454 e=472 (35s)
it 158/500 main_r=+0.183 kl=0.914 beta=0.124 exp_r=-0.427 exp_wr_vs_main=0.00 m=1519 e=464 (31s)
it 159/500 main_r=+0.145 kl=0.978 beta=0.124 exp_r=-0.232 exp_wr_vs_main=0.00 m=1512 e=474 (33s)
it 160/500 main_r=+0.130 kl=0.967 beta=0.124 exp_r=-0.209 exp_wr_vs_main=0.00 m=1593 e=526 (37s)
it 161/500 main_r=+0.109 kl=1.022 beta=0.123 exp_r=-0.342 exp_wr_vs_main=0.00 m=1424 e=485 (34s)
it 162/500 main_r=+0.158 kl=0.818 beta=0.123 exp_r=-0.337 exp_wr_vs_main=0.00 m=1451 e=492 (34s)
it 163/500 main_r=+0.244 kl=1.074 beta=0.123 exp_r=-0.397 exp_wr_vs_main=0.00 m=1481 e=465 (30s)
it 164/500 main_r=+0.001 kl=0.848 beta=0.122 exp_r=-0.144 exp_wr_vs_main=0.00 m=1344 e=501 (30s)
it 165/500 main_r=+0.254 kl=0.998 beta=0.122 exp_r=-0.283 exp_wr_vs_main=0.00 m=1563 e=526 (32s)
it 166/500 main_r=+0.251 kl=0.929 beta=0.121 exp_r=-0.399 exp_wr_vs_main=0.00 m=1437 e=520 (35s)
it 167/500 main_r=-0.014 kl=1.020 beta=0.121 exp_r=-0.285 exp_wr_vs_main=0.00 m=1377 e=527 (31s)
it 168/500 main_r=+0.222 kl=0.916 beta=0.121 exp_r=-0.213 exp_wr_vs_main=0.00 m=1377 e=466 (29s)
it 169/500 main_r=+0.350 kl=1.017 beta=0.120 exp_r=-0.239 exp_wr_vs_main=0.00 m=1494 e=523 (35s)
it 170/500 main_r=+0.253 kl=0.827 beta=0.120 exp_r=-0.206 exp_wr_vs_main=0.00 m=1548 e=547 (36s)
it 171/500 main_r=+0.178 kl=0.974 beta=0.120 exp_r=-0.264 exp_wr_vs_main=0.00 m=1470 e=412 (32s)
it 172/500 main_r=+0.166 kl=0.908 beta=0.119 exp_r=-0.331 exp_wr_vs_main=0.00 m=1519 e=528 (32s)
it 173/500 main_r=+0.270 kl=0.968 beta=0.119 exp_r=-0.257 exp_wr_vs_main=0.00 m=1423 e=545 (35s)
it 174/500 main_r=+0.162 kl=0.819 beta=0.119 exp_r=-0.284 exp_wr_vs_main=0.00 m=1430 e=521 (31s)
it 175/500 main_r=+0.103 kl=0.872 beta=0.118 exp_r=-0.460 exp_wr_vs_main=0.00 m=1415 e=483 (33s)
  saved -> /root/mahjong/ckpt/rl_league_ladchun_lowkl.pkl
it 176/500 main_r=+0.189 kl=0.870 beta=0.118 exp_r=-0.160 exp_wr_vs_main=0.00 m=1526 e=494 (33s)
it 177/500 main_r=+0.253 kl=0.848 beta=0.118 exp_r=-0.172 exp_wr_vs_main=0.00 m=1440 e=511 (32s)
it 178/500 main_r=+0.144 kl=0.992 beta=0.117 exp_r=-0.288 exp_wr_vs_main=0.00 m=1639 e=490 (33s)
it 179/500 main_r=+0.231 kl=1.022 beta=0.117 exp_r=-0.328 exp_wr_vs_main=0.00 m=1428 e=473 (33s)
it 180/500 main_r=+0.303 kl=1.017 beta=0.116 exp_r=-0.252 exp_wr_vs_main=0.00 m=1578 e=532 (33s)
it 181/500 main_r=+0.324 kl=0.871 beta=0.116 exp_r=-0.489 exp_wr_vs_main=0.00 m=1426 e=520 (31s)
it 182/500 main_r=+0.124 kl=1.046 beta=0.116 exp_r=-0.295 exp_wr_vs_main=0.00 m=1388 e=512 (26s)
it 183/500 main_r=+0.295 kl=0.956 beta=0.115 exp_r=-0.417 exp_wr_vs_main=0.00 m=1455 e=511 (32s)
it 184/500 main_r=+0.203 kl=0.988 beta=0.115 exp_r=-0.382 exp_wr_vs_main=0.00 m=1553 e=488 (31s)
it 185/500 main_r=+0.205 kl=0.992 beta=0.115 exp_r=-0.405 exp_wr_vs_main=0.00 m=1283 e=516 (29s)
it 186/500 main_r=+0.261 kl=0.983 beta=0.114 exp_r=-0.409 exp_wr_vs_main=0.00 m=1449 e=520 (30s)
it 187/500 main_r=+0.130 kl=1.105 beta=0.114 exp_r=-0.246 exp_wr_vs_main=0.00 m=1512 e=514 (31s)
it 188/500 main_r=+0.069 kl=1.020 beta=0.114 exp_r=-0.526 exp_wr_vs_main=0.00 m=1483 e=499 (32s)
it 189/500 main_r=+0.131 kl=0.791 beta=0.113 exp_r=-0.592 exp_wr_vs_main=0.00 m=1441 e=482 (35s)
it 190/500 main_r=+0.264 kl=0.942 beta=0.113 exp_r=-0.511 exp_wr_vs_main=0.00 m=1573 e=460 (30s)
it 191/500 main_r=+0.218 kl=0.881 beta=0.113 exp_r=-0.538 exp_wr_vs_main=0.00 m=1467 e=447 (30s)
it 192/500 main_r=+0.183 kl=1.023 beta=0.112 exp_r=-0.373 exp_wr_vs_main=0.00 m=1494 e=469 (37s)
it 193/500 main_r=+0.128 kl=0.976 beta=0.112 exp_r=-0.374 exp_wr_vs_main=0.00 m=1334 e=481 (31s)
it 194/500 main_r=+0.203 kl=0.900 beta=0.112 exp_r=-0.373 exp_wr_vs_main=0.00 m=1553 e=466 (32s)
it 195/500 main_r=+0.155 kl=0.839 beta=0.111 exp_r=-0.427 exp_wr_vs_main=0.00 m=1463 e=480 (31s)
it 196/500 main_r=+0.120 kl=0.966 beta=0.111 exp_r=-0.327 exp_wr_vs_main=0.00 m=1502 e=495 (34s)
it 197/500 main_r=+0.221 kl=0.939 beta=0.111 exp_r=-0.184 exp_wr_vs_main=0.00 m=1565 e=499 (34s)
it 198/500 main_r=+0.175 kl=0.979 beta=0.110 exp_r=-0.394 exp_wr_vs_main=0.00 m=1512 e=434 (32s)
it 199/500 main_r=+0.306 kl=0.788 beta=0.110 exp_r=-0.625 exp_wr_vs_main=0.00 m=1411 e=521 (34s)
it 200/500 main_r=+0.267 kl=1.018 beta=0.110 exp_r=-0.241 exp_wr_vs_main=0.00 m=1288 e=523 (31s)
  saved -> /root/mahjong/ckpt/rl_league_ladchun_lowkl.pkl
it 201/500 main_r=+0.278 kl=0.973 beta=0.109 exp_r=-0.201 exp_wr_vs_main=0.00 m=1418 e=534 (33s)
it 202/500 main_r=+0.085 kl=0.816 beta=0.109 exp_r=-0.250 exp_wr_vs_main=0.00 m=1413 e=507 (34s)
it 203/500 main_r=+0.290 kl=0.883 beta=0.109 exp_r=-0.211 exp_wr_vs_main=0.02 m=1511 e=516 (35s)
it 204/500 main_r=+0.188 kl=1.007 beta=0.108 exp_r=-0.297 exp_wr_vs_main=0.02 m=1402 e=535 (33s)
it 205/500 main_r=+0.152 kl=0.901 beta=0.108 exp_r=-0.176 exp_wr_vs_main=0.02 m=1392 e=474 (28s)
it 206/500 main_r=+0.202 kl=0.856 beta=0.108 exp_r=-0.451 exp_wr_vs_main=0.02 m=1303 e=477 (32s)
it 207/500 main_r=+0.164 kl=0.892 beta=0.107 exp_r=-0.213 exp_wr_vs_main=0.02 m=1471 e=471 (35s)
it 208/500 main_r=+0.308 kl=0.870 beta=0.107 exp_r=-0.299 exp_wr_vs_main=0.00 m=1535 e=493 (33s)
it 209/500 main_r=+0.171 kl=0.949 beta=0.107 exp_r=-0.163 exp_wr_vs_main=0.00 m=1517 e=546 (34s)
it 210/500 main_r=+0.193 kl=0.893 beta=0.106 exp_r=-0.175 exp_wr_vs_main=0.00 m=1532 e=488 (34s)
it 211/500 main_r=+0.199 kl=0.921 beta=0.106 exp_r=-0.353 exp_wr_vs_main=0.02 m=1591 e=465 (37s)
it 212/500 main_r=+0.082 kl=0.993 beta=0.106 exp_r=-0.350 exp_wr_vs_main=0.03 m=1553 e=499 (33s)
it 213/500 main_r=+0.312 kl=0.875 beta=0.105 exp_r=-0.603 exp_wr_vs_main=0.03 m=1396 e=459 (30s)
it 214/500 main_r=+0.098 kl=0.940 beta=0.105 exp_r=-0.398 exp_wr_vs_main=0.03 m=1507 e=459 (30s)
it 215/500 main_r=+0.385 kl=0.949 beta=0.105 exp_r=-0.192 exp_wr_vs_main=0.05 m=1426 e=482 (37s)
it 216/500 main_r=+0.170 kl=0.957 beta=0.105 exp_r=-0.295 exp_wr_vs_main=0.03 m=1362 e=471 (32s)
it 217/500 main_r=+0.202 kl=1.056 beta=0.104 exp_r=-0.353 exp_wr_vs_main=0.02 m=1447 e=481 (31s)
it 218/500 main_r=+0.147 kl=0.971 beta=0.104 exp_r=-0.289 exp_wr_vs_main=0.03 m=1357 e=422 (29s)
it 219/500 main_r=+0.129 kl=1.004 beta=0.104 exp_r=-0.372 exp_wr_vs_main=0.03 m=1406 e=493 (33s)
it 220/500 main_r=+0.241 kl=0.773 beta=0.103 exp_r=-0.350 exp_wr_vs_main=0.02 m=1489 e=492 (29s)
it 221/500 main_r=+0.268 kl=0.857 beta=0.103 exp_r=-0.482 exp_wr_vs_main=0.02 m=1309 e=451 (26s)
it 222/500 main_r=+0.036 kl=0.974 beta=0.103 exp_r=-0.622 exp_wr_vs_main=0.02 m=1444 e=440 (31s)
it 223/500 main_r=+0.403 kl=1.005 beta=0.102 exp_r=-0.433 exp_wr_vs_main=0.00 m=1261 e=459 (29s)
it 224/500 main_r=+0.084 kl=0.885 beta=0.102 exp_r=-0.454 exp_wr_vs_main=0.00 m=1602 e=480 (35s)
it 225/500 main_r=+0.225 kl=0.892 beta=0.102 exp_r=-0.376 exp_wr_vs_main=0.02 m=1406 e=423 (30s)
  saved -> /root/mahjong/ckpt/rl_league_ladchun_lowkl.pkl
it 226/500 main_r=+0.234 kl=0.821 beta=0.101 exp_r=-0.154 exp_wr_vs_main=0.02 m=1467 e=569 (38s)
it 227/500 main_r=+0.169 kl=0.875 beta=0.101 exp_r=-0.278 exp_wr_vs_main=0.02 m=1497 e=494 (38s)
it 228/500 main_r=+0.098 kl=0.941 beta=0.101 exp_r=-0.407 exp_wr_vs_main=0.02 m=1475 e=526 (34s)
it 229/500 main_r=+0.340 kl=0.830 beta=0.101 exp_r=-0.412 exp_wr_vs_main=0.02 m=1458 e=491 (31s)
it 230/500 main_r=+0.270 kl=0.845 beta=0.100 exp_r=-0.093 exp_wr_vs_main=0.03 m=1376 e=495 (29s)
it 231/500 main_r=+0.135 kl=0.990 beta=0.100 exp_r=-0.391 exp_wr_vs_main=0.03 m=1441 e=480 (31s)
it 232/500 main_r=+0.191 kl=0.882 beta=0.100 exp_r=-0.269 exp_wr_vs_main=0.03 m=1423 e=512 (31s)
it 233/500 main_r=+0.289 kl=0.797 beta=0.099 exp_r=-0.291 exp_wr_vs_main=0.03 m=1428 e=511 (33s)
it 234/500 main_r=+0.217 kl=0.875 beta=0.099 exp_r=-0.188 exp_wr_vs_main=0.03 m=1357 e=535 (36s)
it 235/500 main_r=+0.185 kl=0.893 beta=0.099 exp_r=-0.375 exp_wr_vs_main=0.00 m=1453 e=514 (39s)
it 236/500 main_r=+0.176 kl=0.918 beta=0.098 exp_r=-0.259 exp_wr_vs_main=0.00 m=1518 e=445 (34s)
it 237/500 main_r=+0.180 kl=0.797 beta=0.098 exp_r=-0.327 exp_wr_vs_main=0.00 m=1419 e=489 (32s)
it 238/500 main_r=+0.260 kl=0.899 beta=0.098 exp_r=-0.582 exp_wr_vs_main=0.00 m=1503 e=420 (37s)
it 239/500 main_r=+0.086 kl=0.881 beta=0.098 exp_r=-0.276 exp_wr_vs_main=0.00 m=1294 e=585 (36s)
it 240/500 main_r=+0.127 kl=0.785 beta=0.097 exp_r=-0.380 exp_wr_vs_main=0.00 m=1364 e=488 (29s)
it 241/500 main_r=+0.039 kl=0.840 beta=0.097 exp_r=-0.366 exp_wr_vs_main=0.00 m=1474 e=450 (35s)
it 242/500 main_r=+0.141 kl=0.863 beta=0.097 exp_r=-0.423 exp_wr_vs_main=0.00 m=1479 e=469 (32s)
it 243/500 main_r=+0.367 kl=0.876 beta=0.096 exp_r=-0.459 exp_wr_vs_main=0.00 m=1460 e=488 (31s)
it 244/500 main_r=+0.075 kl=0.817 beta=0.096 exp_r=-0.169 exp_wr_vs_main=0.00 m=1567 e=576 (39s)
it 245/500 main_r=+0.238 kl=0.883 beta=0.096 exp_r=-0.187 exp_wr_vs_main=0.00 m=1418 e=505 (31s)
it 246/500 main_r=+0.188 kl=0.909 beta=0.096 exp_r=-0.522 exp_wr_vs_main=0.00 m=1280 e=485 (29s)
it 247/500 main_r=-0.003 kl=1.025 beta=0.095 exp_r=-0.355 exp_wr_vs_main=0.00 m=1430 e=517 (29s)
it 248/500 main_r=+0.340 kl=0.878 beta=0.095 exp_r=-0.316 exp_wr_vs_main=0.00 m=1482 e=459 (30s)
it 249/500 main_r=+0.096 kl=1.008 beta=0.095 exp_r=-0.434 exp_wr_vs_main=0.00 m=1435 e=509 (32s)
it 250/500 main_r=+0.240 kl=0.893 beta=0.094 exp_r=-0.270 exp_wr_vs_main=0.00 m=1537 e=465 (32s)
  saved -> /root/mahjong/ckpt/rl_league_ladchun_lowkl.pkl
it 251/500 main_r=+0.127 kl=0.958 beta=0.094 exp_r=-0.354 exp_wr_vs_main=0.00 m=1388 e=491 (35s)
it 252/500 main_r=+0.135 kl=0.905 beta=0.094 exp_r=-0.176 exp_wr_vs_main=0.00 m=1433 e=522 (33s)
it 253/500 main_r=+0.156 kl=0.790 beta=0.094 exp_r=-0.575 exp_wr_vs_main=0.00 m=1381 e=458 (32s)
it 254/500 main_r=+0.158 kl=0.950 beta=0.093 exp_r=-0.447 exp_wr_vs_main=0.00 m=1434 e=480 (29s)
it 255/500 main_r=+0.321 kl=0.890 beta=0.093 exp_r=-0.204 exp_wr_vs_main=0.00 m=1420 e=567 (35s)
it 256/500 main_r=+0.205 kl=1.039 beta=0.093 exp_r=-0.391 exp_wr_vs_main=0.00 m=1559 e=470 (32s)
it 257/500 main_r=+0.094 kl=1.102 beta=0.092 exp_r=-0.272 exp_wr_vs_main=0.00 m=1351 e=465 (30s)
it 258/500 main_r=+0.141 kl=0.900 beta=0.092 exp_r=-0.324 exp_wr_vs_main=0.00 m=1367 e=465 (29s)
it 259/500 main_r=+0.335 kl=0.942 beta=0.092 exp_r=-0.187 exp_wr_vs_main=0.02 m=1303 e=484 (29s)
it 260/500 main_r=+0.231 kl=0.814 beta=0.092 exp_r=-0.520 exp_wr_vs_main=0.02 m=1453 e=536 (31s)
it 261/500 main_r=+0.252 kl=0.944 beta=0.091 exp_r=-0.256 exp_wr_vs_main=0.02 m=1431 e=469 (33s)
it 262/500 main_r=+0.263 kl=1.007 beta=0.091 exp_r=-0.291 exp_wr_vs_main=0.02 m=1407 e=480 (31s)
it 263/500 main_r=+0.039 kl=1.027 beta=0.091 exp_r=-0.509 exp_wr_vs_main=0.02 m=1440 e=468 (32s)
it 264/500 main_r=+0.144 kl=1.012 beta=0.090 exp_r=-0.250 exp_wr_vs_main=0.00 m=1300 e=504 (30s)
it 265/500 main_r=+0.213 kl=0.782 beta=0.090 exp_r=-0.128 exp_wr_vs_main=0.00 m=1323 e=551 (32s)
it 266/500 main_r=+0.189 kl=1.033 beta=0.090 exp_r=-0.238 exp_wr_vs_main=0.00 m=1272 e=533 (32s)
it 267/500 main_r=+0.033 kl=0.981 beta=0.090 exp_r=-0.317 exp_wr_vs_main=0.00 m=1373 e=553 (30s)
it 268/500 main_r=+0.259 kl=0.951 beta=0.089 exp_r=-0.375 exp_wr_vs_main=0.00 m=1391 e=503 (30s)
it 269/500 main_r=+0.078 kl=0.970 beta=0.089 exp_r=-0.150 exp_wr_vs_main=0.02 m=1434 e=511 (37s)
it 270/500 main_r=+0.239 kl=0.874 beta=0.089 exp_r=-0.344 exp_wr_vs_main=0.02 m=1444 e=508 (32s)
it 271/500 main_r=+0.186 kl=0.907 beta=0.089 exp_r=-0.216 exp_wr_vs_main=0.02 m=1462 e=538 (37s)
it 272/500 main_r=+0.078 kl=0.981 beta=0.088 exp_r=-0.122 exp_wr_vs_main=0.05 m=1431 e=465 (30s)
it 273/500 main_r=+0.004 kl=0.922 beta=0.088 exp_r=-0.185 exp_wr_vs_main=0.05 m=1485 e=508 (34s)
it 274/500 main_r=+0.289 kl=0.870 beta=0.088 exp_r=-0.158 exp_wr_vs_main=0.03 m=1485 e=514 (34s)
it 275/500 main_r=+0.164 kl=0.935 beta=0.088 exp_r=-0.279 exp_wr_vs_main=0.03 m=1376 e=525 (32s)
  saved -> /root/mahjong/ckpt/rl_league_ladchun_lowkl.pkl
it 276/500 main_r=+0.335 kl=0.924 beta=0.087 exp_r=-0.352 exp_wr_vs_main=0.03 m=1505 e=513 (35s)
it 277/500 main_r=-0.122 kl=1.075 beta=0.087 exp_r=-0.279 exp_wr_vs_main=0.00 m=1484 e=440 (34s)
it 278/500 main_r=+0.330 kl=0.929 beta=0.087 exp_r=-0.169 exp_wr_vs_main=0.00 m=1451 e=591 (33s)
it 279/500 main_r=+0.296 kl=0.986 beta=0.086 exp_r=-0.233 exp_wr_vs_main=0.00 m=1316 e=502 (31s)
it 280/500 main_r=-0.058 kl=1.072 beta=0.086 exp_r=-0.309 exp_wr_vs_main=0.00 m=1450 e=519 (34s)
it 281/500 main_r=-0.024 kl=0.955 beta=0.086 exp_r=-0.226 exp_wr_vs_main=0.00 m=1497 e=545 (34s)
it 282/500 main_r=+0.267 kl=0.869 beta=0.086 exp_r=-0.350 exp_wr_vs_main=0.00 m=1392 e=475 (31s)
it 283/500 main_r=+0.024 kl=1.024 beta=0.085 exp_r=-0.217 exp_wr_vs_main=0.00 m=1609 e=571 (35s)
it 284/500 main_r=+0.246 kl=0.930 beta=0.085 exp_r=-0.128 exp_wr_vs_main=0.03 m=1432 e=505 (33s)
it 285/500 main_r=+0.006 kl=0.863 beta=0.085 exp_r=-0.367 exp_wr_vs_main=0.03 m=1312 e=484 (30s)
it 286/500 main_r=+0.208 kl=0.956 beta=0.085 exp_r=-0.179 exp_wr_vs_main=0.03 m=1392 e=505 (29s)
it 287/500 main_r=+0.355 kl=0.946 beta=0.084 exp_r=-0.513 exp_wr_vs_main=0.03 m=1568 e=524 (33s)
it 288/500 main_r=+0.173 kl=0.893 beta=0.084 exp_r=-0.371 exp_wr_vs_main=0.03 m=1530 e=449 (31s)
it 289/500 main_r=+0.172 kl=0.935 beta=0.084 exp_r=-0.349 exp_wr_vs_main=0.00 m=1397 e=444 (29s)
it 290/500 main_r=-0.010 kl=0.922 beta=0.084 exp_r=-0.474 exp_wr_vs_main=0.00 m=1459 e=515 (31s)
it 291/500 main_r=+0.140 kl=1.122 beta=0.083 exp_r=-0.515 exp_wr_vs_main=0.00 m=1480 e=438 (30s)
it 292/500 main_r=+0.257 kl=0.932 beta=0.083 exp_r=-0.218 exp_wr_vs_main=0.00 m=1474 e=501 (31s)
it 293/500 main_r=+0.007 kl=0.978 beta=0.083 exp_r=-0.047 exp_wr_vs_main=0.00 m=1397 e=621 (39s)
it 294/500 main_r=+0.289 kl=0.910 beta=0.083 exp_r=-0.697 exp_wr_vs_main=0.00 m=1455 e=469 (32s)
it 295/500 main_r=+0.058 kl=0.836 beta=0.082 exp_r=-0.250 exp_wr_vs_main=0.00 m=1431 e=516 (34s)
it 296/500 main_r=+0.091 kl=0.803 beta=0.082 exp_r=-0.523 exp_wr_vs_main=0.00 m=1427 e=554 (36s)
it 297/500 main_r=+0.092 kl=0.998 beta=0.082 exp_r=-0.322 exp_wr_vs_main=0.00 m=1381 e=459 (32s)
it 298/500 main_r=+0.162 kl=0.822 beta=0.082 exp_r=-0.276 exp_wr_vs_main=0.00 m=1255 e=548 (30s)
it 299/500 main_r=+0.091 kl=0.934 beta=0.081 exp_r=-0.414 exp_wr_vs_main=0.00 m=1377 e=484 (30s)
it 300/500 main_r=+0.264 kl=0.881 beta=0.081 exp_r=-0.297 exp_wr_vs_main=0.00 m=1415 e=499 (34s)
  saved -> /root/mahjong/ckpt/rl_league_ladchun_lowkl.pkl
it 301/500 main_r=+0.053 kl=0.869 beta=0.081 exp_r=-0.445 exp_wr_vs_main=0.00 m=1415 e=505 (36s)
it 302/500 main_r=+0.110 kl=0.956 beta=0.081 exp_r=-0.379 exp_wr_vs_main=0.00 m=1419 e=483 (31s)
it 303/500 main_r=+0.071 kl=0.865 beta=0.080 exp_r=-0.552 exp_wr_vs_main=0.00 m=1441 e=419 (28s)
it 304/500 main_r=+0.070 kl=0.861 beta=0.080 exp_r=-0.115 exp_wr_vs_main=0.02 m=1415 e=455 (32s)
it 305/500 main_r=+0.137 kl=1.007 beta=0.080 exp_r=-0.393 exp_wr_vs_main=0.02 m=1432 e=439 (33s)
it 306/500 main_r=+0.034 kl=0.835 beta=0.080 exp_r=-0.312 exp_wr_vs_main=0.02 m=1443 e=490 (34s)
it 307/500 main_r=+0.230 kl=0.968 beta=0.080 exp_r=-0.306 exp_wr_vs_main=0.02 m=1421 e=472 (31s)
it 308/500 main_r=+0.152 kl=0.972 beta=0.079 exp_r=-0.453 exp_wr_vs_main=0.02 m=1341 e=426 (27s)
it 309/500 main_r=+0.168 kl=0.912 beta=0.079 exp_r=-0.393 exp_wr_vs_main=0.00 m=1262 e=490 (30s)
it 310/500 main_r=+0.269 kl=1.058 beta=0.079 exp_r=-0.447 exp_wr_vs_main=0.00 m=1355 e=542 (31s)
it 311/500 main_r=+0.142 kl=0.971 beta=0.079 exp_r=-0.319 exp_wr_vs_main=0.00 m=1312 e=518 (31s)
it 312/500 main_r=+0.070 kl=0.909 beta=0.078 exp_r=-0.431 exp_wr_vs_main=0.00 m=1513 e=451 (30s)
it 313/500 main_r=+0.212 kl=1.006 beta=0.078 exp_r=-0.153 exp_wr_vs_main=0.00 m=1276 e=572 (30s)
it 314/500 main_r=+0.003 kl=0.999 beta=0.078 exp_r=-0.318 exp_wr_vs_main=0.00 m=1413 e=496 (30s)
it 315/500 main_r=+0.100 kl=1.088 beta=0.078 exp_r=-0.497 exp_wr_vs_main=0.00 m=1362 e=396 (27s)
it 316/500 main_r=+0.069 kl=0.942 beta=0.077 exp_r=-0.396 exp_wr_vs_main=0.00 m=1482 e=481 (35s)
it 317/500 main_r=+0.163 kl=0.908 beta=0.077 exp_r=-0.247 exp_wr_vs_main=0.00 m=1386 e=477 (28s)
it 318/500 main_r=+0.090 kl=1.039 beta=0.077 exp_r=-0.312 exp_wr_vs_main=0.00 m=1368 e=493 (28s)
it 319/500 main_r=-0.011 kl=0.965 beta=0.077 exp_r=-0.329 exp_wr_vs_main=0.00 m=1206 e=496 (29s)
it 320/500 main_r=-0.051 kl=1.067 beta=0.076 exp_r=-0.298 exp_wr_vs_main=0.02 m=1427 e=507 (34s)
it 321/500 main_r=-0.046 kl=0.987 beta=0.076 exp_r=-0.433 exp_wr_vs_main=0.02 m=1472 e=458 (30s)
it 322/500 main_r=+0.122 kl=1.006 beta=0.076 exp_r=-0.500 exp_wr_vs_main=0.03 m=1409 e=427 (28s)
it 323/500 main_r=+0.288 kl=0.971 beta=0.076 exp_r=-0.185 exp_wr_vs_main=0.03 m=1373 e=555 (32s)
it 324/500 main_r=+0.042 kl=1.139 beta=0.076 exp_r=-0.484 exp_wr_vs_main=0.03 m=1471 e=528 (32s)
it 325/500 main_r=-0.035 kl=1.024 beta=0.075 exp_r=-0.280 exp_wr_vs_main=0.02 m=1445 e=509 (31s)
  saved -> /root/mahjong/ckpt/rl_league_ladchun_lowkl.pkl
it 326/500 main_r=+0.208 kl=0.938 beta=0.075 exp_r=-0.315 exp_wr_vs_main=0.02 m=1374 e=510 (30s)
it 327/500 main_r=+0.085 kl=0.901 beta=0.075 exp_r=-0.330 exp_wr_vs_main=0.00 m=1309 e=522 (36s)
it 328/500 main_r=+0.220 kl=1.063 beta=0.075 exp_r=-0.498 exp_wr_vs_main=0.00 m=1440 e=502 (36s)
it 329/500 main_r=+0.042 kl=0.862 beta=0.074 exp_r=-0.431 exp_wr_vs_main=0.00 m=1450 e=457 (33s)
it 330/500 main_r=+0.110 kl=0.975 beta=0.074 exp_r=-0.384 exp_wr_vs_main=0.00 m=1453 e=513 (33s)
it 331/500 main_r=+0.209 kl=0.941 beta=0.074 exp_r=-0.421 exp_wr_vs_main=0.00 m=1438 e=479 (34s)
it 332/500 main_r=+0.197 kl=1.083 beta=0.074 exp_r=-0.315 exp_wr_vs_main=0.00 m=1403 e=475 (32s)
it 333/500 main_r=+0.168 kl=1.007 beta=0.074 exp_r=-0.060 exp_wr_vs_main=0.02 m=1229 e=562 (31s)
it 334/500 main_r=+0.230 kl=0.861 beta=0.073 exp_r=-0.173 exp_wr_vs_main=0.02 m=1395 e=515 (30s)
it 335/500 main_r=+0.104 kl=0.969 beta=0.073 exp_r=-0.405 exp_wr_vs_main=0.02 m=1401 e=458 (31s)
it 336/500 main_r=+0.051 kl=1.086 beta=0.073 exp_r=-0.205 exp_wr_vs_main=0.03 m=1405 e=545 (32s)
it 337/500 main_r=+0.193 kl=0.901 beta=0.073 exp_r=-0.303 exp_wr_vs_main=0.03 m=1302 e=493 (32s)
it 338/500 main_r=+0.172 kl=0.846 beta=0.072 exp_r=-0.241 exp_wr_vs_main=0.02 m=1332 e=575 (33s)
it 339/500 main_r=+0.133 kl=0.903 beta=0.072 exp_r=-0.551 exp_wr_vs_main=0.02 m=1447 e=483 (32s)
it 340/500 main_r=+0.182 kl=0.861 beta=0.072 exp_r=-0.163 exp_wr_vs_main=0.03 m=1384 e=403 (30s)
it 341/500 main_r=+0.117 kl=0.897 beta=0.072 exp_r=-0.491 exp_wr_vs_main=0.03 m=1302 e=460 (28s)
it 342/500 main_r=+0.182 kl=1.072 beta=0.072 exp_r=-0.477 exp_wr_vs_main=0.03 m=1383 e=507 (33s)
it 343/500 main_r=+0.119 kl=0.944 beta=0.071 exp_r=-0.257 exp_wr_vs_main=0.03 m=1553 e=527 (34s)
it 344/500 main_r=+0.112 kl=1.068 beta=0.071 exp_r=-0.488 exp_wr_vs_main=0.03 m=1425 e=493 (30s)
it 345/500 main_r=+0.045 kl=0.962 beta=0.071 exp_r=-0.463 exp_wr_vs_main=0.02 m=1457 e=462 (32s)
it 346/500 main_r=-0.091 kl=0.911 beta=0.071 exp_r=-0.249 exp_wr_vs_main=0.02 m=1467 e=478 (34s)
it 347/500 main_r=+0.026 kl=0.933 beta=0.071 exp_r=-0.129 exp_wr_vs_main=0.02 m=1400 e=482 (32s)
it 348/500 main_r=+0.188 kl=0.966 beta=0.070 exp_r=-0.328 exp_wr_vs_main=0.02 m=1264 e=499 (30s)
it 349/500 main_r=+0.044 kl=0.937 beta=0.070 exp_r=-0.240 exp_wr_vs_main=0.02 m=1338 e=470 (29s)
it 350/500 main_r=+0.252 kl=0.923 beta=0.070 exp_r=-0.412 exp_wr_vs_main=0.02 m=1375 e=518 (33s)
  saved -> /root/mahjong/ckpt/rl_league_ladchun_lowkl.pkl
it 351/500 main_r=+0.052 kl=0.943 beta=0.070 exp_r=-0.309 exp_wr_vs_main=0.00 m=1518 e=504 (33s)
it 352/500 main_r=+0.100 kl=0.944 beta=0.069 exp_r=-0.489 exp_wr_vs_main=0.00 m=1363 e=476 (29s)
it 353/500 main_r=+0.248 kl=0.872 beta=0.069 exp_r=-0.409 exp_wr_vs_main=0.00 m=1176 e=437 (31s)
it 354/500 main_r=+0.095 kl=0.871 beta=0.069 exp_r=-0.237 exp_wr_vs_main=0.00 m=1284 e=492 (29s)
it 355/500 main_r=+0.403 kl=0.881 beta=0.069 exp_r=-0.384 exp_wr_vs_main=0.00 m=1436 e=480 (30s)
it 356/500 main_r=+0.122 kl=0.845 beta=0.069 exp_r=-0.445 exp_wr_vs_main=0.00 m=1302 e=552 (30s)
it 357/500 main_r=+0.192 kl=0.829 beta=0.068 exp_r=-0.450 exp_wr_vs_main=0.00 m=1329 e=505 (30s)
it 358/500 main_r=+0.078 kl=0.993 beta=0.068 exp_r=-0.275 exp_wr_vs_main=0.00 m=1451 e=463 (36s)
it 359/500 main_r=+0.199 kl=0.933 beta=0.068 exp_r=-0.339 exp_wr_vs_main=0.00 m=1318 e=521 (33s)
it 360/500 main_r=+0.217 kl=1.004 beta=0.068 exp_r=-0.235 exp_wr_vs_main=0.00 m=1478 e=532 (35s)
it 361/500 main_r=+0.171 kl=0.904 beta=0.068 exp_r=-0.509 exp_wr_vs_main=0.00 m=1483 e=500 (31s)
it 362/500 main_r=+0.249 kl=1.019 beta=0.067 exp_r=-0.198 exp_wr_vs_main=0.00 m=1437 e=546 (37s)
it 363/500 main_r=+0.151 kl=0.843 beta=0.067 exp_r=-0.426 exp_wr_vs_main=0.00 m=1456 e=456 (32s)
it 364/500 main_r=+0.200 kl=0.971 beta=0.067 exp_r=-0.347 exp_wr_vs_main=0.00 m=1296 e=465 (27s)
it 365/500 main_r=+0.170 kl=0.847 beta=0.067 exp_r=-0.329 exp_wr_vs_main=0.00 m=1388 e=504 (30s)
it 366/500 main_r=+0.163 kl=0.888 beta=0.067 exp_r=-0.222 exp_wr_vs_main=0.02 m=1460 e=520 (37s)
it 367/500 main_r=+0.136 kl=0.803 beta=0.066 exp_r=-0.495 exp_wr_vs_main=0.02 m=1256 e=488 (30s)
it 368/500 main_r=+0.217 kl=0.983 beta=0.066 exp_r=-0.293 exp_wr_vs_main=0.02 m=1559 e=504 (36s)
it 369/500 main_r=+0.288 kl=0.840 beta=0.066 exp_r=-0.429 exp_wr_vs_main=0.02 m=1354 e=407 (30s)
it 370/500 main_r=+0.160 kl=1.001 beta=0.066 exp_r=-0.290 exp_wr_vs_main=0.03 m=1290 e=517 (31s)
it 371/500 main_r=+0.022 kl=0.918 beta=0.066 exp_r=-0.180 exp_wr_vs_main=0.02 m=1349 e=503 (35s)
it 372/500 main_r=+0.112 kl=0.852 beta=0.065 exp_r=-0.445 exp_wr_vs_main=0.02 m=1334 e=442 (30s)
it 373/500 main_r=+0.217 kl=0.823 beta=0.065 exp_r=-0.635 exp_wr_vs_main=0.02 m=1337 e=519 (33s)
it 374/500 main_r=+0.172 kl=0.771 beta=0.065 exp_r=-0.418 exp_wr_vs_main=0.02 m=1236 e=443 (29s)
it 375/500 main_r=+0.022 kl=0.932 beta=0.065 exp_r=-0.272 exp_wr_vs_main=0.00 m=1279 e=488 (28s)
  saved -> /root/mahjong/ckpt/rl_league_ladchun_lowkl.pkl
it 376/500 main_r=+0.009 kl=1.017 beta=0.065 exp_r=-0.201 exp_wr_vs_main=0.02 m=1368 e=487 (28s)
it 377/500 main_r=+0.202 kl=0.845 beta=0.064 exp_r=-0.364 exp_wr_vs_main=0.02 m=1311 e=454 (28s)
it 378/500 main_r=+0.185 kl=0.898 beta=0.064 exp_r=-0.386 exp_wr_vs_main=0.02 m=1460 e=522 (32s)
it 379/500 main_r=+0.201 kl=0.825 beta=0.064 exp_r=-0.339 exp_wr_vs_main=0.02 m=1336 e=525 (32s)
it 380/500 main_r=+0.390 kl=0.964 beta=0.064 exp_r=-0.232 exp_wr_vs_main=0.02 m=1326 e=523 (32s)
it 381/500 main_r=+0.212 kl=0.901 beta=0.064 exp_r=-0.192 exp_wr_vs_main=0.00 m=1357 e=504 (31s)
it 382/500 main_r=+0.015 kl=1.009 beta=0.063 exp_r=-0.139 exp_wr_vs_main=0.00 m=1415 e=522 (32s)
it 383/500 main_r=+0.456 kl=0.977 beta=0.063 exp_r=-0.256 exp_wr_vs_main=0.00 m=1382 e=530 (32s)
it 384/500 main_r=+0.116 kl=1.047 beta=0.063 exp_r=-0.255 exp_wr_vs_main=0.00 m=1532 e=502 (35s)
it 385/500 main_r=+0.022 kl=0.970 beta=0.063 exp_r=-0.397 exp_wr_vs_main=0.00 m=1373 e=444 (33s)
it 386/500 main_r=+0.072 kl=1.042 beta=0.063 exp_r=-0.255 exp_wr_vs_main=0.00 m=1448 e=505 (39s)
it 387/500 main_r=+0.250 kl=0.879 beta=0.063 exp_r=-0.448 exp_wr_vs_main=0.00 m=1333 e=452 (30s)
it 388/500 main_r=+0.135 kl=0.923 beta=0.062 exp_r=-0.496 exp_wr_vs_main=0.00 m=1366 e=474 (30s)
it 389/500 main_r=+0.104 kl=0.949 beta=0.062 exp_r=-0.284 exp_wr_vs_main=0.00 m=1387 e=456 (26s)
it 390/500 main_r=-0.060 kl=0.903 beta=0.062 exp_r=-0.316 exp_wr_vs_main=0.00 m=1534 e=494 (35s)
it 391/500 main_r=+0.220 kl=0.920 beta=0.062 exp_r=-0.417 exp_wr_vs_main=0.00 m=1427 e=444 (31s)
it 392/500 main_r=+0.175 kl=0.884 beta=0.062 exp_r=-0.349 exp_wr_vs_main=0.00 m=1374 e=446 (27s)
it 393/500 main_r=+0.083 kl=0.839 beta=0.061 exp_r=-0.203 exp_wr_vs_main=0.02 m=1305 e=523 (34s)
it 394/500 main_r=+0.180 kl=0.976 beta=0.061 exp_r=-0.249 exp_wr_vs_main=0.02 m=1430 e=536 (36s)
it 395/500 main_r=+0.131 kl=0.905 beta=0.061 exp_r=-0.219 exp_wr_vs_main=0.02 m=1432 e=544 (33s)
it 396/500 main_r=+0.183 kl=0.918 beta=0.061 exp_r=-0.294 exp_wr_vs_main=0.02 m=1445 e=510 (31s)
it 397/500 main_r=+0.026 kl=0.989 beta=0.061 exp_r=-0.430 exp_wr_vs_main=0.02 m=1452 e=547 (34s)
it 398/500 main_r=+0.165 kl=0.905 beta=0.060 exp_r=-0.395 exp_wr_vs_main=0.00 m=1245 e=467 (28s)
it 399/500 main_r=+0.282 kl=1.015 beta=0.060 exp_r=-0.244 exp_wr_vs_main=0.00 m=1233 e=490 (29s)
it 400/500 main_r=+0.275 kl=1.153 beta=0.060 exp_r=-0.644 exp_wr_vs_main=0.00 m=1352 e=450 (30s)
  saved -> /root/mahjong/ckpt/rl_league_ladchun_lowkl.pkl
it 401/500 main_r=+0.197 kl=0.944 beta=0.060 exp_r=-0.237 exp_wr_vs_main=0.00 m=1390 e=489 (33s)
it 402/500 main_r=+0.186 kl=1.068 beta=0.060 exp_r=-0.108 exp_wr_vs_main=0.00 m=1406 e=510 (32s)
it 403/500 main_r=+0.092 kl=1.142 beta=0.060 exp_r=-0.328 exp_wr_vs_main=0.02 m=1403 e=502 (33s)
it 404/500 main_r=-0.038 kl=1.023 beta=0.059 exp_r=-0.426 exp_wr_vs_main=0.03 m=1438 e=459 (30s)
it 405/500 main_r=+0.230 kl=1.113 beta=0.059 exp_r=-0.288 exp_wr_vs_main=0.05 m=1592 e=503 (33s)
it 406/500 main_r=+0.153 kl=1.070 beta=0.059 exp_r=-0.222 exp_wr_vs_main=0.05 m=1334 e=499 (29s)
it 407/500 main_r=+0.040 kl=1.101 beta=0.059 exp_r=-0.437 exp_wr_vs_main=0.05 m=1235 e=526 (30s)
it 408/500 main_r=+0.122 kl=1.057 beta=0.059 exp_r=-0.092 exp_wr_vs_main=0.03 m=1435 e=548 (33s)
it 409/500 main_r=+0.160 kl=1.003 beta=0.059 exp_r=-0.205 exp_wr_vs_main=0.02 m=1476 e=515 (34s)
it 410/500 main_r=+0.163 kl=1.041 beta=0.058 exp_r=-0.439 exp_wr_vs_main=0.00 m=1444 e=543 (36s)
it 411/500 main_r=-0.057 kl=0.930 beta=0.058 exp_r=-0.120 exp_wr_vs_main=0.00 m=1308 e=538 (30s)
it 412/500 main_r=-0.128 kl=0.965 beta=0.058 exp_r=-0.415 exp_wr_vs_main=0.00 m=1434 e=443 (33s)
it 413/500 main_r=+0.039 kl=0.950 beta=0.058 exp_r=-0.227 exp_wr_vs_main=0.00 m=1331 e=541 (33s)
it 414/500 main_r=-0.073 kl=1.135 beta=0.058 exp_r=-0.442 exp_wr_vs_main=0.00 m=1353 e=470 (33s)
it 415/500 main_r=+0.146 kl=0.958 beta=0.057 exp_r=-0.273 exp_wr_vs_main=0.00 m=1342 e=581 (41s)
it 416/500 main_r=+0.106 kl=0.941 beta=0.057 exp_r=-0.504 exp_wr_vs_main=0.00 m=1410 e=519 (40s)
it 417/500 main_r=+0.076 kl=0.998 beta=0.057 exp_r=-0.237 exp_wr_vs_main=0.00 m=1365 e=458 (32s)
it 418/500 main_r=+0.148 kl=1.022 beta=0.057 exp_r=-0.695 exp_wr_vs_main=0.00 m=1210 e=427 (27s)
it 419/500 main_r=+0.296 kl=0.918 beta=0.057 exp_r=-0.144 exp_wr_vs_main=0.00 m=1217 e=529 (31s)
it 420/500 main_r=+0.164 kl=0.917 beta=0.057 exp_r=-0.267 exp_wr_vs_main=0.00 m=1477 e=537 (34s)
it 421/500 main_r=-0.044 kl=1.018 beta=0.056 exp_r=-0.398 exp_wr_vs_main=0.00 m=1379 e=484 (30s)
it 422/500 main_r=-0.072 kl=0.804 beta=0.056 exp_r=-0.146 exp_wr_vs_main=0.00 m=1301 e=491 (31s)
it 423/500 main_r=+0.152 kl=1.020 beta=0.056 exp_r=-0.224 exp_wr_vs_main=0.00 m=1361 e=496 (27s)
it 424/500 main_r=+0.011 kl=0.942 beta=0.056 exp_r=-0.362 exp_wr_vs_main=0.00 m=1262 e=458 (30s)
it 425/500 main_r=-0.089 kl=1.022 beta=0.056 exp_r=-0.346 exp_wr_vs_main=0.00 m=1393 e=450 (29s)
  saved -> /root/mahjong/ckpt/rl_league_ladchun_lowkl.pkl
it 426/500 main_r=+0.171 kl=0.947 beta=0.056 exp_r=-0.201 exp_wr_vs_main=0.00 m=1353 e=510 (28s)
it 427/500 main_r=+0.024 kl=1.100 beta=0.055 exp_r=-0.213 exp_wr_vs_main=0.00 m=1379 e=526 (31s)
it 428/500 main_r=+0.215 kl=0.934 beta=0.055 exp_r=-0.360 exp_wr_vs_main=0.00 m=1259 e=479 (28s)
it 429/500 main_r=+0.128 kl=1.082 beta=0.055 exp_r=-0.341 exp_wr_vs_main=0.00 m=1407 e=514 (32s)
it 430/500 main_r=+0.101 kl=0.939 beta=0.055 exp_r=-0.119 exp_wr_vs_main=0.00 m=1270 e=535 (34s)
it 431/500 main_r=+0.010 kl=1.078 beta=0.055 exp_r=-0.450 exp_wr_vs_main=0.00 m=1306 e=503 (29s)
it 432/500 main_r=+0.192 kl=1.027 beta=0.055 exp_r=-0.344 exp_wr_vs_main=0.00 m=1309 e=504 (33s)
it 433/500 main_r=+0.242 kl=0.937 beta=0.054 exp_r=-0.339 exp_wr_vs_main=0.00 m=1509 e=500 (33s)
it 434/500 main_r=-0.019 kl=0.954 beta=0.054 exp_r=-0.359 exp_wr_vs_main=0.00 m=1525 e=474 (29s)
it 435/500 main_r=+0.122 kl=0.841 beta=0.054 exp_r=-0.147 exp_wr_vs_main=0.00 m=1487 e=517 (34s)
it 436/500 main_r=+0.231 kl=0.995 beta=0.054 exp_r=-0.456 exp_wr_vs_main=0.02 m=1405 e=511 (31s)
it 437/500 main_r=-0.010 kl=1.153 beta=0.054 exp_r=-0.257 exp_wr_vs_main=0.02 m=1388 e=535 (30s)
it 438/500 main_r=+0.094 kl=0.969 beta=0.054 exp_r=-0.199 exp_wr_vs_main=0.02 m=1301 e=510 (29s)
it 439/500 main_r=+0.055 kl=1.002 beta=0.053 exp_r=-0.364 exp_wr_vs_main=0.02 m=1457 e=485 (31s)
it 440/500 main_r=+0.021 kl=0.899 beta=0.053 exp_r=-0.397 exp_wr_vs_main=0.02 m=1436 e=452 (30s)
it 441/500 main_r=+0.068 kl=0.961 beta=0.053 exp_r=-0.132 exp_wr_vs_main=0.00 m=1390 e=563 (33s)
it 442/500 main_r=+0.155 kl=1.049 beta=0.053 exp_r=-0.205 exp_wr_vs_main=0.00 m=1360 e=474 (31s)
it 443/500 main_r=+0.031 kl=0.883 beta=0.053 exp_r=-0.199 exp_wr_vs_main=0.00 m=1428 e=490 (32s)
it 444/500 main_r=+0.060 kl=0.977 beta=0.053 exp_r=-0.397 exp_wr_vs_main=0.00 m=1371 e=487 (31s)
it 445/500 main_r=+0.164 kl=0.940 beta=0.053 exp_r=-0.346 exp_wr_vs_main=0.00 m=1318 e=477 (31s)
it 446/500 main_r=+0.115 kl=0.973 beta=0.052 exp_r=-0.497 exp_wr_vs_main=0.00 m=1466 e=483 (32s)
it 447/500 main_r=+0.129 kl=1.036 beta=0.052 exp_r=-0.399 exp_wr_vs_main=0.00 m=1298 e=474 (28s)
it 448/500 main_r=+0.048 kl=0.821 beta=0.052 exp_r=-0.513 exp_wr_vs_main=0.00 m=1273 e=498 (29s)
it 449/500 main_r=+0.222 kl=0.993 beta=0.052 exp_r=-0.358 exp_wr_vs_main=0.00 m=1488 e=436 (28s)
it 450/500 main_r=+0.146 kl=0.890 beta=0.052 exp_r=-0.370 exp_wr_vs_main=0.00 m=1398 e=455 (32s)
  saved -> /root/mahjong/ckpt/rl_league_ladchun_lowkl.pkl
it 451/500 main_r=+0.096 kl=0.977 beta=0.052 exp_r=-0.469 exp_wr_vs_main=0.00 m=1416 e=410 (25s)
it 452/500 main_r=+0.326 kl=0.851 beta=0.051 exp_r=-0.668 exp_wr_vs_main=0.00 m=1359 e=514 (29s)
it 453/500 main_r=+0.162 kl=1.071 beta=0.051 exp_r=-0.293 exp_wr_vs_main=0.00 m=1480 e=412 (29s)
it 454/500 main_r=+0.289 kl=0.893 beta=0.051 exp_r=-0.423 exp_wr_vs_main=0.00 m=1305 e=427 (28s)
it 455/500 main_r=+0.078 kl=0.837 beta=0.051 exp_r=-0.199 exp_wr_vs_main=0.00 m=1405 e=519 (32s)
it 456/500 main_r=-0.068 kl=1.061 beta=0.051 exp_r=-0.264 exp_wr_vs_main=0.00 m=1296 e=564 (32s)
it 457/500 main_r=+0.082 kl=0.874 beta=0.051 exp_r=-0.312 exp_wr_vs_main=0.00 m=1471 e=476 (30s)
it 458/500 main_r=+0.174 kl=0.923 beta=0.051 exp_r=-0.446 exp_wr_vs_main=0.00 m=1466 e=490 (31s)
it 459/500 main_r=+0.265 kl=1.071 beta=0.050 exp_r=-0.458 exp_wr_vs_main=0.00 m=1372 e=453 (29s)
it 460/500 main_r=-0.136 kl=0.878 beta=0.050 exp_r=-0.331 exp_wr_vs_main=0.00 m=1375 e=499 (31s)
it 461/500 main_r=+0.043 kl=0.997 beta=0.050 exp_r=-0.445 exp_wr_vs_main=0.00 m=1312 e=463 (32s)
it 462/500 main_r=-0.006 kl=1.074 beta=0.050 exp_r=-0.542 exp_wr_vs_main=0.00 m=1528 e=485 (30s)
it 463/500 main_r=+0.241 kl=0.955 beta=0.050 exp_r=-0.361 exp_wr_vs_main=0.00 m=1347 e=460 (30s)
it 464/500 main_r=+0.326 kl=0.985 beta=0.050 exp_r=-0.375 exp_wr_vs_main=0.00 m=1300 e=501 (28s)
it 465/500 main_r=+0.103 kl=1.075 beta=0.049 exp_r=-0.312 exp_wr_vs_main=0.00 m=1394 e=500 (34s)
it 466/500 main_r=-0.101 kl=0.915 beta=0.049 exp_r=-0.545 exp_wr_vs_main=0.00 m=1455 e=389 (28s)
it 467/500 main_r=+0.266 kl=1.109 beta=0.049 exp_r=-0.257 exp_wr_vs_main=0.00 m=1535 e=420 (33s)
it 468/500 main_r=+0.120 kl=0.982 beta=0.049 exp_r=-0.461 exp_wr_vs_main=0.00 m=1222 e=540 (29s)
it 469/500 main_r=+0.107 kl=0.982 beta=0.049 exp_r=-0.322 exp_wr_vs_main=0.00 m=1305 e=472 (27s)
it 470/500 main_r=+0.017 kl=1.001 beta=0.049 exp_r=-0.407 exp_wr_vs_main=0.00 m=1552 e=535 (38s)
it 471/500 main_r=+0.116 kl=0.934 beta=0.049 exp_r=-0.212 exp_wr_vs_main=0.00 m=1457 e=474 (33s)
it 472/500 main_r=+0.240 kl=0.810 beta=0.048 exp_r=-0.840 exp_wr_vs_main=0.00 m=1379 e=434 (32s)
it 473/500 main_r=-0.002 kl=1.063 beta=0.048 exp_r=-0.277 exp_wr_vs_main=0.00 m=1369 e=515 (33s)
it 474/500 main_r=+0.002 kl=1.037 beta=0.048 exp_r=-0.425 exp_wr_vs_main=0.00 m=1486 e=451 (31s)
it 475/500 main_r=+0.094 kl=0.930 beta=0.048 exp_r=-0.402 exp_wr_vs_main=0.00 m=1506 e=423 (32s)
  saved -> /root/mahjong/ckpt/rl_league_ladchun_lowkl.pkl
it 476/500 main_r=+0.094 kl=0.864 beta=0.048 exp_r=-0.407 exp_wr_vs_main=0.00 m=1402 e=428 (29s)
it 477/500 main_r=+0.221 kl=1.094 beta=0.048 exp_r=-0.364 exp_wr_vs_main=0.00 m=1439 e=509 (31s)
it 478/500 main_r=+0.109 kl=1.038 beta=0.048 exp_r=-0.354 exp_wr_vs_main=0.00 m=1351 e=455 (29s)
it 479/500 main_r=+0.061 kl=0.952 beta=0.047 exp_r=-0.251 exp_wr_vs_main=0.02 m=1344 e=510 (32s)
it 480/500 main_r=+0.141 kl=0.926 beta=0.047 exp_r=-0.538 exp_wr_vs_main=0.02 m=1446 e=478 (29s)
it 481/500 main_r=+0.051 kl=0.965 beta=0.047 exp_r=-0.424 exp_wr_vs_main=0.02 m=1555 e=527 (33s)
it 482/500 main_r=+0.005 kl=1.013 beta=0.047 exp_r=-0.185 exp_wr_vs_main=0.02 m=1375 e=464 (32s)
it 483/500 main_r=+0.068 kl=1.125 beta=0.047 exp_r=-0.377 exp_wr_vs_main=0.02 m=1294 e=494 (31s)
it 484/500 main_r=+0.118 kl=0.981 beta=0.047 exp_r=-0.211 exp_wr_vs_main=0.00 m=1329 e=531 (34s)
it 485/500 main_r=+0.129 kl=1.108 beta=0.047 exp_r=-0.493 exp_wr_vs_main=0.00 m=1343 e=464 (29s)
it 486/500 main_r=+0.229 kl=0.949 beta=0.046 exp_r=-0.223 exp_wr_vs_main=0.00 m=1299 e=537 (30s)
it 487/500 main_r=+0.161 kl=1.081 beta=0.046 exp_r=-0.219 exp_wr_vs_main=0.00 m=1445 e=529 (34s)
it 488/500 main_r=+0.124 kl=0.852 beta=0.046 exp_r=-0.685 exp_wr_vs_main=0.00 m=1438 e=453 (31s)
it 489/500 main_r=+0.166 kl=1.045 beta=0.046 exp_r=-0.456 exp_wr_vs_main=0.00 m=1388 e=449 (32s)
it 490/500 main_r=+0.079 kl=1.026 beta=0.046 exp_r=-0.528 exp_wr_vs_main=0.00 m=1435 e=410 (30s)
it 491/500 main_r=-0.112 kl=1.195 beta=0.046 exp_r=-0.419 exp_wr_vs_main=0.00 m=1336 e=501 (29s)
it 492/500 main_r=+0.027 kl=1.103 beta=0.046 exp_r=-0.250 exp_wr_vs_main=0.00 m=1362 e=511 (30s)
it 493/500 main_r=+0.045 kl=1.122 beta=0.045 exp_r=-0.265 exp_wr_vs_main=0.02 m=1279 e=468 (32s)
it 494/500 main_r=+0.183 kl=1.129 beta=0.045 exp_r=-0.356 exp_wr_vs_main=0.02 m=1416 e=429 (31s)
it 495/500 main_r=+0.254 kl=0.924 beta=0.045 exp_r=-0.229 exp_wr_vs_main=0.02 m=1476 e=499 (33s)
it 496/500 main_r=+0.061 kl=1.027 beta=0.045 exp_r=-0.287 exp_wr_vs_main=0.02 m=1473 e=556 (31s)
it 497/500 main_r=+0.112 kl=1.075 beta=0.045 exp_r=-0.212 exp_wr_vs_main=0.02 m=1384 e=482 (30s)
it 498/500 main_r=-0.068 kl=1.101 beta=0.045 exp_r=-0.263 exp_wr_vs_main=0.00 m=1358 e=536 (29s)
it 499/500 main_r=+0.139 kl=1.126 beta=0.045 exp_r=-0.367 exp_wr_vs_main=0.00 m=1426 e=472 (29s)
it 500/500 main_r=+0.167 kl=0.991 beta=0.045 exp_r=-0.147 exp_wr_vs_main=0.00 m=1211 e=558 (31s)
  saved -> /root/mahjong/ckpt/rl_league_ladchun_lowkl.pkl
DONE
